[2023-08-27 22:49:34] PRINT cuda
[2023-08-27 22:49:34] PRINT {'lr': 0.08674512764757732, 'momentum': 0.056189792122332854, 'batch_size': 4}
[2023-08-27 22:49:34] PRINT Files already downloaded and verified
[2023-08-27 22:49:35] PRINT Files already downloaded and verified
[2023-08-27 22:50:09] PRINT [1,  2000] loss: 2.075
[2023-08-27 22:50:35] PRINT [1,  4000] loss: 1.945
[2023-08-27 22:51:05] PRINT [1,  6000] loss: 1.895
[2023-08-27 22:51:35] PRINT [1,  8000] loss: 1.923
[2023-08-27 22:52:04] PRINT [1, 10000] loss: 1.903
[2023-08-27 22:52:34] PRINT [1, 12000] loss: 1.903
[2023-08-27 22:53:14] PRINT [2,  2000] loss: 1.932
[2023-08-27 22:53:44] PRINT [2,  4000] loss: 1.933
[2023-08-27 22:54:14] PRINT [2,  6000] loss: 1.909
[2023-08-27 22:54:44] PRINT [2,  8000] loss: 1.928
[2023-08-27 22:55:14] PRINT [2, 10000] loss: 1.942
[2023-08-27 22:55:44] PRINT [2, 12000] loss: 1.936
[2023-08-27 22:56:24] PRINT [3,  2000] loss: 1.956
[2023-08-27 22:56:54] PRINT [3,  4000] loss: 1.969
[2023-08-27 22:57:24] PRINT [3,  6000] loss: 1.957
[2023-08-27 22:57:54] PRINT [3,  8000] loss: 1.935
[2023-08-27 22:58:24] PRINT [3, 10000] loss: 1.937
[2023-08-27 22:58:53] PRINT [3, 12000] loss: 1.959
[2023-08-27 22:59:33] PRINT [4,  2000] loss: 1.967
[2023-08-27 23:00:02] PRINT [4,  4000] loss: 2.004
[2023-08-27 23:00:33] PRINT [4,  6000] loss: 1.983
[2023-08-27 23:01:03] PRINT [4,  8000] loss: 1.983
[2023-08-27 23:01:32] PRINT [4, 10000] loss: 1.963
[2023-08-27 23:02:02] PRINT [4, 12000] loss: 1.990
[2023-08-27 23:02:41] PRINT [5,  2000] loss: 1.998
[2023-08-27 23:03:12] PRINT [5,  4000] loss: 2.065
[2023-08-27 23:03:42] PRINT [5,  6000] loss: 2.084
[2023-08-27 23:04:12] PRINT [5,  8000] loss: 2.059
[2023-08-27 23:04:42] PRINT [5, 10000] loss: 2.046
[2023-08-27 23:05:12] PRINT [5, 12000] loss: 2.041
[2023-08-27 23:05:51] PRINT [6,  2000] loss: 2.119
[2023-08-27 23:06:21] PRINT [6,  4000] loss: 2.058
[2023-08-27 23:06:50] PRINT [6,  6000] loss: 2.037
[2023-08-27 23:07:20] PRINT [6,  8000] loss: 2.029
[2023-08-27 23:07:50] PRINT [6, 10000] loss: 2.027
[2023-08-27 23:08:20] PRINT [6, 12000] loss: 2.088
[2023-08-27 23:09:00] PRINT [7,  2000] loss: 2.065
[2023-08-27 23:09:30] PRINT [7,  4000] loss: 2.073
[2023-08-27 23:10:01] PRINT [7,  6000] loss: 2.070
[2023-08-27 23:10:30] PRINT [7,  8000] loss: 2.130
[2023-08-27 23:11:00] PRINT [7, 10000] loss: 2.073
[2023-08-27 23:11:31] PRINT [7, 12000] loss: 2.086
[2023-08-27 23:12:10] PRINT [8,  2000] loss: 2.117
[2023-08-27 23:12:40] PRINT [8,  4000] loss: 2.123
[2023-08-27 23:13:10] PRINT [8,  6000] loss: 2.076
[2023-08-27 23:13:40] PRINT [8,  8000] loss: 2.156
[2023-08-27 23:14:09] PRINT [8, 10000] loss: 2.097
[2023-08-27 23:14:39] PRINT [8, 12000] loss: 2.091
[2023-08-27 23:15:18] PRINT [9,  2000] loss: 2.074
[2023-08-27 23:15:48] PRINT [9,  4000] loss: 2.091
[2023-08-27 23:16:18] PRINT [9,  6000] loss: 2.097
[2023-08-27 23:16:48] PRINT [9,  8000] loss: 2.097
[2023-08-27 23:17:18] PRINT [9, 10000] loss: 2.092
[2023-08-27 23:17:48] PRINT [9, 12000] loss: 2.083
[2023-08-27 23:18:28] PRINT [10,  2000] loss: 2.076
[2023-08-27 23:18:58] PRINT [10,  4000] loss: 2.076
[2023-08-27 23:19:28] PRINT [10,  6000] loss: 2.051
[2023-08-27 23:19:58] PRINT [10,  8000] loss: 2.053
[2023-08-27 23:20:28] PRINT [10, 10000] loss: 2.059
[2023-08-27 23:20:58] PRINT [10, 12000] loss: 2.060
[2023-08-27 23:21:37] PRINT [11,  2000] loss: 2.076
[2023-08-27 23:22:07] PRINT [11,  4000] loss: 2.048
[2023-08-27 23:22:37] PRINT [11,  6000] loss: 2.200
[2023-08-27 23:23:07] PRINT [11,  8000] loss: 2.408
[2023-08-27 23:23:38] PRINT [11, 10000] loss: 2.095
[2023-08-27 23:24:08] PRINT [11, 12000] loss: 2.106
[2023-08-27 23:24:47] PRINT [12,  2000] loss: 2.079
[2023-08-27 23:25:18] PRINT [12,  4000] loss: 2.066
[2023-08-27 23:25:48] PRINT [12,  6000] loss: 2.085
[2023-08-27 23:26:18] PRINT [12,  8000] loss: 2.063
[2023-08-27 23:26:48] PRINT [12, 10000] loss: 2.048
[2023-08-27 23:27:18] PRINT [12, 12000] loss: 2.084
[2023-08-27 23:27:59] PRINT [13,  2000] loss: 2.066
[2023-08-27 23:28:29] PRINT [13,  4000] loss: 2.061
[2023-08-27 23:28:58] PRINT [13,  6000] loss: 2.061
[2023-08-27 23:29:28] PRINT [13,  8000] loss: 2.097
[2023-08-27 23:29:58] PRINT [13, 10000] loss: 2.075
[2023-08-27 23:30:28] PRINT [13, 12000] loss: 2.121
[2023-08-27 23:31:08] PRINT [14,  2000] loss: 2.127
[2023-08-27 23:31:38] PRINT [14,  4000] loss: 2.168
[2023-08-27 23:32:08] PRINT [14,  6000] loss: 2.127
[2023-08-27 23:32:38] PRINT [14,  8000] loss: 2.118
[2023-08-27 23:33:08] PRINT [14, 10000] loss: 2.101
[2023-08-27 23:33:37] PRINT [14, 12000] loss: 2.090
[2023-08-27 23:34:16] PRINT [15,  2000] loss: 2.089
[2023-08-27 23:34:47] PRINT [15,  4000] loss: 2.125
[2023-08-27 23:35:17] PRINT [15,  6000] loss: 2.110
[2023-08-27 23:35:46] PRINT [15,  8000] loss: 2.158
[2023-08-27 23:36:16] PRINT [15, 10000] loss: 2.168
[2023-08-27 23:36:45] PRINT [15, 12000] loss: 2.122
[2023-08-27 23:37:26] PRINT [16,  2000] loss: 2.230
[2023-08-27 23:37:56] PRINT [16,  4000] loss: 2.215
[2023-08-27 23:38:28] PRINT [16,  6000] loss: 2.195
[2023-08-27 23:38:59] PRINT [16,  8000] loss: 2.163
[2023-08-27 23:39:29] PRINT [16, 10000] loss: 2.131
[2023-08-27 23:40:00] PRINT [16, 12000] loss: 2.115
[2023-08-27 23:40:42] PRINT [17,  2000] loss: 2.115
[2023-08-27 23:41:13] PRINT [17,  4000] loss: 2.129
[2023-08-27 23:41:43] PRINT [17,  6000] loss: 2.112
[2023-08-27 23:42:13] PRINT [17,  8000] loss: 2.202
[2023-08-27 23:42:45] PRINT [17, 10000] loss: 2.255
[2023-08-27 23:43:16] PRINT [17, 12000] loss: 2.220
[2023-08-27 23:43:58] PRINT [18,  2000] loss: 2.110
[2023-08-27 23:44:31] PRINT [18,  4000] loss: 2.108
[2023-08-27 23:45:02] PRINT [18,  6000] loss: 2.111
[2023-08-27 23:45:33] PRINT [18,  8000] loss: 2.104
[2023-08-27 23:46:06] PRINT [18, 10000] loss: 2.102
[2023-08-27 23:46:38] PRINT [18, 12000] loss: 2.127
[2023-08-27 23:47:20] PRINT [19,  2000] loss: 2.098
[2023-08-27 23:47:53] PRINT [19,  4000] loss: 2.105
[2023-08-27 23:48:25] PRINT [19,  6000] loss: 2.095
[2023-08-27 23:48:58] PRINT [19,  8000] loss: 2.099
[2023-08-27 23:49:30] PRINT [19, 10000] loss: 2.091
[2023-08-27 23:50:03] PRINT [19, 12000] loss: 2.097
[2023-08-27 23:50:47] PRINT [20,  2000] loss: 2.094
[2023-08-27 23:51:22] PRINT [20,  4000] loss: 2.083
[2023-08-27 23:51:55] PRINT [20,  6000] loss: 2.090
[2023-08-27 23:52:29] PRINT [20,  8000] loss: 2.078
[2023-08-27 23:53:02] PRINT [20, 10000] loss: 2.077
[2023-08-27 23:53:35] PRINT [20, 12000] loss: 2.068
[2023-08-27 23:53:45] PRINT Finished Training
[2023-08-27 23:53:46] PRINT GroundTruth:  cat   ship  ship  plane
[2023-08-27 23:53:46] PRINT Predicted:  car   car   ship  car  
[2023-08-27 23:54:30] PRINT Accuracy of the network on the 10000 test images: 19 %
[2023-08-27 23:55:14] PRINT Accuracy for class: plane is 31.7 %
[2023-08-27 23:55:14] PRINT Accuracy for class: car   is 78.2 %
[2023-08-27 23:55:14] PRINT Accuracy for class: bird  is 0.0 %
[2023-08-27 23:55:14] PRINT Accuracy for class: cat   is 0.8 %
[2023-08-27 23:55:14] PRINT Accuracy for class: deer  is 61.7 %
[2023-08-27 23:55:14] PRINT Accuracy for class: dog   is 6.7 %
[2023-08-27 23:55:14] PRINT Accuracy for class: frog  is 0.0 %
[2023-08-27 23:55:14] PRINT Accuracy for class: horse is 0.2 %
[2023-08-27 23:55:14] PRINT Accuracy for class: ship  is 14.9 %
[2023-08-27 23:55:14] PRINT Accuracy for class: truck is 4.0 %
