[2023-08-27 21:39:33] PRINT cuda
[2023-08-27 21:39:33] PRINT {'lr': 0.018106132028187998, 'momentum': 0.21726907205619606, 'batch_size': 4}
[2023-08-27 21:39:34] PRINT Files already downloaded and verified
[2023-08-27 21:39:35] PRINT Files already downloaded and verified
[2023-08-27 21:40:12] PRINT [1,  2000] loss: 2.089
[2023-08-27 21:40:46] PRINT [1,  4000] loss: 1.740
[2023-08-27 21:41:20] PRINT [1,  6000] loss: 1.630
[2023-08-27 21:41:53] PRINT [1,  8000] loss: 1.530
[2023-08-27 21:42:27] PRINT [1, 10000] loss: 1.473
[2023-08-27 21:43:01] PRINT [1, 12000] loss: 1.428
[2023-08-27 21:43:46] PRINT [2,  2000] loss: 1.339
[2023-08-27 21:44:20] PRINT [2,  4000] loss: 1.343
[2023-08-27 21:44:54] PRINT [2,  6000] loss: 1.336
[2023-08-27 21:45:29] PRINT [2,  8000] loss: 1.313
[2023-08-27 21:46:03] PRINT [2, 10000] loss: 1.310
[2023-08-27 21:46:33] PRINT [2, 12000] loss: 1.281
[2023-08-27 21:47:16] PRINT [3,  2000] loss: 1.218
[2023-08-27 21:47:49] PRINT [3,  4000] loss: 1.233
[2023-08-27 21:48:21] PRINT [3,  6000] loss: 1.211
[2023-08-27 21:48:54] PRINT [3,  8000] loss: 1.223
[2023-08-27 21:49:28] PRINT [3, 10000] loss: 1.213
[2023-08-27 21:50:01] PRINT [3, 12000] loss: 1.215
[2023-08-27 21:50:45] PRINT [4,  2000] loss: 1.155
[2023-08-27 21:51:18] PRINT [4,  4000] loss: 1.152
[2023-08-27 21:51:50] PRINT [4,  6000] loss: 1.164
[2023-08-27 21:52:23] PRINT [4,  8000] loss: 1.181
[2023-08-27 21:52:57] PRINT [4, 10000] loss: 1.174
[2023-08-27 21:53:30] PRINT [4, 12000] loss: 1.182
[2023-08-27 21:54:14] PRINT [5,  2000] loss: 1.089
[2023-08-27 21:54:48] PRINT [5,  4000] loss: 1.133
[2023-08-27 21:55:20] PRINT [5,  6000] loss: 1.136
[2023-08-27 21:55:53] PRINT [5,  8000] loss: 1.120
[2023-08-27 21:56:26] PRINT [5, 10000] loss: 1.153
[2023-08-27 21:56:59] PRINT [5, 12000] loss: 1.148
[2023-08-27 21:57:44] PRINT [6,  2000] loss: 1.092
[2023-08-27 21:58:17] PRINT [6,  4000] loss: 1.086
[2023-08-27 21:58:50] PRINT [6,  6000] loss: 1.093
[2023-08-27 21:59:23] PRINT [6,  8000] loss: 1.104
[2023-08-27 21:59:56] PRINT [6, 10000] loss: 1.112
[2023-08-27 22:00:29] PRINT [6, 12000] loss: 1.115
[2023-08-27 22:01:13] PRINT [7,  2000] loss: 1.019
[2023-08-27 22:01:47] PRINT [7,  4000] loss: 1.070
[2023-08-27 22:02:20] PRINT [7,  6000] loss: 1.083
[2023-08-27 22:02:53] PRINT [7,  8000] loss: 1.105
[2023-08-27 22:03:26] PRINT [7, 10000] loss: 1.106
[2023-08-27 22:03:59] PRINT [7, 12000] loss: 1.132
[2023-08-27 22:04:44] PRINT [8,  2000] loss: 1.028
[2023-08-27 22:05:18] PRINT [8,  4000] loss: 1.065
[2023-08-27 22:05:50] PRINT [8,  6000] loss: 1.055
[2023-08-27 22:06:23] PRINT [8,  8000] loss: 1.108
[2023-08-27 22:06:56] PRINT [8, 10000] loss: 1.105
[2023-08-27 22:07:30] PRINT [8, 12000] loss: 1.107
[2023-08-27 22:08:14] PRINT [9,  2000] loss: 0.990
[2023-08-27 22:08:47] PRINT [9,  4000] loss: 1.034
[2023-08-27 22:09:20] PRINT [9,  6000] loss: 1.068
[2023-08-27 22:09:52] PRINT [9,  8000] loss: 1.076
[2023-08-27 22:10:25] PRINT [9, 10000] loss: 1.080
[2023-08-27 22:10:58] PRINT [9, 12000] loss: 1.119
[2023-08-27 22:11:42] PRINT [10,  2000] loss: 1.005
[2023-08-27 22:12:15] PRINT [10,  4000] loss: 1.030
[2023-08-27 22:12:48] PRINT [10,  6000] loss: 1.042
[2023-08-27 22:13:21] PRINT [10,  8000] loss: 1.061
[2023-08-27 22:13:53] PRINT [10, 10000] loss: 1.095
[2023-08-27 22:14:28] PRINT [10, 12000] loss: 1.070
[2023-08-27 22:15:11] PRINT [11,  2000] loss: 0.996
[2023-08-27 22:15:44] PRINT [11,  4000] loss: 1.018
[2023-08-27 22:16:18] PRINT [11,  6000] loss: 1.029
[2023-08-27 22:16:51] PRINT [11,  8000] loss: 1.038
[2023-08-27 22:17:24] PRINT [11, 10000] loss: 1.062
[2023-08-27 22:17:57] PRINT [11, 12000] loss: 1.076
[2023-08-27 22:18:41] PRINT [12,  2000] loss: 0.983
[2023-08-27 22:19:15] PRINT [12,  4000] loss: 1.026
[2023-08-27 22:19:48] PRINT [12,  6000] loss: 1.048
[2023-08-27 22:20:21] PRINT [12,  8000] loss: 1.077
[2023-08-27 22:20:54] PRINT [12, 10000] loss: 1.074
[2023-08-27 22:21:27] PRINT [12, 12000] loss: 1.060
[2023-08-27 22:22:11] PRINT [13,  2000] loss: 0.974
[2023-08-27 22:22:45] PRINT [13,  4000] loss: 1.007
[2023-08-27 22:23:18] PRINT [13,  6000] loss: 1.039
[2023-08-27 22:23:51] PRINT [13,  8000] loss: 1.047
[2023-08-27 22:24:24] PRINT [13, 10000] loss: 1.060
[2023-08-27 22:24:57] PRINT [13, 12000] loss: 1.101
[2023-08-27 22:25:42] PRINT [14,  2000] loss: 0.988
[2023-08-27 22:26:15] PRINT [14,  4000] loss: 1.014
[2023-08-27 22:26:48] PRINT [14,  6000] loss: 1.051
[2023-08-27 22:27:21] PRINT [14,  8000] loss: 1.023
[2023-08-27 22:27:54] PRINT [14, 10000] loss: 1.052
[2023-08-27 22:28:28] PRINT [14, 12000] loss: 1.057
[2023-08-27 22:29:11] PRINT [15,  2000] loss: 0.965
[2023-08-27 22:29:44] PRINT [15,  4000] loss: 1.008
[2023-08-27 22:30:18] PRINT [15,  6000] loss: 1.032
[2023-08-27 22:30:50] PRINT [15,  8000] loss: 1.025
[2023-08-27 22:31:22] PRINT [15, 10000] loss: 1.046
[2023-08-27 22:31:55] PRINT [15, 12000] loss: 1.082
[2023-08-27 22:32:39] PRINT [16,  2000] loss: 0.961
[2023-08-27 22:33:12] PRINT [16,  4000] loss: 1.002
[2023-08-27 22:33:45] PRINT [16,  6000] loss: 1.039
[2023-08-27 22:34:18] PRINT [16,  8000] loss: 1.053
[2023-08-27 22:34:51] PRINT [16, 10000] loss: 1.035
[2023-08-27 22:35:24] PRINT [16, 12000] loss: 1.105
[2023-08-27 22:36:08] PRINT [17,  2000] loss: 0.943
[2023-08-27 22:36:41] PRINT [17,  4000] loss: 0.996
[2023-08-27 22:37:14] PRINT [17,  6000] loss: 1.017
[2023-08-27 22:37:47] PRINT [17,  8000] loss: 1.040
[2023-08-27 22:38:20] PRINT [17, 10000] loss: 1.066
[2023-08-27 22:38:55] PRINT [17, 12000] loss: 1.055
[2023-08-27 22:39:36] PRINT [18,  2000] loss: 0.960
[2023-08-27 22:40:07] PRINT [18,  4000] loss: 0.990
[2023-08-27 22:40:40] PRINT [18,  6000] loss: 1.028
[2023-08-27 22:41:12] PRINT [18,  8000] loss: 1.051
[2023-08-27 22:41:44] PRINT [18, 10000] loss: 1.037
[2023-08-27 22:42:17] PRINT [18, 12000] loss: 1.075
[2023-08-27 22:43:00] PRINT [19,  2000] loss: 0.998
[2023-08-27 22:43:32] PRINT [19,  4000] loss: 1.034
[2023-08-27 22:44:04] PRINT [19,  6000] loss: 1.006
[2023-08-27 22:44:36] PRINT [19,  8000] loss: 1.036
[2023-08-27 22:45:09] PRINT [19, 10000] loss: 1.045
[2023-08-27 22:45:43] PRINT [19, 12000] loss: 1.093
[2023-08-27 22:46:26] PRINT [20,  2000] loss: 0.962
[2023-08-27 22:46:54] PRINT [20,  4000] loss: 1.024
[2023-08-27 22:47:22] PRINT [20,  6000] loss: 1.053
[2023-08-27 22:47:52] PRINT [20,  8000] loss: 0.999
[2023-08-27 22:48:22] PRINT [20, 10000] loss: 1.055
[2023-08-27 22:48:52] PRINT [20, 12000] loss: 1.071
[2023-08-27 22:48:59] PRINT Finished Training
[2023-08-27 22:49:00] PRINT GroundTruth:  cat   ship  ship  plane
[2023-08-27 22:49:00] PRINT Predicted:  frog  ship  ship  plane
[2023-08-27 22:49:40] PRINT Accuracy of the network on the 10000 test images: 56 %
[2023-08-27 22:50:18] PRINT Accuracy for class: plane is 57.1 %
[2023-08-27 22:50:18] PRINT Accuracy for class: car   is 71.3 %
[2023-08-27 22:50:18] PRINT Accuracy for class: bird  is 52.1 %
[2023-08-27 22:50:18] PRINT Accuracy for class: cat   is 32.7 %
[2023-08-27 22:50:18] PRINT Accuracy for class: deer  is 41.4 %
[2023-08-27 22:50:18] PRINT Accuracy for class: dog   is 51.4 %
[2023-08-27 22:50:18] PRINT Accuracy for class: frog  is 77.8 %
[2023-08-27 22:50:18] PRINT Accuracy for class: horse is 54.7 %
[2023-08-27 22:50:18] PRINT Accuracy for class: ship  is 61.1 %
[2023-08-27 22:50:18] PRINT Accuracy for class: truck is 69.2 %
