[2023-08-27 21:39:18] PRINT cuda
[2023-08-27 21:39:18] PRINT {'lr': 0.0003166056024296294, 'momentum': 0.46081263222638735, 'batch_size': 4}
[2023-08-27 21:39:18] PRINT Files already downloaded and verified
[2023-08-27 21:39:20] PRINT Files already downloaded and verified
[2023-08-27 21:39:57] PRINT [1,  2000] loss: 2.305
[2023-08-27 21:40:30] PRINT [1,  4000] loss: 2.303
[2023-08-27 21:41:05] PRINT [1,  6000] loss: 2.300
[2023-08-27 21:41:38] PRINT [1,  8000] loss: 2.300
[2023-08-27 21:42:12] PRINT [1, 10000] loss: 2.298
[2023-08-27 21:42:46] PRINT [1, 12000] loss: 2.295
[2023-08-27 21:43:31] PRINT [2,  2000] loss: 2.289
[2023-08-27 21:44:05] PRINT [2,  4000] loss: 2.281
[2023-08-27 21:44:39] PRINT [2,  6000] loss: 2.258
[2023-08-27 21:45:13] PRINT [2,  8000] loss: 2.207
[2023-08-27 21:45:48] PRINT [2, 10000] loss: 2.120
[2023-08-27 21:46:19] PRINT [2, 12000] loss: 2.049
[2023-08-27 21:47:02] PRINT [3,  2000] loss: 1.993
[2023-08-27 21:47:35] PRINT [3,  4000] loss: 1.943
[2023-08-27 21:48:07] PRINT [3,  6000] loss: 1.929
[2023-08-27 21:48:40] PRINT [3,  8000] loss: 1.900
[2023-08-27 21:49:12] PRINT [3, 10000] loss: 1.867
[2023-08-27 21:49:45] PRINT [3, 12000] loss: 1.859
[2023-08-27 21:50:29] PRINT [4,  2000] loss: 1.821
[2023-08-27 21:51:02] PRINT [4,  4000] loss: 1.793
[2023-08-27 21:51:35] PRINT [4,  6000] loss: 1.755
[2023-08-27 21:52:08] PRINT [4,  8000] loss: 1.738
[2023-08-27 21:52:41] PRINT [4, 10000] loss: 1.726
[2023-08-27 21:53:13] PRINT [4, 12000] loss: 1.677
[2023-08-27 21:53:58] PRINT [5,  2000] loss: 1.677
[2023-08-27 21:54:31] PRINT [5,  4000] loss: 1.634
[2023-08-27 21:55:04] PRINT [5,  6000] loss: 1.635
[2023-08-27 21:55:37] PRINT [5,  8000] loss: 1.594
[2023-08-27 21:56:10] PRINT [5, 10000] loss: 1.608
[2023-08-27 21:56:43] PRINT [5, 12000] loss: 1.576
[2023-08-27 21:57:27] PRINT [6,  2000] loss: 1.565
[2023-08-27 21:58:00] PRINT [6,  4000] loss: 1.553
[2023-08-27 21:58:33] PRINT [6,  6000] loss: 1.547
[2023-08-27 21:59:05] PRINT [6,  8000] loss: 1.540
[2023-08-27 21:59:38] PRINT [6, 10000] loss: 1.533
[2023-08-27 22:00:10] PRINT [6, 12000] loss: 1.543
[2023-08-27 22:00:54] PRINT [7,  2000] loss: 1.498
[2023-08-27 22:01:26] PRINT [7,  4000] loss: 1.487
[2023-08-27 22:01:59] PRINT [7,  6000] loss: 1.507
[2023-08-27 22:02:32] PRINT [7,  8000] loss: 1.471
[2023-08-27 22:03:05] PRINT [7, 10000] loss: 1.493
[2023-08-27 22:03:37] PRINT [7, 12000] loss: 1.487
[2023-08-27 22:04:21] PRINT [8,  2000] loss: 1.439
[2023-08-27 22:04:55] PRINT [8,  4000] loss: 1.457
[2023-08-27 22:05:28] PRINT [8,  6000] loss: 1.451
[2023-08-27 22:06:00] PRINT [8,  8000] loss: 1.438
[2023-08-27 22:06:33] PRINT [8, 10000] loss: 1.441
[2023-08-27 22:07:05] PRINT [8, 12000] loss: 1.427
[2023-08-27 22:07:49] PRINT [9,  2000] loss: 1.409
[2023-08-27 22:08:23] PRINT [9,  4000] loss: 1.400
[2023-08-27 22:08:55] PRINT [9,  6000] loss: 1.407
[2023-08-27 22:09:28] PRINT [9,  8000] loss: 1.379
[2023-08-27 22:10:01] PRINT [9, 10000] loss: 1.397
[2023-08-27 22:10:33] PRINT [9, 12000] loss: 1.396
[2023-08-27 22:11:18] PRINT [10,  2000] loss: 1.360
[2023-08-27 22:11:52] PRINT [10,  4000] loss: 1.365
[2023-08-27 22:12:24] PRINT [10,  6000] loss: 1.366
[2023-08-27 22:12:57] PRINT [10,  8000] loss: 1.341
[2023-08-27 22:13:30] PRINT [10, 10000] loss: 1.359
[2023-08-27 22:14:03] PRINT [10, 12000] loss: 1.350
[2023-08-27 22:14:46] PRINT [11,  2000] loss: 1.323
[2023-08-27 22:15:19] PRINT [11,  4000] loss: 1.332
[2023-08-27 22:15:51] PRINT [11,  6000] loss: 1.316
[2023-08-27 22:16:24] PRINT [11,  8000] loss: 1.325
[2023-08-27 22:16:57] PRINT [11, 10000] loss: 1.312
[2023-08-27 22:17:30] PRINT [11, 12000] loss: 1.290
[2023-08-27 22:18:13] PRINT [12,  2000] loss: 1.285
[2023-08-27 22:18:47] PRINT [12,  4000] loss: 1.290
[2023-08-27 22:19:20] PRINT [12,  6000] loss: 1.281
[2023-08-27 22:19:52] PRINT [12,  8000] loss: 1.291
[2023-08-27 22:20:25] PRINT [12, 10000] loss: 1.272
[2023-08-27 22:20:58] PRINT [12, 12000] loss: 1.272
[2023-08-27 22:21:42] PRINT [13,  2000] loss: 1.256
[2023-08-27 22:22:15] PRINT [13,  4000] loss: 1.240
[2023-08-27 22:22:48] PRINT [13,  6000] loss: 1.257
[2023-08-27 22:23:21] PRINT [13,  8000] loss: 1.257
[2023-08-27 22:23:55] PRINT [13, 10000] loss: 1.241
[2023-08-27 22:24:27] PRINT [13, 12000] loss: 1.237
[2023-08-27 22:25:11] PRINT [14,  2000] loss: 1.223
[2023-08-27 22:25:45] PRINT [14,  4000] loss: 1.212
[2023-08-27 22:26:18] PRINT [14,  6000] loss: 1.224
[2023-08-27 22:26:50] PRINT [14,  8000] loss: 1.221
[2023-08-27 22:27:23] PRINT [14, 10000] loss: 1.244
[2023-08-27 22:27:55] PRINT [14, 12000] loss: 1.177
[2023-08-27 22:28:39] PRINT [15,  2000] loss: 1.181
[2023-08-27 22:29:12] PRINT [15,  4000] loss: 1.191
[2023-08-27 22:29:45] PRINT [15,  6000] loss: 1.194
[2023-08-27 22:30:18] PRINT [15,  8000] loss: 1.201
[2023-08-27 22:30:51] PRINT [15, 10000] loss: 1.180
[2023-08-27 22:31:23] PRINT [15, 12000] loss: 1.192
[2023-08-27 22:32:07] PRINT [16,  2000] loss: 1.164
[2023-08-27 22:32:41] PRINT [16,  4000] loss: 1.161
[2023-08-27 22:33:13] PRINT [16,  6000] loss: 1.176
[2023-08-27 22:33:46] PRINT [16,  8000] loss: 1.155
[2023-08-27 22:34:18] PRINT [16, 10000] loss: 1.157
[2023-08-27 22:34:51] PRINT [16, 12000] loss: 1.170
[2023-08-27 22:35:35] PRINT [17,  2000] loss: 1.151
[2023-08-27 22:36:08] PRINT [17,  4000] loss: 1.148
[2023-08-27 22:36:41] PRINT [17,  6000] loss: 1.124
[2023-08-27 22:37:13] PRINT [17,  8000] loss: 1.141
[2023-08-27 22:37:46] PRINT [17, 10000] loss: 1.133
[2023-08-27 22:38:19] PRINT [17, 12000] loss: 1.125
[2023-08-27 22:39:04] PRINT [18,  2000] loss: 1.100
[2023-08-27 22:39:36] PRINT [18,  4000] loss: 1.102
[2023-08-27 22:40:07] PRINT [18,  6000] loss: 1.116
[2023-08-27 22:40:39] PRINT [18,  8000] loss: 1.127
[2023-08-27 22:41:12] PRINT [18, 10000] loss: 1.133
[2023-08-27 22:41:44] PRINT [18, 12000] loss: 1.124
[2023-08-27 22:42:27] PRINT [19,  2000] loss: 1.096
[2023-08-27 22:43:00] PRINT [19,  4000] loss: 1.100
[2023-08-27 22:43:32] PRINT [19,  6000] loss: 1.087
[2023-08-27 22:44:04] PRINT [19,  8000] loss: 1.108
[2023-08-27 22:44:36] PRINT [19, 10000] loss: 1.089
[2023-08-27 22:45:09] PRINT [19, 12000] loss: 1.099
[2023-08-27 22:45:52] PRINT [20,  2000] loss: 1.082
[2023-08-27 22:46:25] PRINT [20,  4000] loss: 1.061
[2023-08-27 22:46:54] PRINT [20,  6000] loss: 1.076
[2023-08-27 22:47:22] PRINT [20,  8000] loss: 1.082
[2023-08-27 22:47:53] PRINT [20, 10000] loss: 1.067
[2023-08-27 22:48:23] PRINT [20, 12000] loss: 1.071
[2023-08-27 22:48:31] PRINT Finished Training
[2023-08-27 22:48:32] PRINT GroundTruth:  cat   ship  ship  plane
[2023-08-27 22:48:32] PRINT Predicted:  cat   ship  ship  plane
[2023-08-27 22:49:11] PRINT Accuracy of the network on the 10000 test images: 60 %
[2023-08-27 22:49:50] PRINT Accuracy for class: plane is 67.2 %
[2023-08-27 22:49:50] PRINT Accuracy for class: car   is 69.8 %
[2023-08-27 22:49:50] PRINT Accuracy for class: bird  is 49.0 %
[2023-08-27 22:49:50] PRINT Accuracy for class: cat   is 41.6 %
[2023-08-27 22:49:50] PRINT Accuracy for class: deer  is 47.0 %
[2023-08-27 22:49:50] PRINT Accuracy for class: dog   is 46.3 %
[2023-08-27 22:49:50] PRINT Accuracy for class: frog  is 76.4 %
[2023-08-27 22:49:50] PRINT Accuracy for class: horse is 58.8 %
[2023-08-27 22:49:50] PRINT Accuracy for class: ship  is 75.0 %
[2023-08-27 22:49:50] PRINT Accuracy for class: truck is 69.0 %
