[2023-08-27 22:39:14] PRINT cuda
[2023-08-27 22:39:14] PRINT {'lr': 0.004654243865348338, 'momentum': 0.052097022514817626, 'batch_size': 16}
[2023-08-27 22:39:14] PRINT Files already downloaded and verified
[2023-08-27 22:39:15] PRINT Files already downloaded and verified
[2023-08-27 22:41:05] PRINT [1,  2000] loss: 2.300
[2023-08-27 22:43:58] PRINT [2,  2000] loss: 2.003
[2023-08-27 22:46:48] PRINT [3,  2000] loss: 1.624
[2023-08-27 22:49:25] PRINT [4,  2000] loss: 1.460
[2023-08-27 22:51:55] PRINT [5,  2000] loss: 1.370
[2023-08-27 22:54:35] PRINT [6,  2000] loss: 1.291
[2023-08-27 22:57:15] PRINT [7,  2000] loss: 1.234
[2023-08-27 22:59:55] PRINT [8,  2000] loss: 1.177
[2023-08-27 23:02:35] PRINT [9,  2000] loss: 1.126
[2023-08-27 23:05:15] PRINT [10,  2000] loss: 1.083
[2023-08-27 23:07:55] PRINT [11,  2000] loss: 1.041
[2023-08-27 23:10:35] PRINT [12,  2000] loss: 1.011
[2023-08-27 23:13:16] PRINT [13,  2000] loss: 0.984
[2023-08-27 23:15:57] PRINT [14,  2000] loss: 0.951
[2023-08-27 23:18:38] PRINT [15,  2000] loss: 0.922
[2023-08-27 23:21:18] PRINT [16,  2000] loss: 0.900
[2023-08-27 23:23:59] PRINT [17,  2000] loss: 0.875
[2023-08-27 23:26:40] PRINT [18,  2000] loss: 0.845
[2023-08-27 23:29:19] PRINT [19,  2000] loss: 0.828
[2023-08-27 23:31:58] PRINT [20,  2000] loss: 0.805
[2023-08-27 23:32:55] PRINT Finished Training
[2023-08-27 23:32:56] PRINT GroundTruth:  cat   ship  ship  plane
[2023-08-27 23:32:56] PRINT Predicted:  cat   car   car   car  
[2023-08-27 23:33:30] PRINT Accuracy of the network on the 10000 test images: 64 %
[2023-08-27 23:34:04] PRINT Accuracy for class: plane is 66.6 %
[2023-08-27 23:34:04] PRINT Accuracy for class: car   is 81.7 %
[2023-08-27 23:34:04] PRINT Accuracy for class: bird  is 45.2 %
[2023-08-27 23:34:04] PRINT Accuracy for class: cat   is 51.0 %
[2023-08-27 23:34:04] PRINT Accuracy for class: deer  is 46.6 %
[2023-08-27 23:34:04] PRINT Accuracy for class: dog   is 64.5 %
[2023-08-27 23:34:04] PRINT Accuracy for class: frog  is 69.1 %
[2023-08-27 23:34:04] PRINT Accuracy for class: horse is 68.0 %
[2023-08-27 23:34:04] PRINT Accuracy for class: ship  is 76.6 %
[2023-08-27 23:34:04] PRINT Accuracy for class: truck is 74.2 %
