[2023-08-27 22:46:59] PRINT cuda
[2023-08-27 22:46:59] PRINT {'lr': 0.0007435563738598542, 'momentum': 0.6508724451260983, 'batch_size': 16}
[2023-08-27 22:46:59] PRINT Files already downloaded and verified
[2023-08-27 22:47:00] PRINT Files already downloaded and verified
[2023-08-27 22:48:45] PRINT [1,  2000] loss: 2.302
[2023-08-27 22:51:14] PRINT [2,  2000] loss: 2.271
[2023-08-27 22:53:53] PRINT [3,  2000] loss: 2.008
[2023-08-27 22:56:32] PRINT [4,  2000] loss: 1.762
[2023-08-27 22:59:12] PRINT [5,  2000] loss: 1.618
[2023-08-27 23:01:52] PRINT [6,  2000] loss: 1.543
[2023-08-27 23:04:31] PRINT [7,  2000] loss: 1.483
[2023-08-27 23:07:11] PRINT [8,  2000] loss: 1.430
[2023-08-27 23:09:50] PRINT [9,  2000] loss: 1.383
[2023-08-27 23:12:30] PRINT [10,  2000] loss: 1.345
[2023-08-27 23:15:09] PRINT [11,  2000] loss: 1.311
[2023-08-27 23:17:49] PRINT [12,  2000] loss: 1.278
[2023-08-27 23:20:29] PRINT [13,  2000] loss: 1.249
[2023-08-27 23:23:10] PRINT [14,  2000] loss: 1.223
[2023-08-27 23:25:52] PRINT [15,  2000] loss: 1.188
[2023-08-27 23:28:31] PRINT [16,  2000] loss: 1.168
[2023-08-27 23:31:10] PRINT [17,  2000] loss: 1.142
[2023-08-27 23:33:52] PRINT [18,  2000] loss: 1.126
[2023-08-27 23:36:31] PRINT [19,  2000] loss: 1.100
[2023-08-27 23:39:13] PRINT [20,  2000] loss: 1.082
[2023-08-27 23:40:11] PRINT Finished Training
[2023-08-27 23:40:12] PRINT GroundTruth:  cat   ship  ship  plane
[2023-08-27 23:40:12] PRINT Predicted:  cat   car   car   ship 
[2023-08-27 23:40:47] PRINT Accuracy of the network on the 10000 test images: 59 %
[2023-08-27 23:41:21] PRINT Accuracy for class: plane is 57.7 %
[2023-08-27 23:41:21] PRINT Accuracy for class: car   is 74.9 %
[2023-08-27 23:41:21] PRINT Accuracy for class: bird  is 45.2 %
[2023-08-27 23:41:21] PRINT Accuracy for class: cat   is 51.0 %
[2023-08-27 23:41:21] PRINT Accuracy for class: deer  is 45.3 %
[2023-08-27 23:41:21] PRINT Accuracy for class: dog   is 34.5 %
[2023-08-27 23:41:21] PRINT Accuracy for class: frog  is 75.1 %
[2023-08-27 23:41:21] PRINT Accuracy for class: horse is 64.9 %
[2023-08-27 23:41:21] PRINT Accuracy for class: ship  is 75.9 %
[2023-08-27 23:41:21] PRINT Accuracy for class: truck is 68.5 %
