[2023-08-27 21:36:28] PRINT cuda
[2023-08-27 21:36:28] PRINT {'lr': 0.04647361644027262, 'momentum': 0.510871238489113, 'batch_size': 4}
[2023-08-27 21:36:29] PRINT Files already downloaded and verified
[2023-08-27 21:36:30] PRINT Files already downloaded and verified
[2023-08-27 21:37:07] PRINT [1,  2000] loss: 2.079
[2023-08-27 21:37:39] PRINT [1,  4000] loss: 1.924
[2023-08-27 21:38:12] PRINT [1,  6000] loss: 1.884
[2023-08-27 21:38:44] PRINT [1,  8000] loss: 1.889
[2023-08-27 21:39:15] PRINT [1, 10000] loss: 1.899
[2023-08-27 21:39:45] PRINT [1, 12000] loss: 1.895
[2023-08-27 21:40:27] PRINT [2,  2000] loss: 1.902
[2023-08-27 21:41:00] PRINT [2,  4000] loss: 1.908
[2023-08-27 21:41:33] PRINT [2,  6000] loss: 1.923
[2023-08-27 21:42:07] PRINT [2,  8000] loss: 1.958
[2023-08-27 21:42:40] PRINT [2, 10000] loss: 1.972
[2023-08-27 21:43:14] PRINT [2, 12000] loss: 1.959
[2023-08-27 21:43:58] PRINT [3,  2000] loss: 2.024
[2023-08-27 21:44:32] PRINT [3,  4000] loss: 2.005
[2023-08-27 21:45:06] PRINT [3,  6000] loss: 2.011
[2023-08-27 21:45:40] PRINT [3,  8000] loss: 2.002
[2023-08-27 21:46:12] PRINT [3, 10000] loss: 1.985
[2023-08-27 21:46:43] PRINT [3, 12000] loss: 1.981
[2023-08-27 21:47:26] PRINT [4,  2000] loss: 1.996
[2023-08-27 21:47:59] PRINT [4,  4000] loss: 2.015
[2023-08-27 21:48:31] PRINT [4,  6000] loss: 2.040
[2023-08-27 21:49:03] PRINT [4,  8000] loss: 2.042
[2023-08-27 21:49:36] PRINT [4, 10000] loss: 2.024
[2023-08-27 21:50:09] PRINT [4, 12000] loss: 2.111
[2023-08-27 21:50:52] PRINT [5,  2000] loss: 2.077
[2023-08-27 21:51:25] PRINT [5,  4000] loss: 2.088
[2023-08-27 21:51:57] PRINT [5,  6000] loss: 2.058
[2023-08-27 21:52:30] PRINT [5,  8000] loss: 2.074
[2023-08-27 21:53:03] PRINT [5, 10000] loss: 2.084
[2023-08-27 21:53:36] PRINT [5, 12000] loss: 2.036
[2023-08-27 21:54:19] PRINT [6,  2000] loss: 2.101
[2023-08-27 21:54:52] PRINT [6,  4000] loss: 2.040
[2023-08-27 21:55:24] PRINT [6,  6000] loss: 2.027
[2023-08-27 21:55:57] PRINT [6,  8000] loss: 2.016
[2023-08-27 21:56:30] PRINT [6, 10000] loss: 2.032
[2023-08-27 21:57:02] PRINT [6, 12000] loss: 2.051
[2023-08-27 21:57:46] PRINT [7,  2000] loss: 2.059
[2023-08-27 21:58:18] PRINT [7,  4000] loss: 2.034
[2023-08-27 21:58:51] PRINT [7,  6000] loss: 2.069
[2023-08-27 21:59:23] PRINT [7,  8000] loss: 2.045
[2023-08-27 21:59:55] PRINT [7, 10000] loss: 2.019
[2023-08-27 22:00:28] PRINT [7, 12000] loss: 2.008
[2023-08-27 22:01:10] PRINT [8,  2000] loss: 2.017
[2023-08-27 22:01:42] PRINT [8,  4000] loss: 2.017
[2023-08-27 22:02:15] PRINT [8,  6000] loss: 2.007
[2023-08-27 22:02:47] PRINT [8,  8000] loss: 2.008
[2023-08-27 22:03:19] PRINT [8, 10000] loss: 2.039
[2023-08-27 22:03:52] PRINT [8, 12000] loss: 1.997
[2023-08-27 22:04:36] PRINT [9,  2000] loss: 2.013
[2023-08-27 22:05:08] PRINT [9,  4000] loss: 1.990
[2023-08-27 22:05:41] PRINT [9,  6000] loss: 1.988
[2023-08-27 22:06:14] PRINT [9,  8000] loss: 1.993
[2023-08-27 22:06:46] PRINT [9, 10000] loss: 1.980
[2023-08-27 22:07:18] PRINT [9, 12000] loss: 1.999
[2023-08-27 22:08:01] PRINT [10,  2000] loss: 1.986
[2023-08-27 22:08:33] PRINT [10,  4000] loss: 1.976
[2023-08-27 22:09:06] PRINT [10,  6000] loss: 1.972
[2023-08-27 22:09:38] PRINT [10,  8000] loss: 1.978
[2023-08-27 22:10:11] PRINT [10, 10000] loss: 1.973
[2023-08-27 22:10:43] PRINT [10, 12000] loss: 1.972
[2023-08-27 22:11:28] PRINT [11,  2000] loss: 1.982
[2023-08-27 22:12:00] PRINT [11,  4000] loss: 1.983
[2023-08-27 22:12:33] PRINT [11,  6000] loss: 1.990
[2023-08-27 22:13:05] PRINT [11,  8000] loss: 1.976
[2023-08-27 22:13:37] PRINT [11, 10000] loss: 1.974
[2023-08-27 22:14:10] PRINT [11, 12000] loss: 1.983
[2023-08-27 22:14:53] PRINT [12,  2000] loss: 1.975
[2023-08-27 22:15:25] PRINT [12,  4000] loss: 1.976
[2023-08-27 22:15:57] PRINT [12,  6000] loss: 1.967
[2023-08-27 22:16:30] PRINT [12,  8000] loss: 1.976
[2023-08-27 22:17:02] PRINT [12, 10000] loss: 1.963
[2023-08-27 22:17:35] PRINT [12, 12000] loss: 1.960
[2023-08-27 22:18:18] PRINT [13,  2000] loss: 1.959
[2023-08-27 22:18:51] PRINT [13,  4000] loss: 1.972
[2023-08-27 22:19:24] PRINT [13,  6000] loss: 1.990
[2023-08-27 22:19:57] PRINT [13,  8000] loss: 1.975
[2023-08-27 22:20:29] PRINT [13, 10000] loss: 1.996
[2023-08-27 22:21:02] PRINT [13, 12000] loss: 1.965
[2023-08-27 22:21:45] PRINT [14,  2000] loss: 1.962
[2023-08-27 22:22:18] PRINT [14,  4000] loss: 1.970
[2023-08-27 22:22:50] PRINT [14,  6000] loss: 1.971
[2023-08-27 22:23:23] PRINT [14,  8000] loss: 1.993
[2023-08-27 22:23:56] PRINT [14, 10000] loss: 1.985
[2023-08-27 22:24:28] PRINT [14, 12000] loss: 1.960
[2023-08-27 22:25:11] PRINT [15,  2000] loss: 1.959
[2023-08-27 22:25:44] PRINT [15,  4000] loss: 1.979
[2023-08-27 22:26:17] PRINT [15,  6000] loss: 1.966
[2023-08-27 22:26:49] PRINT [15,  8000] loss: 1.968
[2023-08-27 22:27:22] PRINT [15, 10000] loss: 1.963
[2023-08-27 22:27:54] PRINT [15, 12000] loss: 1.957
[2023-08-27 22:28:37] PRINT [16,  2000] loss: 1.946
[2023-08-27 22:29:10] PRINT [16,  4000] loss: 1.964
[2023-08-27 22:29:42] PRINT [16,  6000] loss: 1.959
[2023-08-27 22:30:15] PRINT [16,  8000] loss: 1.964
[2023-08-27 22:30:48] PRINT [16, 10000] loss: 1.941
[2023-08-27 22:31:20] PRINT [16, 12000] loss: 1.987
[2023-08-27 22:32:03] PRINT [17,  2000] loss: 1.962
[2023-08-27 22:32:35] PRINT [17,  4000] loss: 1.996
[2023-08-27 22:33:08] PRINT [17,  6000] loss: 1.983
[2023-08-27 22:33:40] PRINT [17,  8000] loss: 1.962
[2023-08-27 22:34:13] PRINT [17, 10000] loss: 1.969
[2023-08-27 22:34:46] PRINT [17, 12000] loss: 1.974
[2023-08-27 22:35:29] PRINT [18,  2000] loss: 1.956
[2023-08-27 22:36:02] PRINT [18,  4000] loss: 1.974
[2023-08-27 22:36:34] PRINT [18,  6000] loss: 1.970
[2023-08-27 22:37:06] PRINT [18,  8000] loss: 1.982
[2023-08-27 22:37:39] PRINT [18, 10000] loss: 1.960
[2023-08-27 22:38:12] PRINT [18, 12000] loss: 1.964
[2023-08-27 22:38:55] PRINT [19,  2000] loss: 1.976
[2023-08-27 22:39:27] PRINT [19,  4000] loss: 1.953
[2023-08-27 22:39:59] PRINT [19,  6000] loss: 1.970
[2023-08-27 22:40:30] PRINT [19,  8000] loss: 1.955
[2023-08-27 22:41:01] PRINT [19, 10000] loss: 1.974
[2023-08-27 22:41:33] PRINT [19, 12000] loss: 1.961
[2023-08-27 22:42:15] PRINT [20,  2000] loss: 1.980
[2023-08-27 22:42:48] PRINT [20,  4000] loss: 1.986
[2023-08-27 22:43:20] PRINT [20,  6000] loss: 1.963
[2023-08-27 22:43:52] PRINT [20,  8000] loss: 1.968
[2023-08-27 22:44:23] PRINT [20, 10000] loss: 1.949
[2023-08-27 22:44:55] PRINT [20, 12000] loss: 1.960
[2023-08-27 22:45:04] PRINT Finished Training
[2023-08-27 22:45:05] PRINT GroundTruth:  cat   ship  ship  plane
[2023-08-27 22:45:05] PRINT Predicted:  ship  car   car   car  
[2023-08-27 22:45:48] PRINT Accuracy of the network on the 10000 test images: 24 %
[2023-08-27 22:46:31] PRINT Accuracy for class: plane is 6.0 %
[2023-08-27 22:46:31] PRINT Accuracy for class: car   is 69.6 %
[2023-08-27 22:46:31] PRINT Accuracy for class: bird  is 0.0 %
[2023-08-27 22:46:31] PRINT Accuracy for class: cat   is 4.6 %
[2023-08-27 22:46:31] PRINT Accuracy for class: deer  is 50.7 %
[2023-08-27 22:46:31] PRINT Accuracy for class: dog   is 35.4 %
[2023-08-27 22:46:31] PRINT Accuracy for class: frog  is 19.7 %
[2023-08-27 22:46:31] PRINT Accuracy for class: horse is 23.0 %
[2023-08-27 22:46:31] PRINT Accuracy for class: ship  is 10.7 %
[2023-08-27 22:46:31] PRINT Accuracy for class: truck is 24.5 %
