[2023-08-28 00:37:00] PRINT cuda
[2023-08-28 00:37:00] PRINT {'lr': 0.00019744543470208277, 'momentum': 0.11913252606954253, 'batch_size': 4}
[2023-08-28 00:37:00] PRINT Files already downloaded and verified
[2023-08-28 00:37:01] PRINT Files already downloaded and verified
[2023-08-28 00:37:38] PRINT [1,  2000] loss: 2.303
[2023-08-28 00:38:12] PRINT [1,  4000] loss: 2.304
[2023-08-28 00:38:44] PRINT [1,  6000] loss: 2.304
[2023-08-28 00:39:16] PRINT [1,  8000] loss: 2.303
[2023-08-28 00:39:48] PRINT [1, 10000] loss: 2.303
[2023-08-28 00:40:20] PRINT [1, 12000] loss: 2.302
[2023-08-28 00:41:02] PRINT [2,  2000] loss: 2.303
[2023-08-28 00:41:35] PRINT [2,  4000] loss: 2.302
[2023-08-28 00:42:08] PRINT [2,  6000] loss: 2.301
[2023-08-28 00:42:41] PRINT [2,  8000] loss: 2.301
[2023-08-28 00:43:13] PRINT [2, 10000] loss: 2.302
[2023-08-28 00:43:45] PRINT [2, 12000] loss: 2.301
[2023-08-28 00:44:28] PRINT [3,  2000] loss: 2.301
[2023-08-28 00:45:00] PRINT [3,  4000] loss: 2.300
[2023-08-28 00:45:33] PRINT [3,  6000] loss: 2.301
[2023-08-28 00:46:06] PRINT [3,  8000] loss: 2.300
[2023-08-28 00:46:39] PRINT [3, 10000] loss: 2.300
[2023-08-28 00:47:11] PRINT [3, 12000] loss: 2.299
[2023-08-28 00:47:55] PRINT [4,  2000] loss: 2.299
[2023-08-28 00:48:28] PRINT [4,  4000] loss: 2.297
[2023-08-28 00:49:02] PRINT [4,  6000] loss: 2.298
[2023-08-28 00:49:34] PRINT [4,  8000] loss: 2.297
[2023-08-28 00:50:08] PRINT [4, 10000] loss: 2.296
[2023-08-28 00:50:39] PRINT [4, 12000] loss: 2.295
[2023-08-28 00:51:22] PRINT [5,  2000] loss: 2.294
[2023-08-28 00:51:54] PRINT [5,  4000] loss: 2.293
[2023-08-28 00:52:27] PRINT [5,  6000] loss: 2.292
[2023-08-28 00:52:59] PRINT [5,  8000] loss: 2.291
[2023-08-28 00:53:32] PRINT [5, 10000] loss: 2.289
[2023-08-28 00:54:04] PRINT [5, 12000] loss: 2.287
[2023-08-28 00:54:45] PRINT [6,  2000] loss: 2.285
[2023-08-28 00:55:17] PRINT [6,  4000] loss: 2.280
[2023-08-28 00:55:49] PRINT [6,  6000] loss: 2.275
[2023-08-28 00:56:19] PRINT [6,  8000] loss: 2.269
[2023-08-28 00:56:52] PRINT [6, 10000] loss: 2.256
[2023-08-28 00:57:24] PRINT [6, 12000] loss: 2.244
[2023-08-28 00:57:59] PRINT [7,  2000] loss: 2.219
[2023-08-28 00:58:28] PRINT [7,  4000] loss: 2.184
[2023-08-28 00:58:59] PRINT [7,  6000] loss: 2.151
[2023-08-28 00:59:31] PRINT [7,  8000] loss: 2.111
[2023-08-28 01:00:02] PRINT [7, 10000] loss: 2.082
[2023-08-28 01:00:33] PRINT [7, 12000] loss: 2.049
[2023-08-28 01:01:15] PRINT [8,  2000] loss: 2.016
[2023-08-28 01:01:47] PRINT [8,  4000] loss: 1.979
[2023-08-28 01:02:19] PRINT [8,  6000] loss: 1.971
[2023-08-28 01:02:50] PRINT [8,  8000] loss: 1.950
[2023-08-28 01:03:22] PRINT [8, 10000] loss: 1.933
[2023-08-28 01:03:53] PRINT [8, 12000] loss: 1.931
[2023-08-28 01:04:35] PRINT [9,  2000] loss: 1.912
[2023-08-28 01:05:07] PRINT [9,  4000] loss: 1.904
[2023-08-28 01:05:39] PRINT [9,  6000] loss: 1.877
[2023-08-28 01:06:11] PRINT [9,  8000] loss: 1.890
[2023-08-28 01:06:43] PRINT [9, 10000] loss: 1.871
[2023-08-28 01:07:15] PRINT [9, 12000] loss: 1.870
[2023-08-28 01:07:57] PRINT [10,  2000] loss: 1.856
[2023-08-28 01:08:29] PRINT [10,  4000] loss: 1.844
[2023-08-28 01:09:01] PRINT [10,  6000] loss: 1.836
[2023-08-28 01:09:33] PRINT [10,  8000] loss: 1.812
[2023-08-28 01:10:04] PRINT [10, 10000] loss: 1.795
[2023-08-28 01:10:35] PRINT [10, 12000] loss: 1.816
[2023-08-28 01:11:16] PRINT [11,  2000] loss: 1.796
[2023-08-28 01:11:47] PRINT [11,  4000] loss: 1.763
[2023-08-28 01:12:18] PRINT [11,  6000] loss: 1.770
[2023-08-28 01:12:49] PRINT [11,  8000] loss: 1.768
[2023-08-28 01:13:21] PRINT [11, 10000] loss: 1.749
[2023-08-28 01:13:52] PRINT [11, 12000] loss: 1.737
[2023-08-28 01:14:34] PRINT [12,  2000] loss: 1.749
[2023-08-28 01:15:05] PRINT [12,  4000] loss: 1.729
[2023-08-28 01:15:37] PRINT [12,  6000] loss: 1.721
[2023-08-28 01:16:07] PRINT [12,  8000] loss: 1.690
[2023-08-28 01:16:38] PRINT [12, 10000] loss: 1.691
[2023-08-28 01:17:08] PRINT [12, 12000] loss: 1.684
[2023-08-28 01:17:50] PRINT [13,  2000] loss: 1.686
[2023-08-28 01:18:22] PRINT [13,  4000] loss: 1.664
[2023-08-28 01:18:53] PRINT [13,  6000] loss: 1.672
[2023-08-28 01:19:25] PRINT [13,  8000] loss: 1.666
[2023-08-28 01:19:56] PRINT [13, 10000] loss: 1.670
[2023-08-28 01:20:28] PRINT [13, 12000] loss: 1.646
[2023-08-28 01:21:09] PRINT [14,  2000] loss: 1.635
[2023-08-28 01:21:41] PRINT [14,  4000] loss: 1.648
[2023-08-28 01:22:12] PRINT [14,  6000] loss: 1.627
[2023-08-28 01:22:43] PRINT [14,  8000] loss: 1.611
[2023-08-28 01:23:14] PRINT [14, 10000] loss: 1.614
[2023-08-28 01:23:44] PRINT [14, 12000] loss: 1.625
[2023-08-28 01:24:26] PRINT [15,  2000] loss: 1.599
[2023-08-28 01:24:58] PRINT [15,  4000] loss: 1.601
[2023-08-28 01:25:29] PRINT [15,  6000] loss: 1.596
[2023-08-28 01:26:00] PRINT [15,  8000] loss: 1.586
[2023-08-28 01:26:31] PRINT [15, 10000] loss: 1.590
[2023-08-28 01:27:03] PRINT [15, 12000] loss: 1.576
[2023-08-28 01:27:45] PRINT [16,  2000] loss: 1.567
[2023-08-28 01:28:16] PRINT [16,  4000] loss: 1.555
[2023-08-28 01:28:48] PRINT [16,  6000] loss: 1.567
[2023-08-28 01:29:19] PRINT [16,  8000] loss: 1.539
[2023-08-28 01:29:50] PRINT [16, 10000] loss: 1.546
[2023-08-28 01:30:21] PRINT [16, 12000] loss: 1.543
[2023-08-28 01:31:03] PRINT [17,  2000] loss: 1.531
[2023-08-28 01:31:34] PRINT [17,  4000] loss: 1.521
[2023-08-28 01:32:06] PRINT [17,  6000] loss: 1.532
[2023-08-28 01:32:37] PRINT [17,  8000] loss: 1.524
[2023-08-28 01:33:08] PRINT [17, 10000] loss: 1.526
[2023-08-28 01:33:39] PRINT [17, 12000] loss: 1.516
[2023-08-28 01:34:21] PRINT [18,  2000] loss: 1.501
[2023-08-28 01:34:52] PRINT [18,  4000] loss: 1.521
[2023-08-28 01:35:24] PRINT [18,  6000] loss: 1.512
[2023-08-28 01:35:54] PRINT [18,  8000] loss: 1.476
[2023-08-28 01:36:26] PRINT [18, 10000] loss: 1.490
[2023-08-28 01:36:58] PRINT [18, 12000] loss: 1.490
[2023-08-28 01:37:38] PRINT [19,  2000] loss: 1.479
[2023-08-28 01:38:07] PRINT [19,  4000] loss: 1.481
[2023-08-28 01:38:35] PRINT [19,  6000] loss: 1.467
[2023-08-28 01:39:03] PRINT [19,  8000] loss: 1.475
[2023-08-28 01:39:32] PRINT [19, 10000] loss: 1.467
[2023-08-28 01:40:00] PRINT [19, 12000] loss: 1.463
[2023-08-28 01:40:38] PRINT [20,  2000] loss: 1.449
[2023-08-28 01:41:06] PRINT [20,  4000] loss: 1.453
[2023-08-28 01:41:34] PRINT [20,  6000] loss: 1.459
[2023-08-28 01:42:03] PRINT [20,  8000] loss: 1.449
[2023-08-28 01:42:31] PRINT [20, 10000] loss: 1.436
[2023-08-28 01:42:59] PRINT [20, 12000] loss: 1.437
[2023-08-28 01:43:07] PRINT Finished Training
[2023-08-28 01:43:08] PRINT GroundTruth:  cat   ship  ship  plane
[2023-08-28 01:43:08] PRINT Predicted:  cat   ship  ship  ship 
[2023-08-28 01:43:46] PRINT Accuracy of the network on the 10000 test images: 47 %
[2023-08-28 01:44:24] PRINT Accuracy for class: plane is 55.6 %
[2023-08-28 01:44:24] PRINT Accuracy for class: car   is 62.0 %
[2023-08-28 01:44:24] PRINT Accuracy for class: bird  is 21.8 %
[2023-08-28 01:44:24] PRINT Accuracy for class: cat   is 21.5 %
[2023-08-28 01:44:24] PRINT Accuracy for class: deer  is 46.3 %
[2023-08-28 01:44:24] PRINT Accuracy for class: dog   is 34.6 %
[2023-08-28 01:44:24] PRINT Accuracy for class: frog  is 61.1 %
[2023-08-28 01:44:24] PRINT Accuracy for class: horse is 65.5 %
[2023-08-28 01:44:24] PRINT Accuracy for class: ship  is 54.0 %
[2023-08-28 01:44:24] PRINT Accuracy for class: truck is 54.8 %
