[2023-08-27 21:40:03] PRINT cuda
[2023-08-27 21:40:03] PRINT {'lr': 0.001323454471828891, 'momentum': 0.3609589051680554, 'batch_size': 4}
[2023-08-27 21:40:04] PRINT Files already downloaded and verified
[2023-08-27 21:40:05] PRINT Files already downloaded and verified
[2023-08-27 21:40:44] PRINT [1,  2000] loss: 2.301
[2023-08-27 21:41:18] PRINT [1,  4000] loss: 2.293
[2023-08-27 21:41:51] PRINT [1,  6000] loss: 2.211
[2023-08-27 21:42:25] PRINT [1,  8000] loss: 2.041
[2023-08-27 21:42:59] PRINT [1, 10000] loss: 1.895
[2023-08-27 21:43:33] PRINT [1, 12000] loss: 1.832
[2023-08-27 21:44:17] PRINT [2,  2000] loss: 1.733
[2023-08-27 21:44:51] PRINT [2,  4000] loss: 1.675
[2023-08-27 21:45:25] PRINT [2,  6000] loss: 1.638
[2023-08-27 21:45:59] PRINT [2,  8000] loss: 1.602
[2023-08-27 21:46:30] PRINT [2, 10000] loss: 1.556
[2023-08-27 21:47:02] PRINT [2, 12000] loss: 1.538
[2023-08-27 21:47:45] PRINT [3,  2000] loss: 1.491
[2023-08-27 21:48:17] PRINT [3,  4000] loss: 1.453
[2023-08-27 21:48:50] PRINT [3,  6000] loss: 1.452
[2023-08-27 21:49:23] PRINT [3,  8000] loss: 1.418
[2023-08-27 21:49:57] PRINT [3, 10000] loss: 1.400
[2023-08-27 21:50:30] PRINT [3, 12000] loss: 1.396
[2023-08-27 21:51:13] PRINT [4,  2000] loss: 1.349
[2023-08-27 21:51:46] PRINT [4,  4000] loss: 1.334
[2023-08-27 21:52:18] PRINT [4,  6000] loss: 1.323
[2023-08-27 21:52:51] PRINT [4,  8000] loss: 1.341
[2023-08-27 21:53:24] PRINT [4, 10000] loss: 1.292
[2023-08-27 21:53:57] PRINT [4, 12000] loss: 1.289
[2023-08-27 21:54:40] PRINT [5,  2000] loss: 1.235
[2023-08-27 21:55:13] PRINT [5,  4000] loss: 1.240
[2023-08-27 21:55:47] PRINT [5,  6000] loss: 1.262
[2023-08-27 21:56:19] PRINT [5,  8000] loss: 1.222
[2023-08-27 21:56:51] PRINT [5, 10000] loss: 1.221
[2023-08-27 21:57:25] PRINT [5, 12000] loss: 1.218
[2023-08-27 21:58:07] PRINT [6,  2000] loss: 1.180
[2023-08-27 21:58:41] PRINT [6,  4000] loss: 1.176
[2023-08-27 21:59:14] PRINT [6,  6000] loss: 1.169
[2023-08-27 21:59:47] PRINT [6,  8000] loss: 1.150
[2023-08-27 22:00:20] PRINT [6, 10000] loss: 1.157
[2023-08-27 22:00:53] PRINT [6, 12000] loss: 1.137
[2023-08-27 22:01:36] PRINT [7,  2000] loss: 1.107
[2023-08-27 22:02:08] PRINT [7,  4000] loss: 1.126
[2023-08-27 22:02:42] PRINT [7,  6000] loss: 1.106
[2023-08-27 22:03:14] PRINT [7,  8000] loss: 1.103
[2023-08-27 22:03:48] PRINT [7, 10000] loss: 1.105
[2023-08-27 22:04:21] PRINT [7, 12000] loss: 1.090
[2023-08-27 22:05:04] PRINT [8,  2000] loss: 1.056
[2023-08-27 22:05:37] PRINT [8,  4000] loss: 1.072
[2023-08-27 22:06:10] PRINT [8,  6000] loss: 1.067
[2023-08-27 22:06:42] PRINT [8,  8000] loss: 1.052
[2023-08-27 22:07:15] PRINT [8, 10000] loss: 1.043
[2023-08-27 22:07:48] PRINT [8, 12000] loss: 1.073
[2023-08-27 22:08:32] PRINT [9,  2000] loss: 1.010
[2023-08-27 22:09:05] PRINT [9,  4000] loss: 1.015
[2023-08-27 22:09:38] PRINT [9,  6000] loss: 1.019
[2023-08-27 22:10:11] PRINT [9,  8000] loss: 1.023
[2023-08-27 22:10:44] PRINT [9, 10000] loss: 1.022
[2023-08-27 22:11:17] PRINT [9, 12000] loss: 1.026
[2023-08-27 22:12:00] PRINT [10,  2000] loss: 0.960
[2023-08-27 22:12:33] PRINT [10,  4000] loss: 0.978
[2023-08-27 22:13:06] PRINT [10,  6000] loss: 0.970
[2023-08-27 22:13:38] PRINT [10,  8000] loss: 0.975
[2023-08-27 22:14:11] PRINT [10, 10000] loss: 0.988
[2023-08-27 22:14:45] PRINT [10, 12000] loss: 0.990
[2023-08-27 22:15:28] PRINT [11,  2000] loss: 0.944
[2023-08-27 22:16:01] PRINT [11,  4000] loss: 0.932
[2023-08-27 22:16:34] PRINT [11,  6000] loss: 0.955
[2023-08-27 22:17:07] PRINT [11,  8000] loss: 0.947
[2023-08-27 22:17:40] PRINT [11, 10000] loss: 0.947
[2023-08-27 22:18:14] PRINT [11, 12000] loss: 0.940
[2023-08-27 22:18:56] PRINT [12,  2000] loss: 0.904
[2023-08-27 22:19:29] PRINT [12,  4000] loss: 0.892
[2023-08-27 22:20:02] PRINT [12,  6000] loss: 0.929
[2023-08-27 22:20:35] PRINT [12,  8000] loss: 0.907
[2023-08-27 22:21:07] PRINT [12, 10000] loss: 0.924
[2023-08-27 22:21:41] PRINT [12, 12000] loss: 0.931
[2023-08-27 22:22:24] PRINT [13,  2000] loss: 0.846
[2023-08-27 22:22:57] PRINT [13,  4000] loss: 0.883
[2023-08-27 22:23:30] PRINT [13,  6000] loss: 0.890
[2023-08-27 22:24:03] PRINT [13,  8000] loss: 0.889
[2023-08-27 22:24:35] PRINT [13, 10000] loss: 0.896
[2023-08-27 22:25:09] PRINT [13, 12000] loss: 0.901
[2023-08-27 22:25:52] PRINT [14,  2000] loss: 0.833
[2023-08-27 22:26:25] PRINT [14,  4000] loss: 0.843
[2023-08-27 22:26:58] PRINT [14,  6000] loss: 0.836
[2023-08-27 22:27:31] PRINT [14,  8000] loss: 0.867
[2023-08-27 22:28:04] PRINT [14, 10000] loss: 0.859
[2023-08-27 22:28:37] PRINT [14, 12000] loss: 0.892
[2023-08-27 22:29:20] PRINT [15,  2000] loss: 0.817
[2023-08-27 22:29:53] PRINT [15,  4000] loss: 0.817
[2023-08-27 22:30:26] PRINT [15,  6000] loss: 0.831
[2023-08-27 22:30:58] PRINT [15,  8000] loss: 0.830
[2023-08-27 22:31:31] PRINT [15, 10000] loss: 0.828
[2023-08-27 22:32:04] PRINT [15, 12000] loss: 0.833
[2023-08-27 22:32:48] PRINT [16,  2000] loss: 0.776
[2023-08-27 22:33:21] PRINT [16,  4000] loss: 0.784
[2023-08-27 22:33:54] PRINT [16,  6000] loss: 0.786
[2023-08-27 22:34:26] PRINT [16,  8000] loss: 0.826
[2023-08-27 22:34:59] PRINT [16, 10000] loss: 0.822
[2023-08-27 22:35:33] PRINT [16, 12000] loss: 0.810
[2023-08-27 22:36:16] PRINT [17,  2000] loss: 0.753
[2023-08-27 22:36:49] PRINT [17,  4000] loss: 0.773
[2023-08-27 22:37:21] PRINT [17,  6000] loss: 0.777
[2023-08-27 22:37:54] PRINT [17,  8000] loss: 0.770
[2023-08-27 22:38:28] PRINT [17, 10000] loss: 0.792
[2023-08-27 22:39:01] PRINT [17, 12000] loss: 0.777
[2023-08-27 22:39:43] PRINT [18,  2000] loss: 0.729
[2023-08-27 22:40:14] PRINT [18,  4000] loss: 0.757
[2023-08-27 22:40:45] PRINT [18,  6000] loss: 0.763
[2023-08-27 22:41:17] PRINT [18,  8000] loss: 0.728
[2023-08-27 22:41:50] PRINT [18, 10000] loss: 0.770
[2023-08-27 22:42:23] PRINT [18, 12000] loss: 0.776
[2023-08-27 22:43:04] PRINT [19,  2000] loss: 0.706
[2023-08-27 22:43:36] PRINT [19,  4000] loss: 0.736
[2023-08-27 22:44:08] PRINT [19,  6000] loss: 0.726
[2023-08-27 22:44:40] PRINT [19,  8000] loss: 0.730
[2023-08-27 22:45:13] PRINT [19, 10000] loss: 0.742
[2023-08-27 22:45:46] PRINT [19, 12000] loss: 0.748
[2023-08-27 22:46:29] PRINT [20,  2000] loss: 0.683
[2023-08-27 22:46:57] PRINT [20,  4000] loss: 0.686
[2023-08-27 22:47:25] PRINT [20,  6000] loss: 0.716
[2023-08-27 22:47:55] PRINT [20,  8000] loss: 0.720
[2023-08-27 22:48:25] PRINT [20, 10000] loss: 0.733
[2023-08-27 22:48:54] PRINT [20, 12000] loss: 0.726
[2023-08-27 22:49:02] PRINT Finished Training
[2023-08-27 22:49:03] PRINT GroundTruth:  cat   ship  ship  plane
[2023-08-27 22:49:03] PRINT Predicted:  cat   car   plane plane
[2023-08-27 22:49:41] PRINT Accuracy of the network on the 10000 test images: 65 %
[2023-08-27 22:50:19] PRINT Accuracy for class: plane is 71.9 %
[2023-08-27 22:50:19] PRINT Accuracy for class: car   is 73.7 %
[2023-08-27 22:50:19] PRINT Accuracy for class: bird  is 59.2 %
[2023-08-27 22:50:19] PRINT Accuracy for class: cat   is 49.4 %
[2023-08-27 22:50:19] PRINT Accuracy for class: deer  is 57.7 %
[2023-08-27 22:50:19] PRINT Accuracy for class: dog   is 50.2 %
[2023-08-27 22:50:19] PRINT Accuracy for class: frog  is 74.3 %
[2023-08-27 22:50:19] PRINT Accuracy for class: horse is 67.5 %
[2023-08-27 22:50:19] PRINT Accuracy for class: ship  is 78.8 %
[2023-08-27 22:50:19] PRINT Accuracy for class: truck is 73.1 %
