[2023-08-27 22:40:04] PRINT cuda
[2023-08-27 22:40:04] PRINT {'lr': 0.001501738002085764, 'momentum': 0.6957350475574766, 'batch_size': 16}
[2023-08-27 22:40:04] PRINT Files already downloaded and verified
[2023-08-27 22:40:05] PRINT Files already downloaded and verified
[2023-08-27 22:41:59] PRINT [1,  2000] loss: 2.294
[2023-08-27 22:44:50] PRINT [2,  2000] loss: 1.942
[2023-08-27 22:47:35] PRINT [3,  2000] loss: 1.628
[2023-08-27 22:50:12] PRINT [4,  2000] loss: 1.502
[2023-08-27 22:52:48] PRINT [5,  2000] loss: 1.414
[2023-08-27 22:55:30] PRINT [6,  2000] loss: 1.336
[2023-08-27 22:58:12] PRINT [7,  2000] loss: 1.265
[2023-08-27 23:00:53] PRINT [8,  2000] loss: 1.206
[2023-08-27 23:03:32] PRINT [9,  2000] loss: 1.147
[2023-08-27 23:06:14] PRINT [10,  2000] loss: 1.111
[2023-08-27 23:08:55] PRINT [11,  2000] loss: 1.073
[2023-08-27 23:11:35] PRINT [12,  2000] loss: 1.030
[2023-08-27 23:14:17] PRINT [13,  2000] loss: 1.001
[2023-08-27 23:16:57] PRINT [14,  2000] loss: 0.968
[2023-08-27 23:19:37] PRINT [15,  2000] loss: 0.939
[2023-08-27 23:22:18] PRINT [16,  2000] loss: 0.910
[2023-08-27 23:25:00] PRINT [17,  2000] loss: 0.890
[2023-08-27 23:27:40] PRINT [18,  2000] loss: 0.864
[2023-08-27 23:30:22] PRINT [19,  2000] loss: 0.846
[2023-08-27 23:33:04] PRINT [20,  2000] loss: 0.823
[2023-08-27 23:34:01] PRINT Finished Training
[2023-08-27 23:34:02] PRINT GroundTruth:  cat   ship  ship  plane
[2023-08-27 23:34:02] PRINT Predicted:  dog   car   ship  plane
[2023-08-27 23:34:34] PRINT Accuracy of the network on the 10000 test images: 64 %
[2023-08-27 23:35:08] PRINT Accuracy for class: plane is 69.7 %
[2023-08-27 23:35:08] PRINT Accuracy for class: car   is 84.8 %
[2023-08-27 23:35:08] PRINT Accuracy for class: bird  is 42.6 %
[2023-08-27 23:35:08] PRINT Accuracy for class: cat   is 44.8 %
[2023-08-27 23:35:08] PRINT Accuracy for class: deer  is 66.4 %
[2023-08-27 23:35:08] PRINT Accuracy for class: dog   is 53.1 %
[2023-08-27 23:35:08] PRINT Accuracy for class: frog  is 73.5 %
[2023-08-27 23:35:08] PRINT Accuracy for class: horse is 67.6 %
[2023-08-27 23:35:08] PRINT Accuracy for class: ship  is 75.3 %
[2023-08-27 23:35:08] PRINT Accuracy for class: truck is 67.9 %
