[2023-08-27 23:41:39] PRINT cuda
[2023-08-27 23:41:39] PRINT {'lr': 0.00010130412162368708, 'momentum': 0.9694102514657539, 'batch_size': 4}
[2023-08-27 23:41:40] PRINT Files already downloaded and verified
[2023-08-27 23:41:41] PRINT Files already downloaded and verified
[2023-08-27 23:42:16] PRINT [1,  2000] loss: 2.299
[2023-08-27 23:42:48] PRINT [1,  4000] loss: 2.195
[2023-08-27 23:43:19] PRINT [1,  6000] loss: 2.019
[2023-08-27 23:43:51] PRINT [1,  8000] loss: 1.946
[2023-08-27 23:44:23] PRINT [1, 10000] loss: 1.879
[2023-08-27 23:44:54] PRINT [1, 12000] loss: 1.782
[2023-08-27 23:45:34] PRINT [2,  2000] loss: 1.680
[2023-08-27 23:46:06] PRINT [2,  4000] loss: 1.642
[2023-08-27 23:46:39] PRINT [2,  6000] loss: 1.569
[2023-08-27 23:47:11] PRINT [2,  8000] loss: 1.545
[2023-08-27 23:47:42] PRINT [2, 10000] loss: 1.491
[2023-08-27 23:48:15] PRINT [2, 12000] loss: 1.455
[2023-08-27 23:48:58] PRINT [3,  2000] loss: 1.421
[2023-08-27 23:49:30] PRINT [3,  4000] loss: 1.381
[2023-08-27 23:50:03] PRINT [3,  6000] loss: 1.378
[2023-08-27 23:50:36] PRINT [3,  8000] loss: 1.347
[2023-08-27 23:51:10] PRINT [3, 10000] loss: 1.339
[2023-08-27 23:51:43] PRINT [3, 12000] loss: 1.311
[2023-08-27 23:52:28] PRINT [4,  2000] loss: 1.283
[2023-08-27 23:53:01] PRINT [4,  4000] loss: 1.273
[2023-08-27 23:53:34] PRINT [4,  6000] loss: 1.265
[2023-08-27 23:54:08] PRINT [4,  8000] loss: 1.256
[2023-08-27 23:54:42] PRINT [4, 10000] loss: 1.228
[2023-08-27 23:55:14] PRINT [4, 12000] loss: 1.205
[2023-08-27 23:55:54] PRINT [5,  2000] loss: 1.177
[2023-08-27 23:56:24] PRINT [5,  4000] loss: 1.189
[2023-08-27 23:56:56] PRINT [5,  6000] loss: 1.180
[2023-08-27 23:57:27] PRINT [5,  8000] loss: 1.148
[2023-08-27 23:57:58] PRINT [5, 10000] loss: 1.162
[2023-08-27 23:58:30] PRINT [5, 12000] loss: 1.132
[2023-08-27 23:59:11] PRINT [6,  2000] loss: 1.095
[2023-08-27 23:59:43] PRINT [6,  4000] loss: 1.116
[2023-08-28 00:00:15] PRINT [6,  6000] loss: 1.093
[2023-08-28 00:00:46] PRINT [6,  8000] loss: 1.098
[2023-08-28 00:01:18] PRINT [6, 10000] loss: 1.082
[2023-08-28 00:01:50] PRINT [6, 12000] loss: 1.105
[2023-08-28 00:02:32] PRINT [7,  2000] loss: 1.039
[2023-08-28 00:03:04] PRINT [7,  4000] loss: 1.044
[2023-08-28 00:03:35] PRINT [7,  6000] loss: 1.038
[2023-08-28 00:04:07] PRINT [7,  8000] loss: 1.049
[2023-08-28 00:04:39] PRINT [7, 10000] loss: 1.035
[2023-08-28 00:05:10] PRINT [7, 12000] loss: 1.049
[2023-08-28 00:05:52] PRINT [8,  2000] loss: 0.980
[2023-08-28 00:06:23] PRINT [8,  4000] loss: 0.981
[2023-08-28 00:06:56] PRINT [8,  6000] loss: 1.006
[2023-08-28 00:07:27] PRINT [8,  8000] loss: 1.012
[2023-08-28 00:07:59] PRINT [8, 10000] loss: 0.985
[2023-08-28 00:08:32] PRINT [8, 12000] loss: 1.012
[2023-08-28 00:09:14] PRINT [9,  2000] loss: 0.936
[2023-08-28 00:09:46] PRINT [9,  4000] loss: 0.940
[2023-08-28 00:10:17] PRINT [9,  6000] loss: 0.944
[2023-08-28 00:10:49] PRINT [9,  8000] loss: 0.964
[2023-08-28 00:11:21] PRINT [9, 10000] loss: 0.951
[2023-08-28 00:11:53] PRINT [9, 12000] loss: 0.950
[2023-08-28 00:12:35] PRINT [10,  2000] loss: 0.878
[2023-08-28 00:13:06] PRINT [10,  4000] loss: 0.891
[2023-08-28 00:13:38] PRINT [10,  6000] loss: 0.916
[2023-08-28 00:14:10] PRINT [10,  8000] loss: 0.916
[2023-08-28 00:14:42] PRINT [10, 10000] loss: 0.929
[2023-08-28 00:15:13] PRINT [10, 12000] loss: 0.940
[2023-08-28 00:15:56] PRINT [11,  2000] loss: 0.846
[2023-08-28 00:16:28] PRINT [11,  4000] loss: 0.847
[2023-08-28 00:17:00] PRINT [11,  6000] loss: 0.860
[2023-08-28 00:17:32] PRINT [11,  8000] loss: 0.891
[2023-08-28 00:18:03] PRINT [11, 10000] loss: 0.892
[2023-08-28 00:18:35] PRINT [11, 12000] loss: 0.907
[2023-08-28 00:19:16] PRINT [12,  2000] loss: 0.819
[2023-08-28 00:19:48] PRINT [12,  4000] loss: 0.836
[2023-08-28 00:20:20] PRINT [12,  6000] loss: 0.823
[2023-08-28 00:20:52] PRINT [12,  8000] loss: 0.842
[2023-08-28 00:21:23] PRINT [12, 10000] loss: 0.872
[2023-08-28 00:21:54] PRINT [12, 12000] loss: 0.857
[2023-08-28 00:22:36] PRINT [13,  2000] loss: 0.767
[2023-08-28 00:23:08] PRINT [13,  4000] loss: 0.803
[2023-08-28 00:23:40] PRINT [13,  6000] loss: 0.811
[2023-08-28 00:24:11] PRINT [13,  8000] loss: 0.815
[2023-08-28 00:24:43] PRINT [13, 10000] loss: 0.828
[2023-08-28 00:25:14] PRINT [13, 12000] loss: 0.811
[2023-08-28 00:25:55] PRINT [14,  2000] loss: 0.743
[2023-08-28 00:26:27] PRINT [14,  4000] loss: 0.769
[2023-08-28 00:27:00] PRINT [14,  6000] loss: 0.783
[2023-08-28 00:27:31] PRINT [14,  8000] loss: 0.771
[2023-08-28 00:28:03] PRINT [14, 10000] loss: 0.790
[2023-08-28 00:28:34] PRINT [14, 12000] loss: 0.788
[2023-08-28 00:29:16] PRINT [15,  2000] loss: 0.730
[2023-08-28 00:29:48] PRINT [15,  4000] loss: 0.744
[2023-08-28 00:30:19] PRINT [15,  6000] loss: 0.731
[2023-08-28 00:30:51] PRINT [15,  8000] loss: 0.788
[2023-08-28 00:31:22] PRINT [15, 10000] loss: 0.759
[2023-08-28 00:31:53] PRINT [15, 12000] loss: 0.752
[2023-08-28 00:32:35] PRINT [16,  2000] loss: 0.685
[2023-08-28 00:33:07] PRINT [16,  4000] loss: 0.702
[2023-08-28 00:33:39] PRINT [16,  6000] loss: 0.712
[2023-08-28 00:34:10] PRINT [16,  8000] loss: 0.725
[2023-08-28 00:34:42] PRINT [16, 10000] loss: 0.749
[2023-08-28 00:35:15] PRINT [16, 12000] loss: 0.758
[2023-08-28 00:35:55] PRINT [17,  2000] loss: 0.649
[2023-08-28 00:36:27] PRINT [17,  4000] loss: 0.683
[2023-08-28 00:36:58] PRINT [17,  6000] loss: 0.692
[2023-08-28 00:37:30] PRINT [17,  8000] loss: 0.688
[2023-08-28 00:38:02] PRINT [17, 10000] loss: 0.742
[2023-08-28 00:38:35] PRINT [17, 12000] loss: 0.708
[2023-08-28 00:39:17] PRINT [18,  2000] loss: 0.631
[2023-08-28 00:39:50] PRINT [18,  4000] loss: 0.651
[2023-08-28 00:40:22] PRINT [18,  6000] loss: 0.650
[2023-08-28 00:40:54] PRINT [18,  8000] loss: 0.696
[2023-08-28 00:41:27] PRINT [18, 10000] loss: 0.696
[2023-08-28 00:41:59] PRINT [18, 12000] loss: 0.720
[2023-08-28 00:42:42] PRINT [19,  2000] loss: 0.615
[2023-08-28 00:43:15] PRINT [19,  4000] loss: 0.611
[2023-08-28 00:43:47] PRINT [19,  6000] loss: 0.646
[2023-08-28 00:44:18] PRINT [19,  8000] loss: 0.648
[2023-08-28 00:44:51] PRINT [19, 10000] loss: 0.677
[2023-08-28 00:45:23] PRINT [19, 12000] loss: 0.671
[2023-08-28 00:46:06] PRINT [20,  2000] loss: 0.586
[2023-08-28 00:46:38] PRINT [20,  4000] loss: 0.584
[2023-08-28 00:47:11] PRINT [20,  6000] loss: 0.632
[2023-08-28 00:47:45] PRINT [20,  8000] loss: 0.645
[2023-08-28 00:48:17] PRINT [20, 10000] loss: 0.661
[2023-08-28 00:48:50] PRINT [20, 12000] loss: 0.667
[2023-08-28 00:48:59] PRINT Finished Training
[2023-08-28 00:49:00] PRINT GroundTruth:  cat   ship  ship  plane
[2023-08-28 00:49:00] PRINT Predicted:  cat   plane plane plane
[2023-08-28 00:49:43] PRINT Accuracy of the network on the 10000 test images: 63 %
[2023-08-28 00:50:27] PRINT Accuracy for class: plane is 74.7 %
[2023-08-28 00:50:27] PRINT Accuracy for class: car   is 77.5 %
[2023-08-28 00:50:27] PRINT Accuracy for class: bird  is 57.3 %
[2023-08-28 00:50:27] PRINT Accuracy for class: cat   is 45.6 %
[2023-08-28 00:50:27] PRINT Accuracy for class: deer  is 59.6 %
[2023-08-28 00:50:27] PRINT Accuracy for class: dog   is 48.0 %
[2023-08-28 00:50:27] PRINT Accuracy for class: frog  is 70.6 %
[2023-08-28 00:50:27] PRINT Accuracy for class: horse is 63.2 %
[2023-08-28 00:50:27] PRINT Accuracy for class: ship  is 75.3 %
[2023-08-28 00:50:27] PRINT Accuracy for class: truck is 62.6 %
