[2023-08-27 23:45:19] PRINT cuda
[2023-08-27 23:45:19] PRINT {'lr': 0.0009347490897210763, 'momentum': 0.3172670744900644, 'batch_size': 4}
[2023-08-27 23:45:20] PRINT Files already downloaded and verified
[2023-08-27 23:45:21] PRINT Files already downloaded and verified
[2023-08-27 23:45:59] PRINT [1,  2000] loss: 2.303
[2023-08-27 23:46:31] PRINT [1,  4000] loss: 2.298
[2023-08-27 23:47:03] PRINT [1,  6000] loss: 2.284
[2023-08-27 23:47:34] PRINT [1,  8000] loss: 2.213
[2023-08-27 23:48:07] PRINT [1, 10000] loss: 2.083
[2023-08-27 23:48:40] PRINT [1, 12000] loss: 2.014
[2023-08-27 23:49:21] PRINT [2,  2000] loss: 1.892
[2023-08-27 23:49:55] PRINT [2,  4000] loss: 1.845
[2023-08-27 23:50:29] PRINT [2,  6000] loss: 1.777
[2023-08-27 23:51:03] PRINT [2,  8000] loss: 1.741
[2023-08-27 23:51:36] PRINT [2, 10000] loss: 1.708
[2023-08-27 23:52:09] PRINT [2, 12000] loss: 1.650
[2023-08-27 23:52:52] PRINT [3,  2000] loss: 1.603
[2023-08-27 23:53:26] PRINT [3,  4000] loss: 1.591
[2023-08-27 23:54:00] PRINT [3,  6000] loss: 1.551
[2023-08-27 23:54:34] PRINT [3,  8000] loss: 1.503
[2023-08-27 23:55:07] PRINT [3, 10000] loss: 1.491
[2023-08-27 23:55:37] PRINT [3, 12000] loss: 1.483
[2023-08-27 23:56:18] PRINT [4,  2000] loss: 1.463
[2023-08-27 23:56:50] PRINT [4,  4000] loss: 1.440
[2023-08-27 23:57:22] PRINT [4,  6000] loss: 1.423
[2023-08-27 23:57:54] PRINT [4,  8000] loss: 1.403
[2023-08-27 23:58:25] PRINT [4, 10000] loss: 1.396
[2023-08-27 23:58:58] PRINT [4, 12000] loss: 1.391
[2023-08-27 23:59:40] PRINT [5,  2000] loss: 1.373
[2023-08-28 00:00:12] PRINT [5,  4000] loss: 1.351
[2023-08-28 00:00:44] PRINT [5,  6000] loss: 1.324
[2023-08-28 00:01:15] PRINT [5,  8000] loss: 1.316
[2023-08-28 00:01:48] PRINT [5, 10000] loss: 1.322
[2023-08-28 00:02:20] PRINT [5, 12000] loss: 1.310
[2023-08-28 00:03:01] PRINT [6,  2000] loss: 1.276
[2023-08-28 00:03:34] PRINT [6,  4000] loss: 1.271
[2023-08-28 00:04:05] PRINT [6,  6000] loss: 1.263
[2023-08-28 00:04:38] PRINT [6,  8000] loss: 1.272
[2023-08-28 00:05:10] PRINT [6, 10000] loss: 1.233
[2023-08-28 00:05:42] PRINT [6, 12000] loss: 1.258
[2023-08-28 00:06:23] PRINT [7,  2000] loss: 1.220
[2023-08-28 00:06:55] PRINT [7,  4000] loss: 1.224
[2023-08-28 00:07:27] PRINT [7,  6000] loss: 1.202
[2023-08-28 00:07:59] PRINT [7,  8000] loss: 1.191
[2023-08-28 00:08:32] PRINT [7, 10000] loss: 1.206
[2023-08-28 00:09:03] PRINT [7, 12000] loss: 1.190
[2023-08-28 00:09:45] PRINT [8,  2000] loss: 1.180
[2023-08-28 00:10:16] PRINT [8,  4000] loss: 1.145
[2023-08-28 00:10:48] PRINT [8,  6000] loss: 1.160
[2023-08-28 00:11:21] PRINT [8,  8000] loss: 1.149
[2023-08-28 00:11:52] PRINT [8, 10000] loss: 1.141
[2023-08-28 00:12:24] PRINT [8, 12000] loss: 1.140
[2023-08-28 00:13:05] PRINT [9,  2000] loss: 1.106
[2023-08-28 00:13:37] PRINT [9,  4000] loss: 1.121
[2023-08-28 00:14:09] PRINT [9,  6000] loss: 1.105
[2023-08-28 00:14:41] PRINT [9,  8000] loss: 1.108
[2023-08-28 00:15:12] PRINT [9, 10000] loss: 1.126
[2023-08-28 00:15:44] PRINT [9, 12000] loss: 1.115
[2023-08-28 00:16:26] PRINT [10,  2000] loss: 1.085
[2023-08-28 00:16:59] PRINT [10,  4000] loss: 1.081
[2023-08-28 00:17:30] PRINT [10,  6000] loss: 1.080
[2023-08-28 00:18:02] PRINT [10,  8000] loss: 1.069
[2023-08-28 00:18:33] PRINT [10, 10000] loss: 1.089
[2023-08-28 00:19:05] PRINT [10, 12000] loss: 1.056
[2023-08-28 00:19:47] PRINT [11,  2000] loss: 1.057
[2023-08-28 00:20:19] PRINT [11,  4000] loss: 1.020
[2023-08-28 00:20:51] PRINT [11,  6000] loss: 1.054
[2023-08-28 00:21:23] PRINT [11,  8000] loss: 1.049
[2023-08-28 00:21:55] PRINT [11, 10000] loss: 1.037
[2023-08-28 00:22:26] PRINT [11, 12000] loss: 1.048
[2023-08-28 00:23:09] PRINT [12,  2000] loss: 1.007
[2023-08-28 00:23:40] PRINT [12,  4000] loss: 1.018
[2023-08-28 00:24:12] PRINT [12,  6000] loss: 1.005
[2023-08-28 00:24:44] PRINT [12,  8000] loss: 1.024
[2023-08-28 00:25:15] PRINT [12, 10000] loss: 1.003
[2023-08-28 00:25:47] PRINT [12, 12000] loss: 1.008
[2023-08-28 00:26:30] PRINT [13,  2000] loss: 0.979
[2023-08-28 00:27:02] PRINT [13,  4000] loss: 0.985
[2023-08-28 00:27:35] PRINT [13,  6000] loss: 0.986
[2023-08-28 00:28:07] PRINT [13,  8000] loss: 0.984
[2023-08-28 00:28:38] PRINT [13, 10000] loss: 0.992
[2023-08-28 00:29:11] PRINT [13, 12000] loss: 0.971
[2023-08-28 00:29:53] PRINT [14,  2000] loss: 0.943
[2023-08-28 00:30:24] PRINT [14,  4000] loss: 0.957
[2023-08-28 00:30:55] PRINT [14,  6000] loss: 0.960
[2023-08-28 00:31:27] PRINT [14,  8000] loss: 0.949
[2023-08-28 00:31:59] PRINT [14, 10000] loss: 0.953
[2023-08-28 00:32:31] PRINT [14, 12000] loss: 0.962
[2023-08-28 00:33:12] PRINT [15,  2000] loss: 0.917
[2023-08-28 00:33:44] PRINT [15,  4000] loss: 0.938
[2023-08-28 00:34:16] PRINT [15,  6000] loss: 0.911
[2023-08-28 00:34:48] PRINT [15,  8000] loss: 0.929
[2023-08-28 00:35:21] PRINT [15, 10000] loss: 0.930
[2023-08-28 00:35:52] PRINT [15, 12000] loss: 0.924
[2023-08-28 00:36:33] PRINT [16,  2000] loss: 0.875
[2023-08-28 00:37:03] PRINT [16,  4000] loss: 0.907
[2023-08-28 00:37:35] PRINT [16,  6000] loss: 0.919
[2023-08-28 00:38:08] PRINT [16,  8000] loss: 0.905
[2023-08-28 00:38:40] PRINT [16, 10000] loss: 0.907
[2023-08-28 00:39:13] PRINT [16, 12000] loss: 0.897
[2023-08-28 00:39:55] PRINT [17,  2000] loss: 0.861
[2023-08-28 00:40:27] PRINT [17,  4000] loss: 0.871
[2023-08-28 00:41:00] PRINT [17,  6000] loss: 0.878
[2023-08-28 00:41:33] PRINT [17,  8000] loss: 0.894
[2023-08-28 00:42:05] PRINT [17, 10000] loss: 0.890
[2023-08-28 00:42:37] PRINT [17, 12000] loss: 0.862
[2023-08-28 00:43:20] PRINT [18,  2000] loss: 0.816
[2023-08-28 00:43:52] PRINT [18,  4000] loss: 0.841
[2023-08-28 00:44:24] PRINT [18,  6000] loss: 0.851
[2023-08-28 00:44:58] PRINT [18,  8000] loss: 0.877
[2023-08-28 00:45:30] PRINT [18, 10000] loss: 0.873
[2023-08-28 00:46:03] PRINT [18, 12000] loss: 0.858
[2023-08-28 00:46:46] PRINT [19,  2000] loss: 0.816
[2023-08-28 00:47:19] PRINT [19,  4000] loss: 0.821
[2023-08-28 00:47:51] PRINT [19,  6000] loss: 0.833
[2023-08-28 00:48:24] PRINT [19,  8000] loss: 0.841
[2023-08-28 00:48:57] PRINT [19, 10000] loss: 0.846
[2023-08-28 00:49:30] PRINT [19, 12000] loss: 0.843
[2023-08-28 00:50:13] PRINT [20,  2000] loss: 0.804
[2023-08-28 00:50:44] PRINT [20,  4000] loss: 0.810
[2023-08-28 00:51:16] PRINT [20,  6000] loss: 0.800
[2023-08-28 00:51:49] PRINT [20,  8000] loss: 0.815
[2023-08-28 00:52:21] PRINT [20, 10000] loss: 0.818
[2023-08-28 00:52:53] PRINT [20, 12000] loss: 0.821
[2023-08-28 00:53:02] PRINT Finished Training
[2023-08-28 00:53:03] PRINT GroundTruth:  cat   ship  ship  plane
[2023-08-28 00:53:03] PRINT Predicted:  cat   ship  ship  plane
[2023-08-28 00:53:46] PRINT Accuracy of the network on the 10000 test images: 64 %
[2023-08-28 00:54:28] PRINT Accuracy for class: plane is 72.5 %
[2023-08-28 00:54:28] PRINT Accuracy for class: car   is 76.2 %
[2023-08-28 00:54:28] PRINT Accuracy for class: bird  is 42.1 %
[2023-08-28 00:54:28] PRINT Accuracy for class: cat   is 55.6 %
[2023-08-28 00:54:28] PRINT Accuracy for class: deer  is 55.5 %
[2023-08-28 00:54:28] PRINT Accuracy for class: dog   is 48.7 %
[2023-08-28 00:54:28] PRINT Accuracy for class: frog  is 80.5 %
[2023-08-28 00:54:28] PRINT Accuracy for class: horse is 64.3 %
[2023-08-28 00:54:28] PRINT Accuracy for class: ship  is 72.4 %
[2023-08-28 00:54:28] PRINT Accuracy for class: truck is 73.5 %
