[2023-08-27 22:50:34] PRINT cuda
[2023-08-27 22:50:34] PRINT {'lr': 0.0009630903314320503, 'momentum': 0.04023939942060861, 'batch_size': 4}
[2023-08-27 22:50:34] PRINT Files already downloaded and verified
[2023-08-27 22:50:36] PRINT Files already downloaded and verified
[2023-08-27 22:51:11] PRINT [1,  2000] loss: 2.304
[2023-08-27 22:51:41] PRINT [1,  4000] loss: 2.300
[2023-08-27 22:52:10] PRINT [1,  6000] loss: 2.295
[2023-08-27 22:52:40] PRINT [1,  8000] loss: 2.278
[2023-08-27 22:53:10] PRINT [1, 10000] loss: 2.242
[2023-08-27 22:53:39] PRINT [1, 12000] loss: 2.177
[2023-08-27 22:54:17] PRINT [2,  2000] loss: 2.077
[2023-08-27 22:54:47] PRINT [2,  4000] loss: 2.015
[2023-08-27 22:55:18] PRINT [2,  6000] loss: 1.975
[2023-08-27 22:55:47] PRINT [2,  8000] loss: 1.951
[2023-08-27 22:56:17] PRINT [2, 10000] loss: 1.901
[2023-08-27 22:56:46] PRINT [2, 12000] loss: 1.852
[2023-08-27 22:57:26] PRINT [3,  2000] loss: 1.789
[2023-08-27 22:57:55] PRINT [3,  4000] loss: 1.770
[2023-08-27 22:58:25] PRINT [3,  6000] loss: 1.731
[2023-08-27 22:58:55] PRINT [3,  8000] loss: 1.693
[2023-08-27 22:59:25] PRINT [3, 10000] loss: 1.669
[2023-08-27 22:59:54] PRINT [3, 12000] loss: 1.633
[2023-08-27 23:00:33] PRINT [4,  2000] loss: 1.614
[2023-08-27 23:01:03] PRINT [4,  4000] loss: 1.558
[2023-08-27 23:01:33] PRINT [4,  6000] loss: 1.562
[2023-08-27 23:02:02] PRINT [4,  8000] loss: 1.532
[2023-08-27 23:02:32] PRINT [4, 10000] loss: 1.548
[2023-08-27 23:03:01] PRINT [4, 12000] loss: 1.534
[2023-08-27 23:03:40] PRINT [5,  2000] loss: 1.508
[2023-08-27 23:04:10] PRINT [5,  4000] loss: 1.487
[2023-08-27 23:04:40] PRINT [5,  6000] loss: 1.459
[2023-08-27 23:05:10] PRINT [5,  8000] loss: 1.445
[2023-08-27 23:05:40] PRINT [5, 10000] loss: 1.457
[2023-08-27 23:06:10] PRINT [5, 12000] loss: 1.451
[2023-08-27 23:06:48] PRINT [6,  2000] loss: 1.404
[2023-08-27 23:07:18] PRINT [6,  4000] loss: 1.405
[2023-08-27 23:07:48] PRINT [6,  6000] loss: 1.428
[2023-08-27 23:08:17] PRINT [6,  8000] loss: 1.399
[2023-08-27 23:08:48] PRINT [6, 10000] loss: 1.395
[2023-08-27 23:09:17] PRINT [6, 12000] loss: 1.387
[2023-08-27 23:09:56] PRINT [7,  2000] loss: 1.347
[2023-08-27 23:10:26] PRINT [7,  4000] loss: 1.355
[2023-08-27 23:10:56] PRINT [7,  6000] loss: 1.346
[2023-08-27 23:11:25] PRINT [7,  8000] loss: 1.345
[2023-08-27 23:11:55] PRINT [7, 10000] loss: 1.344
[2023-08-27 23:12:25] PRINT [7, 12000] loss: 1.344
[2023-08-27 23:13:03] PRINT [8,  2000] loss: 1.304
[2023-08-27 23:13:33] PRINT [8,  4000] loss: 1.309
[2023-08-27 23:14:03] PRINT [8,  6000] loss: 1.298
[2023-08-27 23:14:32] PRINT [8,  8000] loss: 1.279
[2023-08-27 23:15:02] PRINT [8, 10000] loss: 1.284
[2023-08-27 23:15:32] PRINT [8, 12000] loss: 1.292
[2023-08-27 23:16:11] PRINT [9,  2000] loss: 1.245
[2023-08-27 23:16:41] PRINT [9,  4000] loss: 1.257
[2023-08-27 23:17:11] PRINT [9,  6000] loss: 1.235
[2023-08-27 23:17:40] PRINT [9,  8000] loss: 1.235
[2023-08-27 23:18:11] PRINT [9, 10000] loss: 1.222
[2023-08-27 23:18:41] PRINT [9, 12000] loss: 1.235
[2023-08-27 23:19:20] PRINT [10,  2000] loss: 1.184
[2023-08-27 23:19:50] PRINT [10,  4000] loss: 1.204
[2023-08-27 23:20:20] PRINT [10,  6000] loss: 1.177
[2023-08-27 23:20:49] PRINT [10,  8000] loss: 1.175
[2023-08-27 23:21:19] PRINT [10, 10000] loss: 1.178
[2023-08-27 23:21:49] PRINT [10, 12000] loss: 1.181
[2023-08-27 23:22:28] PRINT [11,  2000] loss: 1.131
[2023-08-27 23:22:58] PRINT [11,  4000] loss: 1.142
[2023-08-27 23:23:28] PRINT [11,  6000] loss: 1.157
[2023-08-27 23:23:57] PRINT [11,  8000] loss: 1.138
[2023-08-27 23:24:27] PRINT [11, 10000] loss: 1.136
[2023-08-27 23:24:57] PRINT [11, 12000] loss: 1.129
[2023-08-27 23:25:36] PRINT [12,  2000] loss: 1.118
[2023-08-27 23:26:05] PRINT [12,  4000] loss: 1.116
[2023-08-27 23:26:35] PRINT [12,  6000] loss: 1.107
[2023-08-27 23:27:05] PRINT [12,  8000] loss: 1.112
[2023-08-27 23:27:35] PRINT [12, 10000] loss: 1.084
[2023-08-27 23:28:04] PRINT [12, 12000] loss: 1.095
[2023-08-27 23:28:43] PRINT [13,  2000] loss: 1.095
[2023-08-27 23:29:13] PRINT [13,  4000] loss: 1.059
[2023-08-27 23:29:43] PRINT [13,  6000] loss: 1.059
[2023-08-27 23:30:12] PRINT [13,  8000] loss: 1.083
[2023-08-27 23:30:43] PRINT [13, 10000] loss: 1.072
[2023-08-27 23:31:13] PRINT [13, 12000] loss: 1.066
[2023-08-27 23:31:51] PRINT [14,  2000] loss: 1.040
[2023-08-27 23:32:21] PRINT [14,  4000] loss: 1.040
[2023-08-27 23:32:51] PRINT [14,  6000] loss: 1.044
[2023-08-27 23:33:21] PRINT [14,  8000] loss: 1.046
[2023-08-27 23:33:51] PRINT [14, 10000] loss: 1.039
[2023-08-27 23:34:20] PRINT [14, 12000] loss: 1.033
[2023-08-27 23:34:59] PRINT [15,  2000] loss: 1.003
[2023-08-27 23:35:29] PRINT [15,  4000] loss: 1.004
[2023-08-27 23:36:00] PRINT [15,  6000] loss: 1.028
[2023-08-27 23:36:30] PRINT [15,  8000] loss: 1.016
[2023-08-27 23:37:01] PRINT [15, 10000] loss: 1.000
[2023-08-27 23:37:31] PRINT [15, 12000] loss: 1.012
[2023-08-27 23:38:11] PRINT [16,  2000] loss: 0.983
[2023-08-27 23:38:42] PRINT [16,  4000] loss: 0.966
[2023-08-27 23:39:12] PRINT [16,  6000] loss: 0.991
[2023-08-27 23:39:43] PRINT [16,  8000] loss: 0.979
[2023-08-27 23:40:15] PRINT [16, 10000] loss: 0.980
[2023-08-27 23:40:45] PRINT [16, 12000] loss: 0.996
[2023-08-27 23:41:25] PRINT [17,  2000] loss: 0.950
[2023-08-27 23:41:54] PRINT [17,  4000] loss: 0.947
[2023-08-27 23:42:25] PRINT [17,  6000] loss: 0.969
[2023-08-27 23:42:57] PRINT [17,  8000] loss: 0.946
[2023-08-27 23:43:29] PRINT [17, 10000] loss: 0.963
[2023-08-27 23:44:00] PRINT [17, 12000] loss: 0.964
[2023-08-27 23:44:42] PRINT [18,  2000] loss: 0.936
[2023-08-27 23:45:13] PRINT [18,  4000] loss: 0.933
[2023-08-27 23:45:44] PRINT [18,  6000] loss: 0.935
[2023-08-27 23:46:17] PRINT [18,  8000] loss: 0.937
[2023-08-27 23:46:49] PRINT [18, 10000] loss: 0.929
[2023-08-27 23:47:20] PRINT [18, 12000] loss: 0.940
[2023-08-27 23:48:03] PRINT [19,  2000] loss: 0.901
[2023-08-27 23:48:36] PRINT [19,  4000] loss: 0.898
[2023-08-27 23:49:08] PRINT [19,  6000] loss: 0.922
[2023-08-27 23:49:40] PRINT [19,  8000] loss: 0.926
[2023-08-27 23:50:14] PRINT [19, 10000] loss: 0.906
[2023-08-27 23:50:47] PRINT [19, 12000] loss: 0.913
[2023-08-27 23:51:31] PRINT [20,  2000] loss: 0.886
[2023-08-27 23:52:04] PRINT [20,  4000] loss: 0.875
[2023-08-27 23:52:38] PRINT [20,  6000] loss: 0.878
[2023-08-27 23:53:11] PRINT [20,  8000] loss: 0.898
[2023-08-27 23:53:46] PRINT [20, 10000] loss: 0.897
[2023-08-27 23:54:19] PRINT [20, 12000] loss: 0.894
[2023-08-27 23:54:29] PRINT Finished Training
[2023-08-27 23:54:30] PRINT GroundTruth:  cat   ship  ship  plane
[2023-08-27 23:54:30] PRINT Predicted:  cat   car   ship  ship 
[2023-08-27 23:55:13] PRINT Accuracy of the network on the 10000 test images: 63 %
[2023-08-27 23:55:54] PRINT Accuracy for class: plane is 68.5 %
[2023-08-27 23:55:54] PRINT Accuracy for class: car   is 81.8 %
[2023-08-27 23:55:54] PRINT Accuracy for class: bird  is 63.1 %
[2023-08-27 23:55:54] PRINT Accuracy for class: cat   is 36.4 %
[2023-08-27 23:55:54] PRINT Accuracy for class: deer  is 51.9 %
[2023-08-27 23:55:54] PRINT Accuracy for class: dog   is 51.3 %
[2023-08-27 23:55:54] PRINT Accuracy for class: frog  is 75.5 %
[2023-08-27 23:55:54] PRINT Accuracy for class: horse is 69.7 %
[2023-08-27 23:55:54] PRINT Accuracy for class: ship  is 74.1 %
[2023-08-27 23:55:54] PRINT Accuracy for class: truck is 67.6 %
