[2023-08-27 20:43:09] PRINT cuda
[2023-08-27 20:43:09] PRINT {'lr': 0.000628856041587151, 'momentum': 0.39950566065052917, 'batch_size': 16}
[2023-08-27 20:43:09] PRINT Files already downloaded and verified
[2023-08-27 20:43:11] PRINT Files already downloaded and verified
[2023-08-27 20:45:03] PRINT [1,  2000] loss: 2.304
[2023-08-27 20:47:40] PRINT [2,  2000] loss: 2.301
[2023-08-27 20:50:14] PRINT [3,  2000] loss: 2.294
[2023-08-27 20:52:49] PRINT [4,  2000] loss: 2.257
[2023-08-27 20:55:24] PRINT [5,  2000] loss: 2.096
[2023-08-27 20:58:00] PRINT [6,  2000] loss: 1.988
[2023-08-27 21:00:37] PRINT [7,  2000] loss: 1.905
[2023-08-27 21:03:12] PRINT [8,  2000] loss: 1.832
[2023-08-27 21:05:47] PRINT [9,  2000] loss: 1.751
[2023-08-27 21:08:22] PRINT [10,  2000] loss: 1.677
[2023-08-27 21:10:58] PRINT [11,  2000] loss: 1.633
[2023-08-27 21:13:33] PRINT [12,  2000] loss: 1.593
[2023-08-27 21:16:07] PRINT [13,  2000] loss: 1.553
[2023-08-27 21:18:41] PRINT [14,  2000] loss: 1.513
[2023-08-27 21:21:16] PRINT [15,  2000] loss: 1.479
[2023-08-27 21:23:52] PRINT [16,  2000] loss: 1.447
[2023-08-27 21:26:26] PRINT [17,  2000] loss: 1.420
[2023-08-27 21:29:00] PRINT [18,  2000] loss: 1.402
[2023-08-27 21:31:36] PRINT [19,  2000] loss: 1.375
[2023-08-27 21:34:10] PRINT [20,  2000] loss: 1.354
[2023-08-27 21:35:06] PRINT Finished Training
[2023-08-27 21:35:07] PRINT GroundTruth:  cat   ship  ship  plane
[2023-08-27 21:35:07] PRINT Predicted:  cat   ship  ship  plane
[2023-08-27 21:35:40] PRINT Accuracy of the network on the 10000 test images: 51 %
[2023-08-27 21:36:11] PRINT Accuracy for class: plane is 59.2 %
[2023-08-27 21:36:11] PRINT Accuracy for class: car   is 57.5 %
[2023-08-27 21:36:11] PRINT Accuracy for class: bird  is 37.1 %
[2023-08-27 21:36:11] PRINT Accuracy for class: cat   is 22.7 %
[2023-08-27 21:36:11] PRINT Accuracy for class: deer  is 40.9 %
[2023-08-27 21:36:11] PRINT Accuracy for class: dog   is 52.9 %
[2023-08-27 21:36:11] PRINT Accuracy for class: frog  is 59.2 %
[2023-08-27 21:36:11] PRINT Accuracy for class: horse is 57.7 %
[2023-08-27 21:36:11] PRINT Accuracy for class: ship  is 62.9 %
[2023-08-27 21:36:11] PRINT Accuracy for class: truck is 65.9 %
