[2023-08-27 22:47:19] PRINT cuda
[2023-08-27 22:47:19] PRINT {'lr': 0.006064817294317791, 'momentum': 0.840267168003887, 'batch_size': 16}
[2023-08-27 22:47:19] PRINT Files already downloaded and verified
[2023-08-27 22:47:20] PRINT Files already downloaded and verified
[2023-08-27 22:49:07] PRINT [1,  2000] loss: 1.831
[2023-08-27 22:51:37] PRINT [2,  2000] loss: 1.345
[2023-08-27 22:54:17] PRINT [3,  2000] loss: 1.189
[2023-08-27 22:56:57] PRINT [4,  2000] loss: 1.089
[2023-08-27 22:59:38] PRINT [5,  2000] loss: 1.011
[2023-08-27 23:02:19] PRINT [6,  2000] loss: 0.952
[2023-08-27 23:04:59] PRINT [7,  2000] loss: 0.903
[2023-08-27 23:07:38] PRINT [8,  2000] loss: 0.871
[2023-08-27 23:10:18] PRINT [9,  2000] loss: 0.831
[2023-08-27 23:12:59] PRINT [10,  2000] loss: 0.799
[2023-08-27 23:15:41] PRINT [11,  2000] loss: 0.768
[2023-08-27 23:18:19] PRINT [12,  2000] loss: 0.738
[2023-08-27 23:20:58] PRINT [13,  2000] loss: 0.718
[2023-08-27 23:23:38] PRINT [14,  2000] loss: 0.703
[2023-08-27 23:26:18] PRINT [15,  2000] loss: 0.695
[2023-08-27 23:28:57] PRINT [16,  2000] loss: 0.666
[2023-08-27 23:31:36] PRINT [17,  2000] loss: 0.654
[2023-08-27 23:34:17] PRINT [18,  2000] loss: 0.629
[2023-08-27 23:36:57] PRINT [19,  2000] loss: 0.627
[2023-08-27 23:39:40] PRINT [20,  2000] loss: 0.608
[2023-08-27 23:40:41] PRINT Finished Training
[2023-08-27 23:40:42] PRINT GroundTruth:  cat   ship  ship  plane
[2023-08-27 23:40:42] PRINT Predicted:  cat   ship  ship  ship 
[2023-08-27 23:41:17] PRINT Accuracy of the network on the 10000 test images: 62 %
[2023-08-27 23:41:49] PRINT Accuracy for class: plane is 65.0 %
[2023-08-27 23:41:49] PRINT Accuracy for class: car   is 81.0 %
[2023-08-27 23:41:49] PRINT Accuracy for class: bird  is 50.9 %
[2023-08-27 23:41:49] PRINT Accuracy for class: cat   is 42.8 %
[2023-08-27 23:41:49] PRINT Accuracy for class: deer  is 54.1 %
[2023-08-27 23:41:49] PRINT Accuracy for class: dog   is 53.2 %
[2023-08-27 23:41:49] PRINT Accuracy for class: frog  is 71.2 %
[2023-08-27 23:41:49] PRINT Accuracy for class: horse is 68.8 %
[2023-08-27 23:41:49] PRINT Accuracy for class: ship  is 65.2 %
[2023-08-27 23:41:49] PRINT Accuracy for class: truck is 69.9 %
