[2023-08-27 20:43:09] PRINT cuda
[2023-08-27 20:43:09] PRINT {'lr': 0.00017860184549546365, 'momentum': 0.5265141695260787, 'batch_size': 4}
[2023-08-27 20:43:09] PRINT Files already downloaded and verified
[2023-08-27 20:43:11] PRINT Files already downloaded and verified
[2023-08-27 20:43:53] PRINT [1,  2000] loss: 2.304
[2023-08-27 20:44:22] PRINT [1,  4000] loss: 2.302
[2023-08-27 20:44:50] PRINT [1,  6000] loss: 2.302
[2023-08-27 20:45:19] PRINT [1,  8000] loss: 2.301
[2023-08-27 20:45:47] PRINT [1, 10000] loss: 2.300
[2023-08-27 20:46:18] PRINT [1, 12000] loss: 2.299
[2023-08-27 20:46:55] PRINT [2,  2000] loss: 2.296
[2023-08-27 20:47:24] PRINT [2,  4000] loss: 2.295
[2023-08-27 20:47:52] PRINT [2,  6000] loss: 2.289
[2023-08-27 20:48:20] PRINT [2,  8000] loss: 2.283
[2023-08-27 20:48:49] PRINT [2, 10000] loss: 2.272
[2023-08-27 20:49:18] PRINT [2, 12000] loss: 2.255
[2023-08-27 20:49:55] PRINT [3,  2000] loss: 2.228
[2023-08-27 20:50:24] PRINT [3,  4000] loss: 2.204
[2023-08-27 20:50:52] PRINT [3,  6000] loss: 2.178
[2023-08-27 20:51:22] PRINT [3,  8000] loss: 2.163
[2023-08-27 20:51:50] PRINT [3, 10000] loss: 2.131
[2023-08-27 20:52:18] PRINT [3, 12000] loss: 2.103
[2023-08-27 20:52:56] PRINT [4,  2000] loss: 2.076
[2023-08-27 20:53:24] PRINT [4,  4000] loss: 2.053
[2023-08-27 20:53:54] PRINT [4,  6000] loss: 2.031
[2023-08-27 20:54:22] PRINT [4,  8000] loss: 2.007
[2023-08-27 20:54:50] PRINT [4, 10000] loss: 2.014
[2023-08-27 20:55:19] PRINT [4, 12000] loss: 1.992
[2023-08-27 20:55:56] PRINT [5,  2000] loss: 1.960
[2023-08-27 20:56:25] PRINT [5,  4000] loss: 1.959
[2023-08-27 20:56:53] PRINT [5,  6000] loss: 1.929
[2023-08-27 20:57:22] PRINT [5,  8000] loss: 1.905
[2023-08-27 20:57:50] PRINT [5, 10000] loss: 1.867
[2023-08-27 20:58:18] PRINT [5, 12000] loss: 1.844
[2023-08-27 20:58:55] PRINT [6,  2000] loss: 1.797
[2023-08-27 20:59:24] PRINT [6,  4000] loss: 1.784
[2023-08-27 20:59:53] PRINT [6,  6000] loss: 1.761
[2023-08-27 21:00:21] PRINT [6,  8000] loss: 1.730
[2023-08-27 21:00:50] PRINT [6, 10000] loss: 1.738
[2023-08-27 21:01:18] PRINT [6, 12000] loss: 1.730
[2023-08-27 21:01:56] PRINT [7,  2000] loss: 1.710
[2023-08-27 21:02:24] PRINT [7,  4000] loss: 1.671
[2023-08-27 21:02:53] PRINT [7,  6000] loss: 1.656
[2023-08-27 21:03:21] PRINT [7,  8000] loss: 1.653
[2023-08-27 21:03:49] PRINT [7, 10000] loss: 1.624
[2023-08-27 21:04:18] PRINT [7, 12000] loss: 1.633
[2023-08-27 21:04:55] PRINT [8,  2000] loss: 1.605
[2023-08-27 21:05:24] PRINT [8,  4000] loss: 1.628
[2023-08-27 21:05:53] PRINT [8,  6000] loss: 1.626
[2023-08-27 21:06:21] PRINT [8,  8000] loss: 1.588
[2023-08-27 21:06:50] PRINT [8, 10000] loss: 1.570
[2023-08-27 21:07:19] PRINT [8, 12000] loss: 1.583
[2023-08-27 21:07:57] PRINT [9,  2000] loss: 1.573
[2023-08-27 21:08:25] PRINT [9,  4000] loss: 1.575
[2023-08-27 21:08:53] PRINT [9,  6000] loss: 1.563
[2023-08-27 21:09:22] PRINT [9,  8000] loss: 1.556
[2023-08-27 21:09:51] PRINT [9, 10000] loss: 1.540
[2023-08-27 21:10:19] PRINT [9, 12000] loss: 1.553
[2023-08-27 21:10:58] PRINT [10,  2000] loss: 1.527
[2023-08-27 21:11:28] PRINT [10,  4000] loss: 1.514
[2023-08-27 21:11:57] PRINT [10,  6000] loss: 1.535
[2023-08-27 21:12:26] PRINT [10,  8000] loss: 1.546
[2023-08-27 21:12:55] PRINT [10, 10000] loss: 1.514
[2023-08-27 21:13:23] PRINT [10, 12000] loss: 1.509
[2023-08-27 21:14:00] PRINT [11,  2000] loss: 1.517
[2023-08-27 21:14:29] PRINT [11,  4000] loss: 1.504
[2023-08-27 21:14:58] PRINT [11,  6000] loss: 1.504
[2023-08-27 21:15:26] PRINT [11,  8000] loss: 1.484
[2023-08-27 21:15:55] PRINT [11, 10000] loss: 1.480
[2023-08-27 21:16:23] PRINT [11, 12000] loss: 1.460
[2023-08-27 21:17:01] PRINT [12,  2000] loss: 1.468
[2023-08-27 21:17:30] PRINT [12,  4000] loss: 1.462
[2023-08-27 21:17:58] PRINT [12,  6000] loss: 1.453
[2023-08-27 21:18:26] PRINT [12,  8000] loss: 1.457
[2023-08-27 21:18:56] PRINT [12, 10000] loss: 1.445
[2023-08-27 21:19:24] PRINT [12, 12000] loss: 1.453
[2023-08-27 21:20:02] PRINT [13,  2000] loss: 1.431
[2023-08-27 21:20:30] PRINT [13,  4000] loss: 1.423
[2023-08-27 21:20:58] PRINT [13,  6000] loss: 1.403
[2023-08-27 21:21:26] PRINT [13,  8000] loss: 1.437
[2023-08-27 21:21:55] PRINT [13, 10000] loss: 1.432
[2023-08-27 21:22:24] PRINT [13, 12000] loss: 1.423
[2023-08-27 21:23:01] PRINT [14,  2000] loss: 1.411
[2023-08-27 21:23:29] PRINT [14,  4000] loss: 1.398
[2023-08-27 21:23:58] PRINT [14,  6000] loss: 1.409
[2023-08-27 21:24:27] PRINT [14,  8000] loss: 1.399
[2023-08-27 21:24:55] PRINT [14, 10000] loss: 1.386
[2023-08-27 21:25:24] PRINT [14, 12000] loss: 1.391
[2023-08-27 21:26:01] PRINT [15,  2000] loss: 1.376
[2023-08-27 21:26:29] PRINT [15,  4000] loss: 1.389
[2023-08-27 21:26:58] PRINT [15,  6000] loss: 1.387
[2023-08-27 21:27:27] PRINT [15,  8000] loss: 1.370
[2023-08-27 21:27:56] PRINT [15, 10000] loss: 1.381
[2023-08-27 21:28:24] PRINT [15, 12000] loss: 1.348
[2023-08-27 21:29:01] PRINT [16,  2000] loss: 1.352
[2023-08-27 21:29:30] PRINT [16,  4000] loss: 1.361
[2023-08-27 21:29:59] PRINT [16,  6000] loss: 1.342
[2023-08-27 21:30:28] PRINT [16,  8000] loss: 1.367
[2023-08-27 21:30:56] PRINT [16, 10000] loss: 1.337
[2023-08-27 21:31:24] PRINT [16, 12000] loss: 1.361
[2023-08-27 21:32:02] PRINT [17,  2000] loss: 1.329
[2023-08-27 21:32:31] PRINT [17,  4000] loss: 1.354
[2023-08-27 21:32:59] PRINT [17,  6000] loss: 1.309
[2023-08-27 21:33:27] PRINT [17,  8000] loss: 1.327
[2023-08-27 21:33:56] PRINT [17, 10000] loss: 1.331
[2023-08-27 21:34:24] PRINT [17, 12000] loss: 1.339
[2023-08-27 21:35:02] PRINT [18,  2000] loss: 1.315
[2023-08-27 21:35:32] PRINT [18,  4000] loss: 1.312
[2023-08-27 21:36:00] PRINT [18,  6000] loss: 1.315
[2023-08-27 21:36:24] PRINT [18,  8000] loss: 1.318
[2023-08-27 21:36:52] PRINT [18, 10000] loss: 1.297
[2023-08-27 21:37:24] PRINT [18, 12000] loss: 1.295
[2023-08-27 21:38:06] PRINT [19,  2000] loss: 1.272
[2023-08-27 21:38:39] PRINT [19,  4000] loss: 1.300
[2023-08-27 21:39:11] PRINT [19,  6000] loss: 1.294
[2023-08-27 21:39:40] PRINT [19,  8000] loss: 1.300
[2023-08-27 21:40:13] PRINT [19, 10000] loss: 1.271
[2023-08-27 21:40:47] PRINT [19, 12000] loss: 1.299
[2023-08-27 21:41:30] PRINT [20,  2000] loss: 1.266
[2023-08-27 21:42:05] PRINT [20,  4000] loss: 1.268
[2023-08-27 21:42:38] PRINT [20,  6000] loss: 1.262
[2023-08-27 21:43:12] PRINT [20,  8000] loss: 1.258
[2023-08-27 21:43:47] PRINT [20, 10000] loss: 1.282
[2023-08-27 21:44:20] PRINT [20, 12000] loss: 1.273
[2023-08-27 21:44:29] PRINT Finished Training
[2023-08-27 21:44:30] PRINT GroundTruth:  cat   ship  ship  plane
[2023-08-27 21:44:30] PRINT Predicted:  cat   car   car   ship 
[2023-08-27 21:45:15] PRINT Accuracy of the network on the 10000 test images: 53 %
[2023-08-27 21:45:59] PRINT Accuracy for class: plane is 62.3 %
[2023-08-27 21:45:59] PRINT Accuracy for class: car   is 62.1 %
[2023-08-27 21:45:59] PRINT Accuracy for class: bird  is 43.8 %
[2023-08-27 21:45:59] PRINT Accuracy for class: cat   is 47.7 %
[2023-08-27 21:45:59] PRINT Accuracy for class: deer  is 33.4 %
[2023-08-27 21:45:59] PRINT Accuracy for class: dog   is 32.3 %
[2023-08-27 21:45:59] PRINT Accuracy for class: frog  is 66.8 %
[2023-08-27 21:45:59] PRINT Accuracy for class: horse is 58.5 %
[2023-08-27 21:45:59] PRINT Accuracy for class: ship  is 72.6 %
[2023-08-27 21:45:59] PRINT Accuracy for class: truck is 59.6 %
