[2023-08-27 21:36:18] PRINT cuda
[2023-08-27 21:36:18] PRINT {'lr': 0.003429774557764302, 'momentum': 0.4693303297873246, 'batch_size': 4}
[2023-08-27 21:36:18] PRINT Files already downloaded and verified
[2023-08-27 21:36:19] PRINT Files already downloaded and verified
[2023-08-27 21:36:53] PRINT [1,  2000] loss: 2.254
[2023-08-27 21:37:25] PRINT [1,  4000] loss: 1.970
[2023-08-27 21:37:58] PRINT [1,  6000] loss: 1.779
[2023-08-27 21:38:31] PRINT [1,  8000] loss: 1.676
[2023-08-27 21:39:03] PRINT [1, 10000] loss: 1.586
[2023-08-27 21:39:32] PRINT [1, 12000] loss: 1.539
[2023-08-27 21:40:14] PRINT [2,  2000] loss: 1.482
[2023-08-27 21:40:48] PRINT [2,  4000] loss: 1.447
[2023-08-27 21:41:23] PRINT [2,  6000] loss: 1.405
[2023-08-27 21:41:56] PRINT [2,  8000] loss: 1.380
[2023-08-27 21:42:30] PRINT [2, 10000] loss: 1.334
[2023-08-27 21:43:04] PRINT [2, 12000] loss: 1.333
[2023-08-27 21:43:49] PRINT [3,  2000] loss: 1.280
[2023-08-27 21:44:23] PRINT [3,  4000] loss: 1.249
[2023-08-27 21:44:58] PRINT [3,  6000] loss: 1.258
[2023-08-27 21:45:32] PRINT [3,  8000] loss: 1.246
[2023-08-27 21:46:05] PRINT [3, 10000] loss: 1.214
[2023-08-27 21:46:36] PRINT [3, 12000] loss: 1.185
[2023-08-27 21:47:20] PRINT [4,  2000] loss: 1.155
[2023-08-27 21:47:52] PRINT [4,  4000] loss: 1.140
[2023-08-27 21:48:25] PRINT [4,  6000] loss: 1.132
[2023-08-27 21:48:59] PRINT [4,  8000] loss: 1.150
[2023-08-27 21:49:31] PRINT [4, 10000] loss: 1.165
[2023-08-27 21:50:04] PRINT [4, 12000] loss: 1.127
[2023-08-27 21:50:48] PRINT [5,  2000] loss: 1.060
[2023-08-27 21:51:21] PRINT [5,  4000] loss: 1.066
[2023-08-27 21:51:53] PRINT [5,  6000] loss: 1.068
[2023-08-27 21:52:26] PRINT [5,  8000] loss: 1.077
[2023-08-27 21:52:59] PRINT [5, 10000] loss: 1.088
[2023-08-27 21:53:32] PRINT [5, 12000] loss: 1.073
[2023-08-27 21:54:16] PRINT [6,  2000] loss: 1.000
[2023-08-27 21:54:49] PRINT [6,  4000] loss: 0.995
[2023-08-27 21:55:22] PRINT [6,  6000] loss: 1.019
[2023-08-27 21:55:55] PRINT [6,  8000] loss: 1.007
[2023-08-27 21:56:28] PRINT [6, 10000] loss: 1.017
[2023-08-27 21:57:00] PRINT [6, 12000] loss: 1.025
[2023-08-27 21:57:44] PRINT [7,  2000] loss: 0.940
[2023-08-27 21:58:18] PRINT [7,  4000] loss: 0.938
[2023-08-27 21:58:51] PRINT [7,  6000] loss: 0.961
[2023-08-27 21:59:24] PRINT [7,  8000] loss: 0.963
[2023-08-27 21:59:57] PRINT [7, 10000] loss: 0.950
[2023-08-27 22:00:30] PRINT [7, 12000] loss: 0.942
[2023-08-27 22:01:13] PRINT [8,  2000] loss: 0.871
[2023-08-27 22:01:47] PRINT [8,  4000] loss: 0.879
[2023-08-27 22:02:20] PRINT [8,  6000] loss: 0.914
[2023-08-27 22:02:53] PRINT [8,  8000] loss: 0.906
[2023-08-27 22:03:25] PRINT [8, 10000] loss: 0.919
[2023-08-27 22:03:58] PRINT [8, 12000] loss: 0.936
[2023-08-27 22:04:42] PRINT [9,  2000] loss: 0.808
[2023-08-27 22:05:15] PRINT [9,  4000] loss: 0.842
[2023-08-27 22:05:48] PRINT [9,  6000] loss: 0.876
[2023-08-27 22:06:21] PRINT [9,  8000] loss: 0.872
[2023-08-27 22:06:54] PRINT [9, 10000] loss: 0.866
[2023-08-27 22:07:27] PRINT [9, 12000] loss: 0.889
[2023-08-27 22:08:11] PRINT [10,  2000] loss: 0.779
[2023-08-27 22:08:43] PRINT [10,  4000] loss: 0.805
[2023-08-27 22:09:16] PRINT [10,  6000] loss: 0.819
[2023-08-27 22:09:48] PRINT [10,  8000] loss: 0.844
[2023-08-27 22:10:21] PRINT [10, 10000] loss: 0.846
[2023-08-27 22:10:54] PRINT [10, 12000] loss: 0.843
[2023-08-27 22:11:38] PRINT [11,  2000] loss: 0.735
[2023-08-27 22:12:11] PRINT [11,  4000] loss: 0.787
[2023-08-27 22:12:44] PRINT [11,  6000] loss: 0.806
[2023-08-27 22:13:17] PRINT [11,  8000] loss: 0.803
[2023-08-27 22:13:50] PRINT [11, 10000] loss: 0.810
[2023-08-27 22:14:23] PRINT [11, 12000] loss: 0.800
[2023-08-27 22:15:07] PRINT [12,  2000] loss: 0.710
[2023-08-27 22:15:40] PRINT [12,  4000] loss: 0.734
[2023-08-27 22:16:13] PRINT [12,  6000] loss: 0.764
[2023-08-27 22:16:46] PRINT [12,  8000] loss: 0.778
[2023-08-27 22:17:19] PRINT [12, 10000] loss: 0.774
[2023-08-27 22:17:52] PRINT [12, 12000] loss: 0.789
[2023-08-27 22:18:35] PRINT [13,  2000] loss: 0.677
[2023-08-27 22:19:08] PRINT [13,  4000] loss: 0.706
[2023-08-27 22:19:41] PRINT [13,  6000] loss: 0.737
[2023-08-27 22:20:14] PRINT [13,  8000] loss: 0.732
[2023-08-27 22:20:47] PRINT [13, 10000] loss: 0.761
[2023-08-27 22:21:20] PRINT [13, 12000] loss: 0.765
[2023-08-27 22:22:03] PRINT [14,  2000] loss: 0.641
[2023-08-27 22:22:36] PRINT [14,  4000] loss: 0.690
[2023-08-27 22:23:09] PRINT [14,  6000] loss: 0.709
[2023-08-27 22:23:42] PRINT [14,  8000] loss: 0.729
[2023-08-27 22:24:16] PRINT [14, 10000] loss: 0.744
[2023-08-27 22:24:49] PRINT [14, 12000] loss: 0.721
[2023-08-27 22:25:33] PRINT [15,  2000] loss: 0.631
[2023-08-27 22:26:07] PRINT [15,  4000] loss: 0.648
[2023-08-27 22:26:40] PRINT [15,  6000] loss: 0.677
[2023-08-27 22:27:13] PRINT [15,  8000] loss: 0.695
[2023-08-27 22:27:46] PRINT [15, 10000] loss: 0.710
[2023-08-27 22:28:19] PRINT [15, 12000] loss: 0.699
[2023-08-27 22:29:03] PRINT [16,  2000] loss: 0.603
[2023-08-27 22:29:37] PRINT [16,  4000] loss: 0.630
[2023-08-27 22:30:09] PRINT [16,  6000] loss: 0.675
[2023-08-27 22:30:42] PRINT [16,  8000] loss: 0.678
[2023-08-27 22:31:14] PRINT [16, 10000] loss: 0.655
[2023-08-27 22:31:48] PRINT [16, 12000] loss: 0.697
[2023-08-27 22:32:32] PRINT [17,  2000] loss: 0.589
[2023-08-27 22:33:05] PRINT [17,  4000] loss: 0.616
[2023-08-27 22:33:38] PRINT [17,  6000] loss: 0.612
[2023-08-27 22:34:10] PRINT [17,  8000] loss: 0.648
[2023-08-27 22:34:43] PRINT [17, 10000] loss: 0.680
[2023-08-27 22:35:16] PRINT [17, 12000] loss: 0.674
[2023-08-27 22:35:59] PRINT [18,  2000] loss: 0.555
[2023-08-27 22:36:32] PRINT [18,  4000] loss: 0.582
[2023-08-27 22:37:05] PRINT [18,  6000] loss: 0.622
[2023-08-27 22:37:38] PRINT [18,  8000] loss: 0.630
[2023-08-27 22:38:10] PRINT [18, 10000] loss: 0.640
[2023-08-27 22:38:44] PRINT [18, 12000] loss: 0.658
[2023-08-27 22:39:27] PRINT [19,  2000] loss: 0.550
[2023-08-27 22:39:58] PRINT [19,  4000] loss: 0.565
[2023-08-27 22:40:29] PRINT [19,  6000] loss: 0.600
[2023-08-27 22:41:02] PRINT [19,  8000] loss: 0.617
[2023-08-27 22:41:34] PRINT [19, 10000] loss: 0.630
[2023-08-27 22:42:06] PRINT [19, 12000] loss: 0.642
[2023-08-27 22:42:49] PRINT [20,  2000] loss: 0.517
[2023-08-27 22:43:21] PRINT [20,  4000] loss: 0.545
[2023-08-27 22:43:54] PRINT [20,  6000] loss: 0.571
[2023-08-27 22:44:25] PRINT [20,  8000] loss: 0.603
[2023-08-27 22:44:58] PRINT [20, 10000] loss: 0.607
[2023-08-27 22:45:32] PRINT [20, 12000] loss: 0.638
[2023-08-27 22:45:40] PRINT Finished Training
[2023-08-27 22:45:41] PRINT GroundTruth:  cat   ship  ship  plane
[2023-08-27 22:45:41] PRINT Predicted:  cat   ship  ship  plane
[2023-08-27 22:46:24] PRINT Accuracy of the network on the 10000 test images: 62 %
[2023-08-27 22:47:02] PRINT Accuracy for class: plane is 66.2 %
[2023-08-27 22:47:02] PRINT Accuracy for class: car   is 78.3 %
[2023-08-27 22:47:02] PRINT Accuracy for class: bird  is 56.0 %
[2023-08-27 22:47:02] PRINT Accuracy for class: cat   is 32.2 %
[2023-08-27 22:47:02] PRINT Accuracy for class: deer  is 61.0 %
[2023-08-27 22:47:02] PRINT Accuracy for class: dog   is 44.7 %
[2023-08-27 22:47:02] PRINT Accuracy for class: frog  is 78.0 %
[2023-08-27 22:47:02] PRINT Accuracy for class: horse is 67.1 %
[2023-08-27 22:47:02] PRINT Accuracy for class: ship  is 73.1 %
[2023-08-27 22:47:02] PRINT Accuracy for class: truck is 70.5 %
