[2023-08-27 23:49:10] PRINT cuda
[2023-08-27 23:49:10] PRINT {'lr': 0.08613209402182305, 'momentum': 0.19438807628154428, 'batch_size': 4}
[2023-08-27 23:49:10] PRINT Files already downloaded and verified
[2023-08-27 23:49:11] PRINT Files already downloaded and verified
[2023-08-27 23:49:50] PRINT [1,  2000] loss: 2.099
[2023-08-27 23:50:23] PRINT [1,  4000] loss: 1.968
[2023-08-27 23:50:56] PRINT [1,  6000] loss: 1.997
[2023-08-27 23:51:29] PRINT [1,  8000] loss: 1.964
[2023-08-27 23:52:02] PRINT [1, 10000] loss: 1.952
[2023-08-27 23:52:35] PRINT [1, 12000] loss: 1.961
[2023-08-27 23:53:18] PRINT [2,  2000] loss: 1.961
[2023-08-27 23:53:52] PRINT [2,  4000] loss: 1.953
[2023-08-27 23:54:25] PRINT [2,  6000] loss: 1.982
[2023-08-27 23:54:59] PRINT [2,  8000] loss: 1.973
[2023-08-27 23:55:28] PRINT [2, 10000] loss: 1.973
[2023-08-27 23:56:00] PRINT [2, 12000] loss: 1.995
[2023-08-27 23:56:41] PRINT [3,  2000] loss: 1.978
[2023-08-27 23:57:12] PRINT [3,  4000] loss: 2.008
[2023-08-27 23:57:44] PRINT [3,  6000] loss: 1.959
[2023-08-27 23:58:16] PRINT [3,  8000] loss: 1.967
[2023-08-27 23:58:48] PRINT [3, 10000] loss: 1.976
[2023-08-27 23:59:20] PRINT [3, 12000] loss: 1.978
[2023-08-28 00:00:01] PRINT [4,  2000] loss: 1.950
[2023-08-28 00:00:33] PRINT [4,  4000] loss: 1.961
[2023-08-28 00:01:04] PRINT [4,  6000] loss: 1.995
[2023-08-28 00:01:36] PRINT [4,  8000] loss: 1.953
[2023-08-28 00:02:08] PRINT [4, 10000] loss: 2.012
[2023-08-28 00:02:40] PRINT [4, 12000] loss: 1.987
[2023-08-28 00:03:21] PRINT [5,  2000] loss: 1.981
[2023-08-28 00:03:53] PRINT [5,  4000] loss: 1.982
[2023-08-28 00:04:25] PRINT [5,  6000] loss: 2.025
[2023-08-28 00:04:58] PRINT [5,  8000] loss: 1.975
[2023-08-28 00:05:30] PRINT [5, 10000] loss: 2.019
[2023-08-28 00:06:01] PRINT [5, 12000] loss: 2.033
[2023-08-28 00:06:44] PRINT [6,  2000] loss: 2.022
[2023-08-28 00:07:15] PRINT [6,  4000] loss: 2.013
[2023-08-28 00:07:48] PRINT [6,  6000] loss: 2.006
[2023-08-28 00:08:19] PRINT [6,  8000] loss: 2.025
[2023-08-28 00:08:51] PRINT [6, 10000] loss: 2.029
[2023-08-28 00:09:23] PRINT [6, 12000] loss: 2.062
[2023-08-28 00:10:05] PRINT [7,  2000] loss: 2.037
[2023-08-28 00:10:36] PRINT [7,  4000] loss: 2.008
[2023-08-28 00:11:09] PRINT [7,  6000] loss: 1.982
[2023-08-28 00:11:40] PRINT [7,  8000] loss: 1.964
[2023-08-28 00:12:12] PRINT [7, 10000] loss: 2.036
[2023-08-28 00:12:44] PRINT [7, 12000] loss: 2.044
[2023-08-28 00:13:25] PRINT [8,  2000] loss: 2.000
[2023-08-28 00:13:57] PRINT [8,  4000] loss: 2.008
[2023-08-28 00:14:29] PRINT [8,  6000] loss: 2.010
[2023-08-28 00:15:01] PRINT [8,  8000] loss: 1.995
[2023-08-28 00:15:33] PRINT [8, 10000] loss: 2.051
[2023-08-28 00:16:04] PRINT [8, 12000] loss: 2.001
[2023-08-28 00:16:46] PRINT [9,  2000] loss: 2.007
[2023-08-28 00:17:18] PRINT [9,  4000] loss: 2.008
[2023-08-28 00:17:49] PRINT [9,  6000] loss: 1.997
[2023-08-28 00:18:20] PRINT [9,  8000] loss: 1.992
[2023-08-28 00:18:52] PRINT [9, 10000] loss: 1.987
[2023-08-28 00:19:24] PRINT [9, 12000] loss: 2.006
[2023-08-28 00:20:06] PRINT [10,  2000] loss: 2.001
[2023-08-28 00:20:38] PRINT [10,  4000] loss: 2.004
[2023-08-28 00:21:10] PRINT [10,  6000] loss: 2.081
[2023-08-28 00:21:42] PRINT [10,  8000] loss: 2.021
[2023-08-28 00:22:13] PRINT [10, 10000] loss: 2.017
[2023-08-28 00:22:44] PRINT [10, 12000] loss: 1.986
[2023-08-28 00:23:26] PRINT [11,  2000] loss: 1.988
[2023-08-28 00:23:58] PRINT [11,  4000] loss: 1.975
[2023-08-28 00:24:29] PRINT [11,  6000] loss: 1.992
[2023-08-28 00:25:01] PRINT [11,  8000] loss: 1.997
[2023-08-28 00:25:33] PRINT [11, 10000] loss: 2.018
[2023-08-28 00:26:05] PRINT [11, 12000] loss: 1.982
[2023-08-28 00:26:46] PRINT [12,  2000] loss: 2.000
[2023-08-28 00:27:18] PRINT [12,  4000] loss: 2.012
[2023-08-28 00:27:50] PRINT [12,  6000] loss: 1.992
[2023-08-28 00:28:21] PRINT [12,  8000] loss: 1.998
[2023-08-28 00:28:54] PRINT [12, 10000] loss: 2.042
[2023-08-28 00:29:25] PRINT [12, 12000] loss: 1.992
[2023-08-28 00:30:07] PRINT [13,  2000] loss: 1.989
[2023-08-28 00:30:39] PRINT [13,  4000] loss: 1.978
[2023-08-28 00:31:11] PRINT [13,  6000] loss: 1.999
[2023-08-28 00:31:43] PRINT [13,  8000] loss: 2.013
[2023-08-28 00:32:16] PRINT [13, 10000] loss: 2.018
[2023-08-28 00:32:47] PRINT [13, 12000] loss: 1.994
[2023-08-28 00:33:29] PRINT [14,  2000] loss: 1.986
[2023-08-28 00:34:00] PRINT [14,  4000] loss: 1.982
[2023-08-28 00:34:32] PRINT [14,  6000] loss: 1.993
[2023-08-28 00:35:05] PRINT [14,  8000] loss: 1.975
[2023-08-28 00:35:38] PRINT [14, 10000] loss: 1.979
[2023-08-28 00:36:08] PRINT [14, 12000] loss: 1.965
[2023-08-28 00:36:49] PRINT [15,  2000] loss: 1.995
[2023-08-28 00:37:19] PRINT [15,  4000] loss: 2.012
[2023-08-28 00:37:52] PRINT [15,  6000] loss: 1.980
[2023-08-28 00:38:24] PRINT [15,  8000] loss: 1.979
[2023-08-28 00:38:57] PRINT [15, 10000] loss: 1.966
[2023-08-28 00:39:30] PRINT [15, 12000] loss: 1.994
[2023-08-28 00:40:12] PRINT [16,  2000] loss: 2.118
[2023-08-28 00:40:44] PRINT [16,  4000] loss: 2.096
[2023-08-28 00:41:17] PRINT [16,  6000] loss: 2.289
[2023-08-28 00:41:49] PRINT [16,  8000] loss: 2.297
[2023-08-28 00:42:21] PRINT [16, 10000] loss: 2.287
[2023-08-28 00:42:54] PRINT [16, 12000] loss: 2.115
[2023-08-28 00:43:36] PRINT [17,  2000] loss: 2.030
[2023-08-28 00:44:07] PRINT [17,  4000] loss: 2.017
[2023-08-28 00:44:39] PRINT [17,  6000] loss: 2.002
[2023-08-28 00:45:12] PRINT [17,  8000] loss: 2.006
[2023-08-28 00:45:45] PRINT [17, 10000] loss: 1.997
[2023-08-28 00:46:17] PRINT [17, 12000] loss: 2.046
[2023-08-28 00:47:01] PRINT [18,  2000] loss: 1.993
[2023-08-28 00:47:34] PRINT [18,  4000] loss: 1.998
[2023-08-28 00:48:08] PRINT [18,  6000] loss: 1.991
[2023-08-28 00:48:41] PRINT [18,  8000] loss: 2.283
[2023-08-28 00:49:13] PRINT [18, 10000] loss: 2.310
[2023-08-28 00:49:46] PRINT [18, 12000] loss: 2.308
[2023-08-28 00:50:29] PRINT [19,  2000] loss: 2.309
[2023-08-28 00:51:01] PRINT [19,  4000] loss: 2.308
[2023-08-28 00:51:34] PRINT [19,  6000] loss: 2.309
[2023-08-28 00:52:06] PRINT [19,  8000] loss: 2.309
[2023-08-28 00:52:37] PRINT [19, 10000] loss: 2.309
[2023-08-28 00:53:10] PRINT [19, 12000] loss: 2.310
[2023-08-28 00:53:53] PRINT [20,  2000] loss: 2.308
[2023-08-28 00:54:25] PRINT [20,  4000] loss: 2.310
[2023-08-28 00:54:56] PRINT [20,  6000] loss: 2.309
[2023-08-28 00:55:27] PRINT [20,  8000] loss: 2.309
[2023-08-28 00:55:59] PRINT [20, 10000] loss: 2.309
[2023-08-28 00:56:31] PRINT [20, 12000] loss: 2.310
[2023-08-28 00:56:40] PRINT Finished Training
[2023-08-28 00:56:41] PRINT GroundTruth:  cat   ship  ship  plane
[2023-08-28 00:56:41] PRINT Predicted:  deer  deer  deer  deer 
[2023-08-28 00:57:22] PRINT Accuracy of the network on the 10000 test images: 10 %
[2023-08-28 00:57:57] PRINT Accuracy for class: plane is 0.0 %
[2023-08-28 00:57:57] PRINT Accuracy for class: car   is 0.0 %
[2023-08-28 00:57:57] PRINT Accuracy for class: bird  is 0.0 %
[2023-08-28 00:57:57] PRINT Accuracy for class: cat   is 0.0 %
[2023-08-28 00:57:57] PRINT Accuracy for class: deer  is 100.0 %
[2023-08-28 00:57:57] PRINT Accuracy for class: dog   is 0.0 %
[2023-08-28 00:57:57] PRINT Accuracy for class: frog  is 0.0 %
[2023-08-28 00:57:57] PRINT Accuracy for class: horse is 0.0 %
[2023-08-28 00:57:57] PRINT Accuracy for class: ship  is 0.0 %
[2023-08-28 00:57:57] PRINT Accuracy for class: truck is 0.0 %
