[2023-08-27 20:43:09] PRINT cuda
[2023-08-27 20:43:09] PRINT {'lr': 0.0020769535047843674, 'momentum': 0.6392362300572525, 'batch_size': 16}
[2023-08-27 20:43:09] PRINT Files already downloaded and verified
[2023-08-27 20:43:10] PRINT Files already downloaded and verified
[2023-08-27 20:45:02] PRINT [1,  2000] loss: 2.287
[2023-08-27 20:47:38] PRINT [2,  2000] loss: 1.836
[2023-08-27 20:50:13] PRINT [3,  2000] loss: 1.568
[2023-08-27 20:52:46] PRINT [4,  2000] loss: 1.443
[2023-08-27 20:55:18] PRINT [5,  2000] loss: 1.354
[2023-08-27 20:57:53] PRINT [6,  2000] loss: 1.282
[2023-08-27 21:00:28] PRINT [7,  2000] loss: 1.222
[2023-08-27 21:03:03] PRINT [8,  2000] loss: 1.162
[2023-08-27 21:05:38] PRINT [9,  2000] loss: 1.114
[2023-08-27 21:08:14] PRINT [10,  2000] loss: 1.072
[2023-08-27 21:10:48] PRINT [11,  2000] loss: 1.029
[2023-08-27 21:13:23] PRINT [12,  2000] loss: 0.992
[2023-08-27 21:15:58] PRINT [13,  2000] loss: 0.961
[2023-08-27 21:18:32] PRINT [14,  2000] loss: 0.935
[2023-08-27 21:21:07] PRINT [15,  2000] loss: 0.902
[2023-08-27 21:23:42] PRINT [16,  2000] loss: 0.880
[2023-08-27 21:26:15] PRINT [17,  2000] loss: 0.857
[2023-08-27 21:28:50] PRINT [18,  2000] loss: 0.827
[2023-08-27 21:31:22] PRINT [19,  2000] loss: 0.808
[2023-08-27 21:33:57] PRINT [20,  2000] loss: 0.786
[2023-08-27 21:34:53] PRINT Finished Training
[2023-08-27 21:34:54] PRINT GroundTruth:  cat   ship  ship  plane
[2023-08-27 21:34:54] PRINT Predicted:  cat   ship  plane plane
[2023-08-27 21:35:27] PRINT Accuracy of the network on the 10000 test images: 64 %
[2023-08-27 21:35:58] PRINT Accuracy for class: plane is 71.7 %
[2023-08-27 21:35:58] PRINT Accuracy for class: car   is 78.9 %
[2023-08-27 21:35:58] PRINT Accuracy for class: bird  is 57.8 %
[2023-08-27 21:35:58] PRINT Accuracy for class: cat   is 36.7 %
[2023-08-27 21:35:58] PRINT Accuracy for class: deer  is 56.7 %
[2023-08-27 21:35:58] PRINT Accuracy for class: dog   is 62.7 %
[2023-08-27 21:35:58] PRINT Accuracy for class: frog  is 63.9 %
[2023-08-27 21:35:58] PRINT Accuracy for class: horse is 67.5 %
[2023-08-27 21:35:58] PRINT Accuracy for class: ship  is 69.6 %
[2023-08-27 21:35:58] PRINT Accuracy for class: truck is 77.0 %
