[2023-08-27 22:50:09] PRINT cuda
[2023-08-27 22:50:09] PRINT {'lr': 0.000409902150761759, 'momentum': 0.1581369943578353, 'batch_size': 4}
[2023-08-27 22:50:09] PRINT Files already downloaded and verified
[2023-08-27 22:50:10] PRINT Files already downloaded and verified
[2023-08-27 22:50:42] PRINT [1,  2000] loss: 2.304
[2023-08-27 22:51:11] PRINT [1,  4000] loss: 2.303
[2023-08-27 22:51:40] PRINT [1,  6000] loss: 2.302
[2023-08-27 22:52:09] PRINT [1,  8000] loss: 2.299
[2023-08-27 22:52:39] PRINT [1, 10000] loss: 2.297
[2023-08-27 22:53:09] PRINT [1, 12000] loss: 2.294
[2023-08-27 22:53:48] PRINT [2,  2000] loss: 2.287
[2023-08-27 22:54:18] PRINT [2,  4000] loss: 2.274
[2023-08-27 22:54:47] PRINT [2,  6000] loss: 2.249
[2023-08-27 22:55:17] PRINT [2,  8000] loss: 2.203
[2023-08-27 22:55:47] PRINT [2, 10000] loss: 2.162
[2023-08-27 22:56:16] PRINT [2, 12000] loss: 2.107
[2023-08-27 22:56:56] PRINT [3,  2000] loss: 2.049
[2023-08-27 22:57:25] PRINT [3,  4000] loss: 2.028
[2023-08-27 22:57:55] PRINT [3,  6000] loss: 2.001
[2023-08-27 22:58:24] PRINT [3,  8000] loss: 1.969
[2023-08-27 22:58:53] PRINT [3, 10000] loss: 1.934
[2023-08-27 22:59:23] PRINT [3, 12000] loss: 1.897
[2023-08-27 23:00:02] PRINT [4,  2000] loss: 1.879
[2023-08-27 23:00:32] PRINT [4,  4000] loss: 1.837
[2023-08-27 23:01:02] PRINT [4,  6000] loss: 1.825
[2023-08-27 23:01:31] PRINT [4,  8000] loss: 1.778
[2023-08-27 23:02:01] PRINT [4, 10000] loss: 1.745
[2023-08-27 23:02:29] PRINT [4, 12000] loss: 1.741
[2023-08-27 23:03:08] PRINT [5,  2000] loss: 1.704
[2023-08-27 23:03:39] PRINT [5,  4000] loss: 1.697
[2023-08-27 23:04:09] PRINT [5,  6000] loss: 1.670
[2023-08-27 23:04:38] PRINT [5,  8000] loss: 1.654
[2023-08-27 23:05:07] PRINT [5, 10000] loss: 1.632
[2023-08-27 23:05:37] PRINT [5, 12000] loss: 1.635
[2023-08-27 23:06:16] PRINT [6,  2000] loss: 1.598
[2023-08-27 23:06:46] PRINT [6,  4000] loss: 1.595
[2023-08-27 23:07:15] PRINT [6,  6000] loss: 1.570
[2023-08-27 23:07:44] PRINT [6,  8000] loss: 1.547
[2023-08-27 23:08:14] PRINT [6, 10000] loss: 1.550
[2023-08-27 23:08:44] PRINT [6, 12000] loss: 1.545
[2023-08-27 23:09:22] PRINT [7,  2000] loss: 1.522
[2023-08-27 23:09:52] PRINT [7,  4000] loss: 1.485
[2023-08-27 23:10:21] PRINT [7,  6000] loss: 1.499
[2023-08-27 23:10:51] PRINT [7,  8000] loss: 1.476
[2023-08-27 23:11:20] PRINT [7, 10000] loss: 1.465
[2023-08-27 23:11:50] PRINT [7, 12000] loss: 1.480
[2023-08-27 23:12:28] PRINT [8,  2000] loss: 1.462
[2023-08-27 23:12:59] PRINT [8,  4000] loss: 1.428
[2023-08-27 23:13:29] PRINT [8,  6000] loss: 1.446
[2023-08-27 23:13:58] PRINT [8,  8000] loss: 1.439
[2023-08-27 23:14:28] PRINT [8, 10000] loss: 1.432
[2023-08-27 23:14:57] PRINT [8, 12000] loss: 1.403
[2023-08-27 23:15:36] PRINT [9,  2000] loss: 1.402
[2023-08-27 23:16:05] PRINT [9,  4000] loss: 1.416
[2023-08-27 23:16:35] PRINT [9,  6000] loss: 1.388
[2023-08-27 23:17:05] PRINT [9,  8000] loss: 1.392
[2023-08-27 23:17:35] PRINT [9, 10000] loss: 1.374
[2023-08-27 23:18:05] PRINT [9, 12000] loss: 1.371
[2023-08-27 23:18:43] PRINT [10,  2000] loss: 1.375
[2023-08-27 23:19:13] PRINT [10,  4000] loss: 1.361
[2023-08-27 23:19:43] PRINT [10,  6000] loss: 1.343
[2023-08-27 23:20:12] PRINT [10,  8000] loss: 1.361
[2023-08-27 23:20:42] PRINT [10, 10000] loss: 1.347
[2023-08-27 23:21:12] PRINT [10, 12000] loss: 1.332
[2023-08-27 23:21:51] PRINT [11,  2000] loss: 1.323
[2023-08-27 23:22:21] PRINT [11,  4000] loss: 1.321
[2023-08-27 23:22:50] PRINT [11,  6000] loss: 1.302
[2023-08-27 23:23:20] PRINT [11,  8000] loss: 1.330
[2023-08-27 23:23:50] PRINT [11, 10000] loss: 1.300
[2023-08-27 23:24:19] PRINT [11, 12000] loss: 1.317
[2023-08-27 23:24:59] PRINT [12,  2000] loss: 1.272
[2023-08-27 23:25:29] PRINT [12,  4000] loss: 1.302
[2023-08-27 23:25:58] PRINT [12,  6000] loss: 1.297
[2023-08-27 23:26:28] PRINT [12,  8000] loss: 1.293
[2023-08-27 23:26:58] PRINT [12, 10000] loss: 1.270
[2023-08-27 23:27:28] PRINT [12, 12000] loss: 1.268
[2023-08-27 23:28:07] PRINT [13,  2000] loss: 1.265
[2023-08-27 23:28:36] PRINT [13,  4000] loss: 1.270
[2023-08-27 23:29:05] PRINT [13,  6000] loss: 1.252
[2023-08-27 23:29:35] PRINT [13,  8000] loss: 1.256
[2023-08-27 23:30:05] PRINT [13, 10000] loss: 1.244
[2023-08-27 23:30:35] PRINT [13, 12000] loss: 1.260
[2023-08-27 23:31:13] PRINT [14,  2000] loss: 1.228
[2023-08-27 23:31:43] PRINT [14,  4000] loss: 1.232
[2023-08-27 23:32:13] PRINT [14,  6000] loss: 1.231
[2023-08-27 23:32:42] PRINT [14,  8000] loss: 1.227
[2023-08-27 23:33:12] PRINT [14, 10000] loss: 1.227
[2023-08-27 23:33:42] PRINT [14, 12000] loss: 1.241
[2023-08-27 23:34:19] PRINT [15,  2000] loss: 1.204
[2023-08-27 23:34:50] PRINT [15,  4000] loss: 1.209
[2023-08-27 23:35:19] PRINT [15,  6000] loss: 1.223
[2023-08-27 23:35:49] PRINT [15,  8000] loss: 1.206
[2023-08-27 23:36:19] PRINT [15, 10000] loss: 1.206
[2023-08-27 23:36:49] PRINT [15, 12000] loss: 1.199
[2023-08-27 23:37:29] PRINT [16,  2000] loss: 1.178
[2023-08-27 23:38:00] PRINT [16,  4000] loss: 1.211
[2023-08-27 23:38:30] PRINT [16,  6000] loss: 1.173
[2023-08-27 23:39:00] PRINT [16,  8000] loss: 1.181
[2023-08-27 23:39:31] PRINT [16, 10000] loss: 1.187
[2023-08-27 23:40:00] PRINT [16, 12000] loss: 1.172
[2023-08-27 23:40:42] PRINT [17,  2000] loss: 1.168
[2023-08-27 23:41:13] PRINT [17,  4000] loss: 1.162
[2023-08-27 23:41:42] PRINT [17,  6000] loss: 1.174
[2023-08-27 23:42:12] PRINT [17,  8000] loss: 1.129
[2023-08-27 23:42:43] PRINT [17, 10000] loss: 1.162
[2023-08-27 23:43:15] PRINT [17, 12000] loss: 1.171
[2023-08-27 23:43:57] PRINT [18,  2000] loss: 1.137
[2023-08-27 23:44:29] PRINT [18,  4000] loss: 1.150
[2023-08-27 23:45:00] PRINT [18,  6000] loss: 1.128
[2023-08-27 23:45:30] PRINT [18,  8000] loss: 1.147
[2023-08-27 23:46:02] PRINT [18, 10000] loss: 1.137
[2023-08-27 23:46:34] PRINT [18, 12000] loss: 1.136
[2023-08-27 23:47:15] PRINT [19,  2000] loss: 1.113
[2023-08-27 23:47:47] PRINT [19,  4000] loss: 1.126
[2023-08-27 23:48:21] PRINT [19,  6000] loss: 1.129
[2023-08-27 23:48:54] PRINT [19,  8000] loss: 1.096
[2023-08-27 23:49:25] PRINT [19, 10000] loss: 1.126
[2023-08-27 23:49:58] PRINT [19, 12000] loss: 1.130
[2023-08-27 23:50:42] PRINT [20,  2000] loss: 1.108
[2023-08-27 23:51:16] PRINT [20,  4000] loss: 1.090
[2023-08-27 23:51:49] PRINT [20,  6000] loss: 1.104
[2023-08-27 23:52:22] PRINT [20,  8000] loss: 1.112
[2023-08-27 23:52:55] PRINT [20, 10000] loss: 1.116
[2023-08-27 23:53:28] PRINT [20, 12000] loss: 1.099
[2023-08-27 23:53:37] PRINT Finished Training
[2023-08-27 23:53:38] PRINT GroundTruth:  cat   ship  ship  plane
[2023-08-27 23:53:38] PRINT Predicted:  cat   ship  ship  ship 
[2023-08-27 23:54:22] PRINT Accuracy of the network on the 10000 test images: 58 %
[2023-08-27 23:55:07] PRINT Accuracy for class: plane is 66.6 %
[2023-08-27 23:55:07] PRINT Accuracy for class: car   is 76.7 %
[2023-08-27 23:55:07] PRINT Accuracy for class: bird  is 54.5 %
[2023-08-27 23:55:07] PRINT Accuracy for class: cat   is 45.3 %
[2023-08-27 23:55:07] PRINT Accuracy for class: deer  is 33.7 %
[2023-08-27 23:55:07] PRINT Accuracy for class: dog   is 37.4 %
[2023-08-27 23:55:07] PRINT Accuracy for class: frog  is 73.7 %
[2023-08-27 23:55:07] PRINT Accuracy for class: horse is 67.1 %
[2023-08-27 23:55:07] PRINT Accuracy for class: ship  is 77.3 %
[2023-08-27 23:55:07] PRINT Accuracy for class: truck is 57.6 %
