[2023-08-27 23:47:24] PRINT cuda
[2023-08-27 23:47:24] PRINT {'lr': 0.00045474066844911244, 'momentum': 0.011166607008356144, 'batch_size': 4}
[2023-08-27 23:47:25] PRINT Files already downloaded and verified
[2023-08-27 23:47:26] PRINT Files already downloaded and verified
[2023-08-27 23:48:05] PRINT [1,  2000] loss: 2.303
[2023-08-27 23:48:38] PRINT [1,  4000] loss: 2.303
[2023-08-27 23:49:09] PRINT [1,  6000] loss: 2.301
[2023-08-27 23:49:42] PRINT [1,  8000] loss: 2.300
[2023-08-27 23:50:15] PRINT [1, 10000] loss: 2.298
[2023-08-27 23:50:47] PRINT [1, 12000] loss: 2.296
[2023-08-27 23:51:30] PRINT [2,  2000] loss: 2.292
[2023-08-27 23:52:03] PRINT [2,  4000] loss: 2.285
[2023-08-27 23:52:37] PRINT [2,  6000] loss: 2.273
[2023-08-27 23:53:09] PRINT [2,  8000] loss: 2.257
[2023-08-27 23:53:43] PRINT [2, 10000] loss: 2.231
[2023-08-27 23:54:16] PRINT [2, 12000] loss: 2.196
[2023-08-27 23:55:00] PRINT [3,  2000] loss: 2.171
[2023-08-27 23:55:30] PRINT [3,  4000] loss: 2.139
[2023-08-27 23:56:01] PRINT [3,  6000] loss: 2.107
[2023-08-27 23:56:32] PRINT [3,  8000] loss: 2.074
[2023-08-27 23:57:03] PRINT [3, 10000] loss: 2.041
[2023-08-27 23:57:34] PRINT [3, 12000] loss: 2.006
[2023-08-27 23:58:16] PRINT [4,  2000] loss: 1.978
[2023-08-27 23:58:48] PRINT [4,  4000] loss: 1.945
[2023-08-27 23:59:20] PRINT [4,  6000] loss: 1.920
[2023-08-27 23:59:52] PRINT [4,  8000] loss: 1.908
[2023-08-28 00:00:23] PRINT [4, 10000] loss: 1.887
[2023-08-28 00:00:55] PRINT [4, 12000] loss: 1.868
[2023-08-28 00:01:37] PRINT [5,  2000] loss: 1.845
[2023-08-28 00:02:09] PRINT [5,  4000] loss: 1.813
[2023-08-28 00:02:41] PRINT [5,  6000] loss: 1.795
[2023-08-28 00:03:12] PRINT [5,  8000] loss: 1.758
[2023-08-28 00:03:44] PRINT [5, 10000] loss: 1.737
[2023-08-28 00:04:16] PRINT [5, 12000] loss: 1.716
[2023-08-28 00:04:58] PRINT [6,  2000] loss: 1.700
[2023-08-28 00:05:31] PRINT [6,  4000] loss: 1.683
[2023-08-28 00:06:02] PRINT [6,  6000] loss: 1.663
[2023-08-28 00:06:34] PRINT [6,  8000] loss: 1.654
[2023-08-28 00:07:05] PRINT [6, 10000] loss: 1.643
[2023-08-28 00:07:37] PRINT [6, 12000] loss: 1.624
[2023-08-28 00:08:19] PRINT [7,  2000] loss: 1.602
[2023-08-28 00:08:51] PRINT [7,  4000] loss: 1.598
[2023-08-28 00:09:22] PRINT [7,  6000] loss: 1.593
[2023-08-28 00:09:54] PRINT [7,  8000] loss: 1.563
[2023-08-28 00:10:26] PRINT [7, 10000] loss: 1.581
[2023-08-28 00:10:57] PRINT [7, 12000] loss: 1.552
[2023-08-28 00:11:39] PRINT [8,  2000] loss: 1.552
[2023-08-28 00:12:10] PRINT [8,  4000] loss: 1.556
[2023-08-28 00:12:42] PRINT [8,  6000] loss: 1.513
[2023-08-28 00:13:14] PRINT [8,  8000] loss: 1.514
[2023-08-28 00:13:45] PRINT [8, 10000] loss: 1.503
[2023-08-28 00:14:16] PRINT [8, 12000] loss: 1.497
[2023-08-28 00:14:58] PRINT [9,  2000] loss: 1.483
[2023-08-28 00:15:30] PRINT [9,  4000] loss: 1.493
[2023-08-28 00:16:01] PRINT [9,  6000] loss: 1.479
[2023-08-28 00:16:32] PRINT [9,  8000] loss: 1.466
[2023-08-28 00:17:04] PRINT [9, 10000] loss: 1.471
[2023-08-28 00:17:37] PRINT [9, 12000] loss: 1.455
[2023-08-28 00:18:19] PRINT [10,  2000] loss: 1.448
[2023-08-28 00:18:51] PRINT [10,  4000] loss: 1.463
[2023-08-28 00:19:23] PRINT [10,  6000] loss: 1.433
[2023-08-28 00:19:55] PRINT [10,  8000] loss: 1.437
[2023-08-28 00:20:26] PRINT [10, 10000] loss: 1.422
[2023-08-28 00:20:57] PRINT [10, 12000] loss: 1.413
[2023-08-28 00:21:38] PRINT [11,  2000] loss: 1.406
[2023-08-28 00:22:10] PRINT [11,  4000] loss: 1.400
[2023-08-28 00:22:42] PRINT [11,  6000] loss: 1.416
[2023-08-28 00:23:15] PRINT [11,  8000] loss: 1.393
[2023-08-28 00:23:46] PRINT [11, 10000] loss: 1.408
[2023-08-28 00:24:17] PRINT [11, 12000] loss: 1.413
[2023-08-28 00:24:59] PRINT [12,  2000] loss: 1.388
[2023-08-28 00:25:31] PRINT [12,  4000] loss: 1.360
[2023-08-28 00:26:03] PRINT [12,  6000] loss: 1.379
[2023-08-28 00:26:35] PRINT [12,  8000] loss: 1.369
[2023-08-28 00:27:06] PRINT [12, 10000] loss: 1.377
[2023-08-28 00:27:38] PRINT [12, 12000] loss: 1.386
[2023-08-28 00:28:20] PRINT [13,  2000] loss: 1.368
[2023-08-28 00:28:51] PRINT [13,  4000] loss: 1.351
[2023-08-28 00:29:23] PRINT [13,  6000] loss: 1.344
[2023-08-28 00:29:55] PRINT [13,  8000] loss: 1.353
[2023-08-28 00:30:27] PRINT [13, 10000] loss: 1.346
[2023-08-28 00:30:58] PRINT [13, 12000] loss: 1.339
[2023-08-28 00:31:40] PRINT [14,  2000] loss: 1.326
[2023-08-28 00:32:12] PRINT [14,  4000] loss: 1.316
[2023-08-28 00:32:44] PRINT [14,  6000] loss: 1.321
[2023-08-28 00:33:16] PRINT [14,  8000] loss: 1.333
[2023-08-28 00:33:47] PRINT [14, 10000] loss: 1.349
[2023-08-28 00:34:18] PRINT [14, 12000] loss: 1.299
[2023-08-28 00:35:00] PRINT [15,  2000] loss: 1.300
[2023-08-28 00:35:33] PRINT [15,  4000] loss: 1.294
[2023-08-28 00:36:04] PRINT [15,  6000] loss: 1.293
[2023-08-28 00:36:35] PRINT [15,  8000] loss: 1.310
[2023-08-28 00:37:05] PRINT [15, 10000] loss: 1.308
[2023-08-28 00:37:37] PRINT [15, 12000] loss: 1.286
[2023-08-28 00:38:19] PRINT [16,  2000] loss: 1.285
[2023-08-28 00:38:51] PRINT [16,  4000] loss: 1.261
[2023-08-28 00:39:23] PRINT [16,  6000] loss: 1.296
[2023-08-28 00:39:55] PRINT [16,  8000] loss: 1.268
[2023-08-28 00:40:27] PRINT [16, 10000] loss: 1.267
[2023-08-28 00:40:59] PRINT [16, 12000] loss: 1.285
[2023-08-28 00:41:41] PRINT [17,  2000] loss: 1.256
[2023-08-28 00:42:15] PRINT [17,  4000] loss: 1.266
[2023-08-28 00:42:48] PRINT [17,  6000] loss: 1.268
[2023-08-28 00:43:19] PRINT [17,  8000] loss: 1.255
[2023-08-28 00:43:50] PRINT [17, 10000] loss: 1.246
[2023-08-28 00:44:22] PRINT [17, 12000] loss: 1.233
[2023-08-28 00:45:05] PRINT [18,  2000] loss: 1.232
[2023-08-28 00:45:38] PRINT [18,  4000] loss: 1.267
[2023-08-28 00:46:11] PRINT [18,  6000] loss: 1.217
[2023-08-28 00:46:44] PRINT [18,  8000] loss: 1.246
[2023-08-28 00:47:17] PRINT [18, 10000] loss: 1.220
[2023-08-28 00:47:50] PRINT [18, 12000] loss: 1.217
[2023-08-28 00:48:33] PRINT [19,  2000] loss: 1.212
[2023-08-28 00:49:06] PRINT [19,  4000] loss: 1.223
[2023-08-28 00:49:39] PRINT [19,  6000] loss: 1.188
[2023-08-28 00:50:11] PRINT [19,  8000] loss: 1.221
[2023-08-28 00:50:43] PRINT [19, 10000] loss: 1.224
[2023-08-28 00:51:15] PRINT [19, 12000] loss: 1.226
[2023-08-28 00:51:57] PRINT [20,  2000] loss: 1.186
[2023-08-28 00:52:30] PRINT [20,  4000] loss: 1.179
[2023-08-28 00:53:01] PRINT [20,  6000] loss: 1.218
[2023-08-28 00:53:35] PRINT [20,  8000] loss: 1.184
[2023-08-28 00:54:07] PRINT [20, 10000] loss: 1.183
[2023-08-28 00:54:38] PRINT [20, 12000] loss: 1.198
[2023-08-28 00:54:46] PRINT Finished Training
[2023-08-28 00:54:47] PRINT GroundTruth:  cat   ship  ship  plane
[2023-08-28 00:54:47] PRINT Predicted:  bird  car   ship  ship 
[2023-08-28 00:55:29] PRINT Accuracy of the network on the 10000 test images: 56 %
[2023-08-28 00:56:11] PRINT Accuracy for class: plane is 56.8 %
[2023-08-28 00:56:11] PRINT Accuracy for class: car   is 71.2 %
[2023-08-28 00:56:11] PRINT Accuracy for class: bird  is 42.2 %
[2023-08-28 00:56:11] PRINT Accuracy for class: cat   is 33.6 %
[2023-08-28 00:56:11] PRINT Accuracy for class: deer  is 54.6 %
[2023-08-28 00:56:11] PRINT Accuracy for class: dog   is 41.5 %
[2023-08-28 00:56:11] PRINT Accuracy for class: frog  is 67.2 %
[2023-08-28 00:56:11] PRINT Accuracy for class: horse is 71.8 %
[2023-08-28 00:56:11] PRINT Accuracy for class: ship  is 74.7 %
[2023-08-28 00:56:11] PRINT Accuracy for class: truck is 53.1 %
