[2023-08-28 00:44:10] PRINT cuda
[2023-08-28 00:44:10] PRINT {'lr': 0.001179963226170174, 'momentum': 0.43543435944312836, 'batch_size': 4}
[2023-08-28 00:44:10] PRINT Files already downloaded and verified
[2023-08-28 00:44:11] PRINT Files already downloaded and verified
[2023-08-28 00:44:49] PRINT [1,  2000] loss: 2.303
[2023-08-28 00:45:22] PRINT [1,  4000] loss: 2.274
[2023-08-28 00:45:55] PRINT [1,  6000] loss: 2.170
[2023-08-28 00:46:28] PRINT [1,  8000] loss: 2.100
[2023-08-28 00:47:01] PRINT [1, 10000] loss: 2.009
[2023-08-28 00:47:34] PRINT [1, 12000] loss: 1.921
[2023-08-28 00:48:17] PRINT [2,  2000] loss: 1.799
[2023-08-28 00:48:50] PRINT [2,  4000] loss: 1.712
[2023-08-28 00:49:23] PRINT [2,  6000] loss: 1.668
[2023-08-28 00:49:56] PRINT [2,  8000] loss: 1.610
[2023-08-28 00:50:29] PRINT [2, 10000] loss: 1.593
[2023-08-28 00:51:00] PRINT [2, 12000] loss: 1.580
[2023-08-28 00:51:43] PRINT [3,  2000] loss: 1.547
[2023-08-28 00:52:15] PRINT [3,  4000] loss: 1.490
[2023-08-28 00:52:47] PRINT [3,  6000] loss: 1.476
[2023-08-28 00:53:20] PRINT [3,  8000] loss: 1.476
[2023-08-28 00:53:53] PRINT [3, 10000] loss: 1.459
[2023-08-28 00:54:26] PRINT [3, 12000] loss: 1.452
[2023-08-28 00:55:05] PRINT [4,  2000] loss: 1.404
[2023-08-28 00:55:37] PRINT [4,  4000] loss: 1.394
[2023-08-28 00:56:09] PRINT [4,  6000] loss: 1.400
[2023-08-28 00:56:41] PRINT [4,  8000] loss: 1.370
[2023-08-28 00:57:13] PRINT [4, 10000] loss: 1.356
[2023-08-28 00:57:44] PRINT [4, 12000] loss: 1.354
[2023-08-28 00:58:18] PRINT [5,  2000] loss: 1.320
[2023-08-28 00:58:49] PRINT [5,  4000] loss: 1.290
[2023-08-28 00:59:21] PRINT [5,  6000] loss: 1.274
[2023-08-28 00:59:52] PRINT [5,  8000] loss: 1.301
[2023-08-28 01:00:24] PRINT [5, 10000] loss: 1.284
[2023-08-28 01:00:55] PRINT [5, 12000] loss: 1.275
[2023-08-28 01:01:37] PRINT [6,  2000] loss: 1.220
[2023-08-28 01:02:08] PRINT [6,  4000] loss: 1.235
[2023-08-28 01:02:40] PRINT [6,  6000] loss: 1.235
[2023-08-28 01:03:11] PRINT [6,  8000] loss: 1.210
[2023-08-28 01:03:42] PRINT [6, 10000] loss: 1.196
[2023-08-28 01:04:14] PRINT [6, 12000] loss: 1.188
[2023-08-28 01:04:56] PRINT [7,  2000] loss: 1.159
[2023-08-28 01:05:28] PRINT [7,  4000] loss: 1.155
[2023-08-28 01:06:00] PRINT [7,  6000] loss: 1.154
[2023-08-28 01:06:32] PRINT [7,  8000] loss: 1.126
[2023-08-28 01:07:04] PRINT [7, 10000] loss: 1.151
[2023-08-28 01:07:36] PRINT [7, 12000] loss: 1.142
[2023-08-28 01:08:18] PRINT [8,  2000] loss: 1.096
[2023-08-28 01:08:51] PRINT [8,  4000] loss: 1.071
[2023-08-28 01:09:23] PRINT [8,  6000] loss: 1.102
[2023-08-28 01:09:54] PRINT [8,  8000] loss: 1.093
[2023-08-28 01:10:26] PRINT [8, 10000] loss: 1.085
[2023-08-28 01:10:57] PRINT [8, 12000] loss: 1.111
[2023-08-28 01:11:38] PRINT [9,  2000] loss: 1.042
[2023-08-28 01:12:10] PRINT [9,  4000] loss: 1.055
[2023-08-28 01:12:41] PRINT [9,  6000] loss: 1.051
[2023-08-28 01:13:13] PRINT [9,  8000] loss: 1.048
[2023-08-28 01:13:44] PRINT [9, 10000] loss: 1.050
[2023-08-28 01:14:16] PRINT [9, 12000] loss: 1.047
[2023-08-28 01:14:56] PRINT [10,  2000] loss: 0.997
[2023-08-28 01:15:27] PRINT [10,  4000] loss: 1.009
[2023-08-28 01:15:59] PRINT [10,  6000] loss: 1.011
[2023-08-28 01:16:30] PRINT [10,  8000] loss: 1.007
[2023-08-28 01:17:00] PRINT [10, 10000] loss: 1.018
[2023-08-28 01:17:31] PRINT [10, 12000] loss: 1.009
[2023-08-28 01:18:12] PRINT [11,  2000] loss: 0.929
[2023-08-28 01:18:44] PRINT [11,  4000] loss: 0.982
[2023-08-28 01:19:15] PRINT [11,  6000] loss: 0.980
[2023-08-28 01:19:46] PRINT [11,  8000] loss: 0.985
[2023-08-28 01:20:17] PRINT [11, 10000] loss: 0.974
[2023-08-28 01:20:48] PRINT [11, 12000] loss: 0.972
[2023-08-28 01:21:30] PRINT [12,  2000] loss: 0.902
[2023-08-28 01:22:01] PRINT [12,  4000] loss: 0.933
[2023-08-28 01:22:33] PRINT [12,  6000] loss: 0.954
[2023-08-28 01:23:04] PRINT [12,  8000] loss: 0.935
[2023-08-28 01:23:36] PRINT [12, 10000] loss: 0.952
[2023-08-28 01:24:07] PRINT [12, 12000] loss: 0.948
[2023-08-28 01:24:48] PRINT [13,  2000] loss: 0.874
[2023-08-28 01:25:20] PRINT [13,  4000] loss: 0.890
[2023-08-28 01:25:51] PRINT [13,  6000] loss: 0.925
[2023-08-28 01:26:22] PRINT [13,  8000] loss: 0.904
[2023-08-28 01:26:53] PRINT [13, 10000] loss: 0.927
[2023-08-28 01:27:25] PRINT [13, 12000] loss: 0.920
[2023-08-28 01:28:07] PRINT [14,  2000] loss: 0.865
[2023-08-28 01:28:39] PRINT [14,  4000] loss: 0.877
[2023-08-28 01:29:11] PRINT [14,  6000] loss: 0.892
[2023-08-28 01:29:42] PRINT [14,  8000] loss: 0.868
[2023-08-28 01:30:13] PRINT [14, 10000] loss: 0.888
[2023-08-28 01:30:45] PRINT [14, 12000] loss: 0.880
[2023-08-28 01:31:26] PRINT [15,  2000] loss: 0.819
[2023-08-28 01:31:58] PRINT [15,  4000] loss: 0.853
[2023-08-28 01:32:29] PRINT [15,  6000] loss: 0.857
[2023-08-28 01:33:01] PRINT [15,  8000] loss: 0.847
[2023-08-28 01:33:32] PRINT [15, 10000] loss: 0.847
[2023-08-28 01:34:04] PRINT [15, 12000] loss: 0.857
[2023-08-28 01:34:45] PRINT [16,  2000] loss: 0.799
[2023-08-28 01:35:16] PRINT [16,  4000] loss: 0.791
[2023-08-28 01:35:47] PRINT [16,  6000] loss: 0.820
[2023-08-28 01:36:18] PRINT [16,  8000] loss: 0.817
[2023-08-28 01:36:50] PRINT [16, 10000] loss: 0.843
[2023-08-28 01:37:20] PRINT [16, 12000] loss: 0.848
[2023-08-28 01:37:58] PRINT [17,  2000] loss: 0.766
[2023-08-28 01:38:26] PRINT [17,  4000] loss: 0.777
[2023-08-28 01:38:54] PRINT [17,  6000] loss: 0.795
[2023-08-28 01:39:23] PRINT [17,  8000] loss: 0.798
[2023-08-28 01:39:52] PRINT [17, 10000] loss: 0.802
[2023-08-28 01:40:20] PRINT [17, 12000] loss: 0.815
[2023-08-28 01:40:58] PRINT [18,  2000] loss: 0.755
[2023-08-28 01:41:26] PRINT [18,  4000] loss: 0.749
[2023-08-28 01:41:56] PRINT [18,  6000] loss: 0.772
[2023-08-28 01:42:24] PRINT [18,  8000] loss: 0.785
[2023-08-28 01:42:52] PRINT [18, 10000] loss: 0.786
[2023-08-28 01:43:20] PRINT [18, 12000] loss: 0.776
[2023-08-28 01:43:58] PRINT [19,  2000] loss: 0.713
[2023-08-28 01:44:26] PRINT [19,  4000] loss: 0.728
[2023-08-28 01:44:51] PRINT [19,  6000] loss: 0.748
[2023-08-28 01:45:16] PRINT [19,  8000] loss: 0.753
[2023-08-28 01:45:40] PRINT [19, 10000] loss: 0.760
[2023-08-28 01:46:05] PRINT [19, 12000] loss: 0.770
[2023-08-28 01:46:37] PRINT [20,  2000] loss: 0.682
[2023-08-28 01:47:03] PRINT [20,  4000] loss: 0.723
[2023-08-28 01:47:27] PRINT [20,  6000] loss: 0.722
[2023-08-28 01:47:52] PRINT [20,  8000] loss: 0.731
[2023-08-28 01:48:17] PRINT [20, 10000] loss: 0.743
[2023-08-28 01:48:40] PRINT [20, 12000] loss: 0.752
[2023-08-28 01:48:46] PRINT Finished Training
[2023-08-28 01:48:46] PRINT GroundTruth:  cat   ship  ship  plane
[2023-08-28 01:48:46] PRINT Predicted:  cat   ship  ship  plane
[2023-08-28 01:49:17] PRINT Accuracy of the network on the 10000 test images: 64 %
[2023-08-28 01:49:46] PRINT Accuracy for class: plane is 68.9 %
[2023-08-28 01:49:46] PRINT Accuracy for class: car   is 79.8 %
[2023-08-28 01:49:46] PRINT Accuracy for class: bird  is 52.0 %
[2023-08-28 01:49:46] PRINT Accuracy for class: cat   is 39.8 %
[2023-08-28 01:49:46] PRINT Accuracy for class: deer  is 64.2 %
[2023-08-28 01:49:46] PRINT Accuracy for class: dog   is 60.1 %
[2023-08-28 01:49:46] PRINT Accuracy for class: frog  is 70.6 %
[2023-08-28 01:49:46] PRINT Accuracy for class: horse is 64.4 %
[2023-08-28 01:49:46] PRINT Accuracy for class: ship  is 79.6 %
[2023-08-28 01:49:46] PRINT Accuracy for class: truck is 66.6 %
