[2023-08-28 00:57:55] PRINT cuda
[2023-08-28 00:57:55] PRINT {'lr': 0.010011711836614015, 'momentum': 0.5659071649146079, 'batch_size': 4}
[2023-08-28 00:57:56] PRINT Files already downloaded and verified
[2023-08-28 00:57:57] PRINT Files already downloaded and verified
[2023-08-28 00:58:33] PRINT [1,  2000] loss: 2.093
[2023-08-28 00:59:04] PRINT [1,  4000] loss: 1.754
[2023-08-28 00:59:35] PRINT [1,  6000] loss: 1.617
[2023-08-28 01:00:06] PRINT [1,  8000] loss: 1.546
[2023-08-28 01:00:37] PRINT [1, 10000] loss: 1.506
[2023-08-28 01:01:08] PRINT [1, 12000] loss: 1.458
[2023-08-28 01:01:49] PRINT [2,  2000] loss: 1.400
[2023-08-28 01:02:20] PRINT [2,  4000] loss: 1.404
[2023-08-28 01:02:51] PRINT [2,  6000] loss: 1.391
[2023-08-28 01:03:22] PRINT [2,  8000] loss: 1.367
[2023-08-28 01:03:53] PRINT [2, 10000] loss: 1.358
[2023-08-28 01:04:26] PRINT [2, 12000] loss: 1.341
[2023-08-28 01:05:07] PRINT [3,  2000] loss: 1.269
[2023-08-28 01:05:40] PRINT [3,  4000] loss: 1.262
[2023-08-28 01:06:11] PRINT [3,  6000] loss: 1.294
[2023-08-28 01:06:43] PRINT [3,  8000] loss: 1.284
[2023-08-28 01:07:15] PRINT [3, 10000] loss: 1.272
[2023-08-28 01:07:47] PRINT [3, 12000] loss: 1.280
[2023-08-28 01:08:28] PRINT [4,  2000] loss: 1.204
[2023-08-28 01:09:00] PRINT [4,  4000] loss: 1.203
[2023-08-28 01:09:31] PRINT [4,  6000] loss: 1.230
[2023-08-28 01:10:02] PRINT [4,  8000] loss: 1.220
[2023-08-28 01:10:33] PRINT [4, 10000] loss: 1.232
[2023-08-28 01:11:05] PRINT [4, 12000] loss: 1.222
[2023-08-28 01:11:46] PRINT [5,  2000] loss: 1.130
[2023-08-28 01:12:17] PRINT [5,  4000] loss: 1.157
[2023-08-28 01:12:48] PRINT [5,  6000] loss: 1.191
[2023-08-28 01:13:20] PRINT [5,  8000] loss: 1.165
[2023-08-28 01:13:50] PRINT [5, 10000] loss: 1.184
[2023-08-28 01:14:22] PRINT [5, 12000] loss: 1.185
[2023-08-28 01:15:02] PRINT [6,  2000] loss: 1.106
[2023-08-28 01:15:34] PRINT [6,  4000] loss: 1.152
[2023-08-28 01:16:06] PRINT [6,  6000] loss: 1.129
[2023-08-28 01:16:37] PRINT [6,  8000] loss: 1.139
[2023-08-28 01:17:08] PRINT [6, 10000] loss: 1.163
[2023-08-28 01:17:39] PRINT [6, 12000] loss: 1.147
[2023-08-28 01:18:20] PRINT [7,  2000] loss: 1.076
[2023-08-28 01:18:51] PRINT [7,  4000] loss: 1.074
[2023-08-28 01:19:22] PRINT [7,  6000] loss: 1.130
[2023-08-28 01:19:53] PRINT [7,  8000] loss: 1.117
[2023-08-28 01:20:24] PRINT [7, 10000] loss: 1.159
[2023-08-28 01:20:55] PRINT [7, 12000] loss: 1.129
[2023-08-28 01:21:36] PRINT [8,  2000] loss: 1.053
[2023-08-28 01:22:08] PRINT [8,  4000] loss: 1.101
[2023-08-28 01:22:38] PRINT [8,  6000] loss: 1.094
[2023-08-28 01:23:10] PRINT [8,  8000] loss: 1.137
[2023-08-28 01:23:41] PRINT [8, 10000] loss: 1.137
[2023-08-28 01:24:12] PRINT [8, 12000] loss: 1.123
[2023-08-28 01:24:53] PRINT [9,  2000] loss: 1.028
[2023-08-28 01:25:24] PRINT [9,  4000] loss: 1.046
[2023-08-28 01:25:55] PRINT [9,  6000] loss: 1.114
[2023-08-28 01:26:26] PRINT [9,  8000] loss: 1.115
[2023-08-28 01:26:57] PRINT [9, 10000] loss: 1.133
[2023-08-28 01:27:29] PRINT [9, 12000] loss: 1.104
[2023-08-28 01:28:11] PRINT [10,  2000] loss: 0.987
[2023-08-28 01:28:42] PRINT [10,  4000] loss: 1.052
[2023-08-28 01:29:14] PRINT [10,  6000] loss: 1.076
[2023-08-28 01:29:45] PRINT [10,  8000] loss: 1.113
[2023-08-28 01:30:16] PRINT [10, 10000] loss: 1.130
[2023-08-28 01:30:47] PRINT [10, 12000] loss: 1.094
[2023-08-28 01:31:29] PRINT [11,  2000] loss: 1.012
[2023-08-28 01:32:00] PRINT [11,  4000] loss: 1.058
[2023-08-28 01:32:31] PRINT [11,  6000] loss: 1.088
[2023-08-28 01:33:02] PRINT [11,  8000] loss: 1.106
[2023-08-28 01:33:33] PRINT [11, 10000] loss: 1.062
[2023-08-28 01:34:04] PRINT [11, 12000] loss: 1.122
[2023-08-28 01:34:46] PRINT [12,  2000] loss: 0.977
[2023-08-28 01:35:17] PRINT [12,  4000] loss: 1.062
[2023-08-28 01:35:48] PRINT [12,  6000] loss: 1.044
[2023-08-28 01:36:19] PRINT [12,  8000] loss: 1.102
[2023-08-28 01:36:51] PRINT [12, 10000] loss: 1.082
[2023-08-28 01:37:21] PRINT [12, 12000] loss: 1.102
[2023-08-28 01:37:58] PRINT [13,  2000] loss: 0.997
[2023-08-28 01:38:26] PRINT [13,  4000] loss: 1.034
[2023-08-28 01:38:54] PRINT [13,  6000] loss: 1.056
[2023-08-28 01:39:23] PRINT [13,  8000] loss: 1.057
[2023-08-28 01:39:51] PRINT [13, 10000] loss: 1.088
[2023-08-28 01:40:19] PRINT [13, 12000] loss: 1.124
[2023-08-28 01:40:57] PRINT [14,  2000] loss: 1.019
[2023-08-28 01:41:25] PRINT [14,  4000] loss: 1.031
[2023-08-28 01:41:54] PRINT [14,  6000] loss: 1.057
[2023-08-28 01:42:23] PRINT [14,  8000] loss: 1.061
[2023-08-28 01:42:51] PRINT [14, 10000] loss: 1.100
[2023-08-28 01:43:19] PRINT [14, 12000] loss: 1.100
[2023-08-28 01:43:56] PRINT [15,  2000] loss: 1.035
[2023-08-28 01:44:24] PRINT [15,  4000] loss: 1.026
[2023-08-28 01:44:48] PRINT [15,  6000] loss: 1.070
[2023-08-28 01:45:13] PRINT [15,  8000] loss: 1.118
[2023-08-28 01:45:38] PRINT [15, 10000] loss: 1.071
[2023-08-28 01:46:03] PRINT [15, 12000] loss: 1.127
[2023-08-28 01:46:36] PRINT [16,  2000] loss: 1.021
[2023-08-28 01:47:02] PRINT [16,  4000] loss: 1.032
[2023-08-28 01:47:27] PRINT [16,  6000] loss: 1.067
[2023-08-28 01:47:52] PRINT [16,  8000] loss: 1.058
[2023-08-28 01:48:17] PRINT [16, 10000] loss: 1.085
[2023-08-28 01:48:40] PRINT [16, 12000] loss: 1.105
[2023-08-28 01:49:10] PRINT [17,  2000] loss: 0.978
[2023-08-28 01:49:31] PRINT [17,  4000] loss: 1.002
[2023-08-28 01:49:52] PRINT [17,  6000] loss: 1.044
[2023-08-28 01:50:09] PRINT [17,  8000] loss: 1.075
[2023-08-28 01:50:27] PRINT [17, 10000] loss: 1.103
[2023-08-28 01:50:45] PRINT [17, 12000] loss: 1.083
[2023-08-28 01:51:09] PRINT [18,  2000] loss: 0.976
[2023-08-28 01:51:27] PRINT [18,  4000] loss: 1.031
[2023-08-28 01:51:43] PRINT [18,  6000] loss: 1.055
[2023-08-28 01:51:58] PRINT [18,  8000] loss: 1.073
[2023-08-28 01:52:13] PRINT [18, 10000] loss: 1.086
[2023-08-28 01:52:28] PRINT [18, 12000] loss: 1.118
[2023-08-28 01:52:45] PRINT [19,  2000] loss: 0.999
[2023-08-28 01:52:57] PRINT [19,  4000] loss: 1.017
[2023-08-28 01:53:08] PRINT [19,  6000] loss: 1.044
[2023-08-28 01:53:20] PRINT [19,  8000] loss: 1.059
[2023-08-28 01:53:32] PRINT [19, 10000] loss: 1.090
[2023-08-28 01:53:44] PRINT [19, 12000] loss: 1.108
[2023-08-28 01:53:57] PRINT [20,  2000] loss: 0.980
[2023-08-28 01:54:07] PRINT [20,  4000] loss: 1.061
[2023-08-28 01:54:18] PRINT [20,  6000] loss: 1.062
[2023-08-28 01:54:30] PRINT [20,  8000] loss: 1.070
[2023-08-28 01:54:40] PRINT [20, 10000] loss: 1.082
[2023-08-28 01:54:49] PRINT [20, 12000] loss: 1.065
[2023-08-28 01:54:52] PRINT Finished Training
[2023-08-28 01:54:52] PRINT GroundTruth:  cat   ship  ship  plane
[2023-08-28 01:54:52] PRINT Predicted:  cat   ship  car   plane
[2023-08-28 01:54:57] PRINT Accuracy of the network on the 10000 test images: 55 %
[2023-08-28 01:55:03] PRINT Accuracy for class: plane is 63.0 %
[2023-08-28 01:55:03] PRINT Accuracy for class: car   is 64.7 %
[2023-08-28 01:55:03] PRINT Accuracy for class: bird  is 34.6 %
[2023-08-28 01:55:03] PRINT Accuracy for class: cat   is 48.8 %
[2023-08-28 01:55:03] PRINT Accuracy for class: deer  is 52.6 %
[2023-08-28 01:55:03] PRINT Accuracy for class: dog   is 47.7 %
[2023-08-28 01:55:03] PRINT Accuracy for class: frog  is 65.3 %
[2023-08-28 01:55:03] PRINT Accuracy for class: horse is 56.2 %
[2023-08-28 01:55:03] PRINT Accuracy for class: ship  is 63.3 %
[2023-08-28 01:55:03] PRINT Accuracy for class: truck is 62.5 %
