[2023-08-27 20:43:09] PRINT cuda
[2023-08-27 20:43:09] PRINT {'lr': 0.007093157268588895, 'momentum': 0.764545345629485, 'batch_size': 4}
[2023-08-27 20:43:09] PRINT Files already downloaded and verified
[2023-08-27 20:43:10] PRINT Files already downloaded and verified
[2023-08-27 20:43:53] PRINT [1,  2000] loss: 2.065
[2023-08-27 20:44:22] PRINT [1,  4000] loss: 1.730
[2023-08-27 20:44:51] PRINT [1,  6000] loss: 1.609
[2023-08-27 20:45:20] PRINT [1,  8000] loss: 1.555
[2023-08-27 20:45:48] PRINT [1, 10000] loss: 1.532
[2023-08-27 20:46:19] PRINT [1, 12000] loss: 1.511
[2023-08-27 20:46:56] PRINT [2,  2000] loss: 1.457
[2023-08-27 20:47:25] PRINT [2,  4000] loss: 1.438
[2023-08-27 20:47:53] PRINT [2,  6000] loss: 1.452
[2023-08-27 20:48:21] PRINT [2,  8000] loss: 1.439
[2023-08-27 20:48:51] PRINT [2, 10000] loss: 1.424
[2023-08-27 20:49:20] PRINT [2, 12000] loss: 1.411
[2023-08-27 20:49:57] PRINT [3,  2000] loss: 1.339
[2023-08-27 20:50:26] PRINT [3,  4000] loss: 1.383
[2023-08-27 20:50:55] PRINT [3,  6000] loss: 1.385
[2023-08-27 20:51:24] PRINT [3,  8000] loss: 1.365
[2023-08-27 20:51:53] PRINT [3, 10000] loss: 1.379
[2023-08-27 20:52:21] PRINT [3, 12000] loss: 1.380
[2023-08-27 20:52:59] PRINT [4,  2000] loss: 1.296
[2023-08-27 20:53:27] PRINT [4,  4000] loss: 1.326
[2023-08-27 20:53:57] PRINT [4,  6000] loss: 1.354
[2023-08-27 20:54:25] PRINT [4,  8000] loss: 1.326
[2023-08-27 20:54:53] PRINT [4, 10000] loss: 1.335
[2023-08-27 20:55:23] PRINT [4, 12000] loss: 1.365
[2023-08-27 20:56:00] PRINT [5,  2000] loss: 1.265
[2023-08-27 20:56:29] PRINT [5,  4000] loss: 1.313
[2023-08-27 20:56:58] PRINT [5,  6000] loss: 1.288
[2023-08-27 20:57:27] PRINT [5,  8000] loss: 1.335
[2023-08-27 20:57:55] PRINT [5, 10000] loss: 1.316
[2023-08-27 20:58:24] PRINT [5, 12000] loss: 1.332
[2023-08-27 20:59:02] PRINT [6,  2000] loss: 1.249
[2023-08-27 20:59:30] PRINT [6,  4000] loss: 1.296
[2023-08-27 20:59:59] PRINT [6,  6000] loss: 1.280
[2023-08-27 21:00:28] PRINT [6,  8000] loss: 1.307
[2023-08-27 21:00:56] PRINT [6, 10000] loss: 1.261
[2023-08-27 21:01:25] PRINT [6, 12000] loss: 1.308
[2023-08-27 21:02:03] PRINT [7,  2000] loss: 1.233
[2023-08-27 21:02:32] PRINT [7,  4000] loss: 1.274
[2023-08-27 21:03:01] PRINT [7,  6000] loss: 1.251
[2023-08-27 21:03:29] PRINT [7,  8000] loss: 1.301
[2023-08-27 21:03:57] PRINT [7, 10000] loss: 1.277
[2023-08-27 21:04:27] PRINT [7, 12000] loss: 1.320
[2023-08-27 21:05:04] PRINT [8,  2000] loss: 1.209
[2023-08-27 21:05:33] PRINT [8,  4000] loss: 1.240
[2023-08-27 21:06:01] PRINT [8,  6000] loss: 1.280
[2023-08-27 21:06:30] PRINT [8,  8000] loss: 1.285
[2023-08-27 21:07:00] PRINT [8, 10000] loss: 1.240
[2023-08-27 21:07:28] PRINT [8, 12000] loss: 1.305
[2023-08-27 21:08:06] PRINT [9,  2000] loss: 1.235
[2023-08-27 21:08:34] PRINT [9,  4000] loss: 1.232
[2023-08-27 21:09:03] PRINT [9,  6000] loss: 1.242
[2023-08-27 21:09:33] PRINT [9,  8000] loss: 1.256
[2023-08-27 21:10:01] PRINT [9, 10000] loss: 1.268
[2023-08-27 21:10:29] PRINT [9, 12000] loss: 1.308
[2023-08-27 21:11:07] PRINT [10,  2000] loss: 1.198
[2023-08-27 21:11:37] PRINT [10,  4000] loss: 1.238
[2023-08-27 21:12:07] PRINT [10,  6000] loss: 1.273
[2023-08-27 21:12:36] PRINT [10,  8000] loss: 1.276
[2023-08-27 21:13:04] PRINT [10, 10000] loss: 1.275
[2023-08-27 21:13:33] PRINT [10, 12000] loss: 1.251
[2023-08-27 21:14:11] PRINT [11,  2000] loss: 1.206
[2023-08-27 21:14:40] PRINT [11,  4000] loss: 1.218
[2023-08-27 21:15:09] PRINT [11,  6000] loss: 1.230
[2023-08-27 21:15:38] PRINT [11,  8000] loss: 1.257
[2023-08-27 21:16:06] PRINT [11, 10000] loss: 1.279
[2023-08-27 21:16:34] PRINT [11, 12000] loss: 1.268
[2023-08-27 21:17:12] PRINT [12,  2000] loss: 1.229
[2023-08-27 21:17:41] PRINT [12,  4000] loss: 1.229
[2023-08-27 21:18:10] PRINT [12,  6000] loss: 1.266
[2023-08-27 21:18:38] PRINT [12,  8000] loss: 1.250
[2023-08-27 21:19:07] PRINT [12, 10000] loss: 1.269
[2023-08-27 21:19:36] PRINT [12, 12000] loss: 1.279
[2023-08-27 21:20:13] PRINT [13,  2000] loss: 1.204
[2023-08-27 21:20:42] PRINT [13,  4000] loss: 1.216
[2023-08-27 21:21:10] PRINT [13,  6000] loss: 1.262
[2023-08-27 21:21:39] PRINT [13,  8000] loss: 1.254
[2023-08-27 21:22:08] PRINT [13, 10000] loss: 1.260
[2023-08-27 21:22:38] PRINT [13, 12000] loss: 1.301
[2023-08-27 21:23:15] PRINT [14,  2000] loss: 1.194
[2023-08-27 21:23:44] PRINT [14,  4000] loss: 1.251
[2023-08-27 21:24:12] PRINT [14,  6000] loss: 1.271
[2023-08-27 21:24:42] PRINT [14,  8000] loss: 1.245
[2023-08-27 21:25:11] PRINT [14, 10000] loss: 1.287
[2023-08-27 21:25:39] PRINT [14, 12000] loss: 1.260
[2023-08-27 21:26:16] PRINT [15,  2000] loss: 1.215
[2023-08-27 21:26:45] PRINT [15,  4000] loss: 1.235
[2023-08-27 21:27:14] PRINT [15,  6000] loss: 1.282
[2023-08-27 21:27:43] PRINT [15,  8000] loss: 1.269
[2023-08-27 21:28:12] PRINT [15, 10000] loss: 1.262
[2023-08-27 21:28:41] PRINT [15, 12000] loss: 1.278
[2023-08-27 21:29:18] PRINT [16,  2000] loss: 1.192
[2023-08-27 21:29:47] PRINT [16,  4000] loss: 1.265
[2023-08-27 21:30:16] PRINT [16,  6000] loss: 1.261
[2023-08-27 21:30:44] PRINT [16,  8000] loss: 1.298
[2023-08-27 21:31:13] PRINT [16, 10000] loss: 1.295
[2023-08-27 21:31:41] PRINT [16, 12000] loss: 1.296
[2023-08-27 21:32:18] PRINT [17,  2000] loss: 1.226
[2023-08-27 21:32:48] PRINT [17,  4000] loss: 1.294
[2023-08-27 21:33:17] PRINT [17,  6000] loss: 1.255
[2023-08-27 21:33:45] PRINT [17,  8000] loss: 1.276
[2023-08-27 21:34:13] PRINT [17, 10000] loss: 1.313
[2023-08-27 21:34:42] PRINT [17, 12000] loss: 1.298
[2023-08-27 21:35:21] PRINT [18,  2000] loss: 1.253
[2023-08-27 21:35:50] PRINT [18,  4000] loss: 1.273
[2023-08-27 21:36:15] PRINT [18,  6000] loss: 1.299
[2023-08-27 21:36:40] PRINT [18,  8000] loss: 1.291
[2023-08-27 21:37:12] PRINT [18, 10000] loss: 1.299
[2023-08-27 21:37:44] PRINT [18, 12000] loss: 1.309
[2023-08-27 21:38:28] PRINT [19,  2000] loss: 1.231
[2023-08-27 21:39:00] PRINT [19,  4000] loss: 1.273
[2023-08-27 21:39:30] PRINT [19,  6000] loss: 1.264
[2023-08-27 21:40:01] PRINT [19,  8000] loss: 1.287
[2023-08-27 21:40:35] PRINT [19, 10000] loss: 1.300
[2023-08-27 21:41:08] PRINT [19, 12000] loss: 1.325
[2023-08-27 21:41:52] PRINT [20,  2000] loss: 1.254
[2023-08-27 21:42:26] PRINT [20,  4000] loss: 1.283
[2023-08-27 21:43:01] PRINT [20,  6000] loss: 1.283
[2023-08-27 21:43:36] PRINT [20,  8000] loss: 1.281
[2023-08-27 21:44:10] PRINT [20, 10000] loss: 1.325
[2023-08-27 21:44:44] PRINT [20, 12000] loss: 1.315
[2023-08-27 21:44:54] PRINT Finished Training
[2023-08-27 21:44:55] PRINT GroundTruth:  cat   ship  ship  plane
[2023-08-27 21:44:55] PRINT Predicted:  cat   car   ship  ship 
[2023-08-27 21:45:39] PRINT Accuracy of the network on the 10000 test images: 51 %
[2023-08-27 21:46:22] PRINT Accuracy for class: plane is 59.6 %
[2023-08-27 21:46:22] PRINT Accuracy for class: car   is 72.2 %
[2023-08-27 21:46:22] PRINT Accuracy for class: bird  is 20.7 %
[2023-08-27 21:46:22] PRINT Accuracy for class: cat   is 42.6 %
[2023-08-27 21:46:22] PRINT Accuracy for class: deer  is 47.9 %
[2023-08-27 21:46:22] PRINT Accuracy for class: dog   is 49.0 %
[2023-08-27 21:46:22] PRINT Accuracy for class: frog  is 49.0 %
[2023-08-27 21:46:22] PRINT Accuracy for class: horse is 47.5 %
[2023-08-27 21:46:22] PRINT Accuracy for class: ship  is 59.0 %
[2023-08-27 21:46:22] PRINT Accuracy for class: truck is 68.6 %
