[2023-08-27 21:36:38] PRINT cuda
[2023-08-27 21:36:38] PRINT {'lr': 0.003171961967993801, 'momentum': 0.9060366824051899, 'batch_size': 4}
[2023-08-27 21:36:38] PRINT Files already downloaded and verified
[2023-08-27 21:36:40] PRINT Files already downloaded and verified
[2023-08-27 21:37:17] PRINT [1,  2000] loss: 2.015
[2023-08-27 21:37:49] PRINT [1,  4000] loss: 1.687
[2023-08-27 21:38:22] PRINT [1,  6000] loss: 1.608
[2023-08-27 21:38:54] PRINT [1,  8000] loss: 1.551
[2023-08-27 21:39:24] PRINT [1, 10000] loss: 1.540
[2023-08-27 21:39:56] PRINT [1, 12000] loss: 1.526
[2023-08-27 21:40:38] PRINT [2,  2000] loss: 1.456
[2023-08-27 21:41:12] PRINT [2,  4000] loss: 1.436
[2023-08-27 21:41:46] PRINT [2,  6000] loss: 1.448
[2023-08-27 21:42:20] PRINT [2,  8000] loss: 1.413
[2023-08-27 21:42:53] PRINT [2, 10000] loss: 1.440
[2023-08-27 21:43:27] PRINT [2, 12000] loss: 1.418
[2023-08-27 21:44:11] PRINT [3,  2000] loss: 1.344
[2023-08-27 21:44:45] PRINT [3,  4000] loss: 1.359
[2023-08-27 21:45:20] PRINT [3,  6000] loss: 1.400
[2023-08-27 21:45:54] PRINT [3,  8000] loss: 1.359
[2023-08-27 21:46:24] PRINT [3, 10000] loss: 1.377
[2023-08-27 21:46:56] PRINT [3, 12000] loss: 1.373
[2023-08-27 21:47:39] PRINT [4,  2000] loss: 1.324
[2023-08-27 21:48:11] PRINT [4,  4000] loss: 1.326
[2023-08-27 21:48:44] PRINT [4,  6000] loss: 1.328
[2023-08-27 21:49:16] PRINT [4,  8000] loss: 1.336
[2023-08-27 21:49:49] PRINT [4, 10000] loss: 1.356
[2023-08-27 21:50:22] PRINT [4, 12000] loss: 1.370
[2023-08-27 21:51:04] PRINT [5,  2000] loss: 1.271
[2023-08-27 21:51:37] PRINT [5,  4000] loss: 1.308
[2023-08-27 21:52:10] PRINT [5,  6000] loss: 1.339
[2023-08-27 21:52:42] PRINT [5,  8000] loss: 1.319
[2023-08-27 21:53:15] PRINT [5, 10000] loss: 1.332
[2023-08-27 21:53:48] PRINT [5, 12000] loss: 1.338
[2023-08-27 21:54:30] PRINT [6,  2000] loss: 1.292
[2023-08-27 21:55:03] PRINT [6,  4000] loss: 1.288
[2023-08-27 21:55:36] PRINT [6,  6000] loss: 1.340
[2023-08-27 21:56:09] PRINT [6,  8000] loss: 1.318
[2023-08-27 21:56:41] PRINT [6, 10000] loss: 1.320
[2023-08-27 21:57:15] PRINT [6, 12000] loss: 1.340
[2023-08-27 21:57:58] PRINT [7,  2000] loss: 1.258
[2023-08-27 21:58:31] PRINT [7,  4000] loss: 1.280
[2023-08-27 21:59:04] PRINT [7,  6000] loss: 1.323
[2023-08-27 21:59:36] PRINT [7,  8000] loss: 1.313
[2023-08-27 22:00:09] PRINT [7, 10000] loss: 1.340
[2023-08-27 22:00:42] PRINT [7, 12000] loss: 1.343
[2023-08-27 22:01:24] PRINT [8,  2000] loss: 1.286
[2023-08-27 22:01:57] PRINT [8,  4000] loss: 1.296
[2023-08-27 22:02:29] PRINT [8,  6000] loss: 1.300
[2023-08-27 22:03:02] PRINT [8,  8000] loss: 1.312
[2023-08-27 22:03:35] PRINT [8, 10000] loss: 1.335
[2023-08-27 22:04:08] PRINT [8, 12000] loss: 1.310
[2023-08-27 22:04:51] PRINT [9,  2000] loss: 1.242
[2023-08-27 22:05:23] PRINT [9,  4000] loss: 1.311
[2023-08-27 22:05:55] PRINT [9,  6000] loss: 1.314
[2023-08-27 22:06:28] PRINT [9,  8000] loss: 1.356
[2023-08-27 22:07:00] PRINT [9, 10000] loss: 1.313
[2023-08-27 22:07:33] PRINT [9, 12000] loss: 1.344
[2023-08-27 22:08:16] PRINT [10,  2000] loss: 1.297
[2023-08-27 22:08:48] PRINT [10,  4000] loss: 1.293
[2023-08-27 22:09:21] PRINT [10,  6000] loss: 1.276
[2023-08-27 22:09:53] PRINT [10,  8000] loss: 1.328
[2023-08-27 22:10:26] PRINT [10, 10000] loss: 1.342
[2023-08-27 22:10:59] PRINT [10, 12000] loss: 1.341
[2023-08-27 22:11:42] PRINT [11,  2000] loss: 1.256
[2023-08-27 22:12:15] PRINT [11,  4000] loss: 1.317
[2023-08-27 22:12:47] PRINT [11,  6000] loss: 1.332
[2023-08-27 22:13:20] PRINT [11,  8000] loss: 1.343
[2023-08-27 22:13:53] PRINT [11, 10000] loss: 1.324
[2023-08-27 22:14:26] PRINT [11, 12000] loss: 1.359
[2023-08-27 22:15:08] PRINT [12,  2000] loss: 1.320
[2023-08-27 22:15:41] PRINT [12,  4000] loss: 1.294
[2023-08-27 22:16:13] PRINT [12,  6000] loss: 1.335
[2023-08-27 22:16:45] PRINT [12,  8000] loss: 1.326
[2023-08-27 22:17:17] PRINT [12, 10000] loss: 1.365
[2023-08-27 22:17:51] PRINT [12, 12000] loss: 1.325
[2023-08-27 22:18:34] PRINT [13,  2000] loss: 1.271
[2023-08-27 22:19:06] PRINT [13,  4000] loss: 1.348
[2023-08-27 22:19:39] PRINT [13,  6000] loss: 1.335
[2023-08-27 22:20:12] PRINT [13,  8000] loss: 1.355
[2023-08-27 22:20:45] PRINT [13, 10000] loss: 1.393
[2023-08-27 22:21:18] PRINT [13, 12000] loss: 1.382
[2023-08-27 22:22:00] PRINT [14,  2000] loss: 1.311
[2023-08-27 22:22:33] PRINT [14,  4000] loss: 1.391
[2023-08-27 22:23:05] PRINT [14,  6000] loss: 1.417
[2023-08-27 22:23:38] PRINT [14,  8000] loss: 1.350
[2023-08-27 22:24:11] PRINT [14, 10000] loss: 1.398
[2023-08-27 22:24:43] PRINT [14, 12000] loss: 1.377
[2023-08-27 22:25:27] PRINT [15,  2000] loss: 1.327
[2023-08-27 22:25:59] PRINT [15,  4000] loss: 1.310
[2023-08-27 22:26:32] PRINT [15,  6000] loss: 1.383
[2023-08-27 22:27:04] PRINT [15,  8000] loss: 1.362
[2023-08-27 22:27:37] PRINT [15, 10000] loss: 1.398
[2023-08-27 22:28:10] PRINT [15, 12000] loss: 1.367
[2023-08-27 22:28:53] PRINT [16,  2000] loss: 1.339
[2023-08-27 22:29:26] PRINT [16,  4000] loss: 1.352
[2023-08-27 22:29:58] PRINT [16,  6000] loss: 1.415
[2023-08-27 22:30:30] PRINT [16,  8000] loss: 1.377
[2023-08-27 22:31:03] PRINT [16, 10000] loss: 1.367
[2023-08-27 22:31:36] PRINT [16, 12000] loss: 1.408
[2023-08-27 22:32:18] PRINT [17,  2000] loss: 1.358
[2023-08-27 22:32:52] PRINT [17,  4000] loss: 1.332
[2023-08-27 22:33:24] PRINT [17,  6000] loss: 1.370
[2023-08-27 22:33:56] PRINT [17,  8000] loss: 1.365
[2023-08-27 22:34:29] PRINT [17, 10000] loss: 1.413
[2023-08-27 22:35:02] PRINT [17, 12000] loss: 1.439
[2023-08-27 22:35:45] PRINT [18,  2000] loss: 1.364
[2023-08-27 22:36:18] PRINT [18,  4000] loss: 1.436
[2023-08-27 22:36:50] PRINT [18,  6000] loss: 1.413
[2023-08-27 22:37:22] PRINT [18,  8000] loss: 1.423
[2023-08-27 22:37:55] PRINT [18, 10000] loss: 1.438
[2023-08-27 22:38:27] PRINT [18, 12000] loss: 1.409
[2023-08-27 22:39:10] PRINT [19,  2000] loss: 1.353
[2023-08-27 22:39:42] PRINT [19,  4000] loss: 1.412
[2023-08-27 22:40:13] PRINT [19,  6000] loss: 1.413
[2023-08-27 22:40:44] PRINT [19,  8000] loss: 1.400
[2023-08-27 22:41:16] PRINT [19, 10000] loss: 1.430
[2023-08-27 22:41:48] PRINT [19, 12000] loss: 1.462
[2023-08-27 22:42:30] PRINT [20,  2000] loss: 1.369
[2023-08-27 22:43:03] PRINT [20,  4000] loss: 1.389
[2023-08-27 22:43:34] PRINT [20,  6000] loss: 1.437
[2023-08-27 22:44:06] PRINT [20,  8000] loss: 1.397
[2023-08-27 22:44:38] PRINT [20, 10000] loss: 1.414
[2023-08-27 22:45:10] PRINT [20, 12000] loss: 1.415
[2023-08-27 22:45:19] PRINT Finished Training
[2023-08-27 22:45:20] PRINT GroundTruth:  cat   ship  ship  plane
[2023-08-27 22:45:20] PRINT Predicted:  frog  car   plane ship 
[2023-08-27 22:46:03] PRINT Accuracy of the network on the 10000 test images: 49 %
[2023-08-27 22:46:44] PRINT Accuracy for class: plane is 52.1 %
[2023-08-27 22:46:44] PRINT Accuracy for class: car   is 62.7 %
[2023-08-27 22:46:44] PRINT Accuracy for class: bird  is 34.4 %
[2023-08-27 22:46:44] PRINT Accuracy for class: cat   is 40.9 %
[2023-08-27 22:46:44] PRINT Accuracy for class: deer  is 27.0 %
[2023-08-27 22:46:44] PRINT Accuracy for class: dog   is 36.6 %
[2023-08-27 22:46:44] PRINT Accuracy for class: frog  is 74.0 %
[2023-08-27 22:46:44] PRINT Accuracy for class: horse is 54.9 %
[2023-08-27 22:46:44] PRINT Accuracy for class: ship  is 42.1 %
[2023-08-27 22:46:44] PRINT Accuracy for class: truck is 66.0 %
